
*** Running vivado
    with args -log MIPSfpga_system_clk_wiz_0_0.vds -m64 -mode batch -messageDb vivado.pb -notrace -source MIPSfpga_system_clk_wiz_0_0.tcl

WARNING: Default location for XILINX_VIVADO_HLS not found: 

****** Vivado v2015.2 (64-bit)
  **** SW Build 1266856 on Fri Jun 26 16:35:25 MDT 2015
  **** IP Build 1264090 on Wed Jun 24 14:22:01 MDT 2015
    ** Copyright 1986-2015 Xilinx, Inc. All Rights Reserved.

source MIPSfpga_system_clk_wiz_0_0.tcl -notrace
INFO: [IP_Flow 19-234] Refreshing IP repositories
INFO: [IP_Flow 19-1700] Loaded user IP repository 'e:/Peripheral_Interface_lab/ip_repo'.
INFO: [IP_Flow 19-2313] Loaded Vivado IP repository 'D:/Xilinx/Vivado/2015.2/data/ip'.
WARNING: [IP_Flow 19-3664] IP 'MIPSfpga_system_clk_wiz_0_0' generated file not found 'e:/Peripheral_Interface_lab/MIPSfpga_keyboard/MIPSfpga_axi4.srcs/sources_1/bd/MIPSfpga_system/ip/MIPSfpga_system_clk_wiz_0_0/MIPSfpga_system_clk_wiz_0_0.dcp'. Please regenerate to continue.
WARNING: [IP_Flow 19-3664] IP 'MIPSfpga_system_clk_wiz_0_0' generated file not found 'e:/Peripheral_Interface_lab/MIPSfpga_keyboard/MIPSfpga_axi4.srcs/sources_1/bd/MIPSfpga_system/ip/MIPSfpga_system_clk_wiz_0_0/MIPSfpga_system_clk_wiz_0_0_stub.v'. Please regenerate to continue.
WARNING: [IP_Flow 19-3664] IP 'MIPSfpga_system_clk_wiz_0_0' generated file not found 'e:/Peripheral_Interface_lab/MIPSfpga_keyboard/MIPSfpga_axi4.srcs/sources_1/bd/MIPSfpga_system/ip/MIPSfpga_system_clk_wiz_0_0/MIPSfpga_system_clk_wiz_0_0_stub.vhdl'. Please regenerate to continue.
WARNING: [IP_Flow 19-3664] IP 'MIPSfpga_system_clk_wiz_0_0' generated file not found 'e:/Peripheral_Interface_lab/MIPSfpga_keyboard/MIPSfpga_axi4.srcs/sources_1/bd/MIPSfpga_system/ip/MIPSfpga_system_clk_wiz_0_0/MIPSfpga_system_clk_wiz_0_0_funcsim.v'. Please regenerate to continue.
WARNING: [IP_Flow 19-3664] IP 'MIPSfpga_system_clk_wiz_0_0' generated file not found 'e:/Peripheral_Interface_lab/MIPSfpga_keyboard/MIPSfpga_axi4.srcs/sources_1/bd/MIPSfpga_system/ip/MIPSfpga_system_clk_wiz_0_0/MIPSfpga_system_clk_wiz_0_0_funcsim.vhdl'. Please regenerate to continue.
Command: synth_design -top MIPSfpga_system_clk_wiz_0_0 -part xc7a100tcsg324-1 -mode out_of_context
Starting synth_design
Attempting to get a license for feature 'Synthesis' and/or device 'xc7a100t'
INFO: [Common 17-349] Got license for feature 'Synthesis' and/or device 'xc7a100t'
---------------------------------------------------------------------------------
Starting RTL Elaboration : Time (s): cpu = 00:00:14 ; elapsed = 00:00:18 . Memory (MB): peak = 251.535 ; gain = 75.559
---------------------------------------------------------------------------------
INFO: [Synth 8-638] synthesizing module 'MIPSfpga_system_clk_wiz_0_0' [e:/Peripheral_Interface_lab/MIPSfpga_keyboard/MIPSfpga_axi4.srcs/sources_1/bd/MIPSfpga_system/ip/MIPSfpga_system_clk_wiz_0_0/MIPSfpga_system_clk_wiz_0_0.v:70]
INFO: [Synth 8-638] synthesizing module 'MIPSfpga_system_clk_wiz_0_0_clk_wiz' [e:/Peripheral_Interface_lab/MIPSfpga_keyboard/MIPSfpga_axi4.srcs/sources_1/bd/MIPSfpga_system/ip/MIPSfpga_system_clk_wiz_0_0/MIPSfpga_system_clk_wiz_0_0_clk_wiz.v:68]
INFO: [Synth 8-638] synthesizing module 'IBUF' [D:/Xilinx/Vivado/2015.2/scripts/rt/data/unisim_comp.v:10256]
	Parameter CAPACITANCE bound to: DONT_CARE - type: string 
	Parameter IBUF_DELAY_VALUE bound to: 0 - type: string 
	Parameter IBUF_LOW_PWR bound to: TRUE - type: string 
	Parameter IFD_DELAY_VALUE bound to: AUTO - type: string 
	Parameter IOSTANDARD bound to: DEFAULT - type: string 
INFO: [Synth 8-256] done synthesizing module 'IBUF' (1#1) [D:/Xilinx/Vivado/2015.2/scripts/rt/data/unisim_comp.v:10256]
INFO: [Synth 8-638] synthesizing module 'PLLE2_ADV' [D:/Xilinx/Vivado/2015.2/scripts/rt/data/unisim_comp.v:26066]
	Parameter BANDWIDTH bound to: OPTIMIZED - type: string 
	Parameter CLKFBOUT_MULT bound to: 8 - type: integer 
	Parameter CLKFBOUT_PHASE bound to: 0.000000 - type: float 
	Parameter CLKIN1_PERIOD bound to: 10.000000 - type: float 
	Parameter CLKIN2_PERIOD bound to: 0.000000 - type: float 
	Parameter CLKOUT0_DIVIDE bound to: 16 - type: integer 
	Parameter CLKOUT0_DUTY_CYCLE bound to: 0.500000 - type: float 
	Parameter CLKOUT0_PHASE bound to: 0.000000 - type: float 
	Parameter CLKOUT1_DIVIDE bound to: 32 - type: integer 
	Parameter CLKOUT1_DUTY_CYCLE bound to: 0.500000 - type: float 
	Parameter CLKOUT1_PHASE bound to: 0.000000 - type: float 
	Parameter CLKOUT2_DIVIDE bound to: 1 - type: integer 
	Parameter CLKOUT2_DUTY_CYCLE bound to: 0.500000 - type: float 
	Parameter CLKOUT2_PHASE bound to: 0.000000 - type: float 
	Parameter CLKOUT3_DIVIDE bound to: 1 - type: integer 
	Parameter CLKOUT3_DUTY_CYCLE bound to: 0.500000 - type: float 
	Parameter CLKOUT3_PHASE bound to: 0.000000 - type: float 
	Parameter CLKOUT4_DIVIDE bound to: 1 - type: integer 
	Parameter CLKOUT4_DUTY_CYCLE bound to: 0.500000 - type: float 
	Parameter CLKOUT4_PHASE bound to: 0.000000 - type: float 
	Parameter CLKOUT5_DIVIDE bound to: 1 - type: integer 
	Parameter CLKOUT5_DUTY_CYCLE bound to: 0.500000 - type: float 
	Parameter CLKOUT5_PHASE bound to: 0.000000 - type: float 
	Parameter COMPENSATION bound to: ZHOLD - type: string 
	Parameter DIVCLK_DIVIDE bound to: 1 - type: integer 
	Parameter IS_CLKINSEL_INVERTED bound to: 1'b0 
	Parameter IS_PWRDWN_INVERTED bound to: 1'b0 
	Parameter IS_RST_INVERTED bound to: 1'b0 
	Parameter REF_JITTER1 bound to: 0.010000 - type: float 
	Parameter REF_JITTER2 bound to: 0.010000 - type: float 
	Parameter STARTUP_WAIT bound to: FALSE - type: string 
INFO: [Synth 8-256] done synthesizing module 'PLLE2_ADV' (2#1) [D:/Xilinx/Vivado/2015.2/scripts/rt/data/unisim_comp.v:26066]
INFO: [Synth 8-638] synthesizing module 'BUFG' [D:/Xilinx/Vivado/2015.2/scripts/rt/data/unisim_comp.v:607]
INFO: [Synth 8-256] done synthesizing module 'BUFG' (3#1) [D:/Xilinx/Vivado/2015.2/scripts/rt/data/unisim_comp.v:607]
INFO: [Synth 8-256] done synthesizing module 'MIPSfpga_system_clk_wiz_0_0_clk_wiz' (4#1) [e:/Peripheral_Interface_lab/MIPSfpga_keyboard/MIPSfpga_axi4.srcs/sources_1/bd/MIPSfpga_system/ip/MIPSfpga_system_clk_wiz_0_0/MIPSfpga_system_clk_wiz_0_0_clk_wiz.v:68]
INFO: [Synth 8-256] done synthesizing module 'MIPSfpga_system_clk_wiz_0_0' (5#1) [e:/Peripheral_Interface_lab/MIPSfpga_keyboard/MIPSfpga_axi4.srcs/sources_1/bd/MIPSfpga_system/ip/MIPSfpga_system_clk_wiz_0_0/MIPSfpga_system_clk_wiz_0_0.v:70]
---------------------------------------------------------------------------------
Finished RTL Elaboration : Time (s): cpu = 00:00:16 ; elapsed = 00:00:20 . Memory (MB): peak = 285.723 ; gain = 109.746
---------------------------------------------------------------------------------

Report Check Netlist: 
+------+------------------+-------+---------+-------+------------------+
|      |Item              |Errors |Warnings |Status |Description       |
+------+------------------+-------+---------+-------+------------------+
|1     |multi_driven_nets |      0|        0|Passed |Multi driven nets |
+------+------------------+-------+---------+-------+------------------+
---------------------------------------------------------------------------------
Finished RTL Optimization Phase 1 : Time (s): cpu = 00:00:17 ; elapsed = 00:00:21 . Memory (MB): peak = 285.723 ; gain = 109.746
---------------------------------------------------------------------------------
INFO: [Netlist 29-17] Analyzing 2 Unisim elements for replacement
INFO: [Netlist 29-28] Unisim Transformation completed in 0 CPU seconds
INFO: [Device 21-403] Loading part xc7a100tcsg324-1
INFO: [Project 1-570] Preparing netlist for logic optimization

Processing XDC Constraints
Initializing timing engine
Parsing XDC File [e:/Peripheral_Interface_lab/MIPSfpga_keyboard/MIPSfpga_axi4.srcs/sources_1/bd/MIPSfpga_system/ip/MIPSfpga_system_clk_wiz_0_0/MIPSfpga_system_clk_wiz_0_0_ooc.xdc] for cell 'inst'
Finished Parsing XDC File [e:/Peripheral_Interface_lab/MIPSfpga_keyboard/MIPSfpga_axi4.srcs/sources_1/bd/MIPSfpga_system/ip/MIPSfpga_system_clk_wiz_0_0/MIPSfpga_system_clk_wiz_0_0_ooc.xdc] for cell 'inst'
Parsing XDC File [e:/Peripheral_Interface_lab/MIPSfpga_keyboard/MIPSfpga_axi4.srcs/sources_1/bd/MIPSfpga_system/ip/MIPSfpga_system_clk_wiz_0_0/MIPSfpga_system_clk_wiz_0_0_board.xdc] for cell 'inst'
Finished Parsing XDC File [e:/Peripheral_Interface_lab/MIPSfpga_keyboard/MIPSfpga_axi4.srcs/sources_1/bd/MIPSfpga_system/ip/MIPSfpga_system_clk_wiz_0_0/MIPSfpga_system_clk_wiz_0_0_board.xdc] for cell 'inst'
Parsing XDC File [e:/Peripheral_Interface_lab/MIPSfpga_keyboard/MIPSfpga_axi4.srcs/sources_1/bd/MIPSfpga_system/ip/MIPSfpga_system_clk_wiz_0_0/MIPSfpga_system_clk_wiz_0_0.xdc] for cell 'inst'
Finished Parsing XDC File [e:/Peripheral_Interface_lab/MIPSfpga_keyboard/MIPSfpga_axi4.srcs/sources_1/bd/MIPSfpga_system/ip/MIPSfpga_system_clk_wiz_0_0/MIPSfpga_system_clk_wiz_0_0.xdc] for cell 'inst'
INFO: [Timing 38-2] Deriving generated clocks
INFO: [Project 1-236] Implementation specific constraints were found while reading constraint file [e:/Peripheral_Interface_lab/MIPSfpga_keyboard/MIPSfpga_axi4.srcs/sources_1/bd/MIPSfpga_system/ip/MIPSfpga_system_clk_wiz_0_0/MIPSfpga_system_clk_wiz_0_0.xdc]. These constraints will be ignored for synthesis but will be used in implementation. Impacted constraints are listed in the file [.Xil/MIPSfpga_system_clk_wiz_0_0_propImpl.xdc].
Resolution: To avoid this warning, move constraints listed in [.Xil/MIPSfpga_system_clk_wiz_0_0_propImpl.xdc] to another XDC file and exclude this new file from synthesis with the used_in_synthesis property (File Properties dialog in GUI) and re-run elaboration/synthesis.
Parsing XDC File [E:/Peripheral_Interface_lab/MIPSfpga_keyboard/MIPSfpga_axi4.runs/MIPSfpga_system_clk_wiz_0_0_synth_1/dont_touch.xdc]
Finished Parsing XDC File [E:/Peripheral_Interface_lab/MIPSfpga_keyboard/MIPSfpga_axi4.runs/MIPSfpga_system_clk_wiz_0_0_synth_1/dont_touch.xdc]
Completed Processing XDC Constraints

INFO: [Project 1-111] Unisim Transformation Summary:
No Unisim elements were transformed.

Constraint Validation Runtime : Time (s): cpu = 00:00:00 ; elapsed = 00:00:00.049 . Memory (MB): peak = 509.000 ; gain = 0.000
---------------------------------------------------------------------------------
Finished Constraint Validation : Time (s): cpu = 00:00:36 ; elapsed = 00:00:45 . Memory (MB): peak = 509.000 ; gain = 333.023
---------------------------------------------------------------------------------
---------------------------------------------------------------------------------
Start Loading Part and Timing Information
---------------------------------------------------------------------------------
Loading part: xc7a100tcsg324-1
---------------------------------------------------------------------------------
Finished Loading Part and Timing Information : Time (s): cpu = 00:00:36 ; elapsed = 00:00:45 . Memory (MB): peak = 509.000 ; gain = 333.023
---------------------------------------------------------------------------------
---------------------------------------------------------------------------------
Start Applying 'set_property' XDC Constraints
---------------------------------------------------------------------------------
Applied set_property DONT_TOUCH = true for inst. (constraint file  auto generated constraint, line ).
---------------------------------------------------------------------------------
Finished applying 'set_property' XDC Constraints : Time (s): cpu = 00:00:36 ; elapsed = 00:00:45 . Memory (MB): peak = 509.000 ; gain = 333.023
---------------------------------------------------------------------------------
---------------------------------------------------------------------------------
Finished RTL Optimization Phase 2 : Time (s): cpu = 00:00:37 ; elapsed = 00:00:45 . Memory (MB): peak = 509.000 ; gain = 333.023
---------------------------------------------------------------------------------

Report RTL Partitions: 
+-+--------------+------------+----------+
| |RTL Partition |Replication |Instances |
+-+--------------+------------+----------+
+-+--------------+------------+----------+
---------------------------------------------------------------------------------
Start RTL Component Statistics 
---------------------------------------------------------------------------------
Detailed RTL Component Info : 
---------------------------------------------------------------------------------
Finished RTL Component Statistics 
---------------------------------------------------------------------------------
---------------------------------------------------------------------------------
Start RTL Hierarchical Component Statistics 
---------------------------------------------------------------------------------
Hierarchical RTL Component report 
---------------------------------------------------------------------------------
Finished RTL Hierarchical Component Statistics
---------------------------------------------------------------------------------
---------------------------------------------------------------------------------
Start Part Resource Summary
---------------------------------------------------------------------------------
Part Resources:
DSPs: 240 (col length:80)
BRAMs: 270 (col length: RAMB18 80 RAMB36 40)
---------------------------------------------------------------------------------
Finished Part Resource Summary
---------------------------------------------------------------------------------
Start Parallel Synthesis Optimization  : Time (s): cpu = 00:00:37 ; elapsed = 00:00:46 . Memory (MB): peak = 509.000 ; gain = 333.023
---------------------------------------------------------------------------------
Start Cross Boundary Optimization
---------------------------------------------------------------------------------
---------------------------------------------------------------------------------
Finished Cross Boundary Optimization : Time (s): cpu = 00:00:37 ; elapsed = 00:00:46 . Memory (MB): peak = 509.000 ; gain = 333.023
---------------------------------------------------------------------------------
Finished Parallel Reinference  : Time (s): cpu = 00:00:37 ; elapsed = 00:00:46 . Memory (MB): peak = 509.000 ; gain = 333.023

Report RTL Partitions: 
+-+--------------+------------+----------+
| |RTL Partition |Replication |Instances |
+-+--------------+------------+----------+
+-+--------------+------------+----------+
---------------------------------------------------------------------------------
Start Area Optimization
---------------------------------------------------------------------------------
---------------------------------------------------------------------------------
Finished Area Optimization : Time (s): cpu = 00:00:37 ; elapsed = 00:00:46 . Memory (MB): peak = 509.000 ; gain = 333.023
---------------------------------------------------------------------------------
Finished Parallel Area Optimization  : Time (s): cpu = 00:00:37 ; elapsed = 00:00:46 . Memory (MB): peak = 509.000 ; gain = 333.023

Report RTL Partitions: 
+-+--------------+------------+----------+
| |RTL Partition |Replication |Instances |
+-+--------------+------------+----------+
+-+--------------+------------+----------+
Finished Parallel Synthesis Optimization  : Time (s): cpu = 00:00:37 ; elapsed = 00:00:46 . Memory (MB): peak = 509.000 ; gain = 333.023
---------------------------------------------------------------------------------
Start Timing Optimization
---------------------------------------------------------------------------------
---------------------------------------------------------------------------------
Start Applying XDC Timing Constraints
---------------------------------------------------------------------------------
---------------------------------------------------------------------------------
Finished Applying XDC Timing Constraints : Time (s): cpu = 00:01:10 ; elapsed = 00:01:22 . Memory (MB): peak = 535.051 ; gain = 359.074
---------------------------------------------------------------------------------
---------------------------------------------------------------------------------
Finished Timing Optimization : Time (s): cpu = 00:01:10 ; elapsed = 00:01:22 . Memory (MB): peak = 535.051 ; gain = 359.074
---------------------------------------------------------------------------------

Report RTL Partitions: 
+-+--------------+------------+----------+
| |RTL Partition |Replication |Instances |
+-+--------------+------------+----------+
+-+--------------+------------+----------+
---------------------------------------------------------------------------------
Start Technology Mapping
---------------------------------------------------------------------------------
---------------------------------------------------------------------------------
Finished Technology Mapping : Time (s): cpu = 00:01:10 ; elapsed = 00:01:22 . Memory (MB): peak = 544.684 ; gain = 368.707
---------------------------------------------------------------------------------

Report RTL Partitions: 
+-+--------------+------------+----------+
| |RTL Partition |Replication |Instances |
+-+--------------+------------+----------+
+-+--------------+------------+----------+
---------------------------------------------------------------------------------
Start IO Insertion
---------------------------------------------------------------------------------
---------------------------------------------------------------------------------
Start Final Netlist Cleanup
---------------------------------------------------------------------------------
---------------------------------------------------------------------------------
Finished Final Netlist Cleanup
---------------------------------------------------------------------------------
---------------------------------------------------------------------------------
Finished IO Insertion : Time (s): cpu = 00:01:11 ; elapsed = 00:01:23 . Memory (MB): peak = 544.684 ; gain = 368.707
---------------------------------------------------------------------------------

Report Check Netlist: 
+------+------------------+-------+---------+-------+------------------+
|      |Item              |Errors |Warnings |Status |Description       |
+------+------------------+-------+---------+-------+------------------+
|1     |multi_driven_nets |      0|        0|Passed |Multi driven nets |
+------+------------------+-------+---------+-------+------------------+
---------------------------------------------------------------------------------
Start Renaming Generated Instances
---------------------------------------------------------------------------------
---------------------------------------------------------------------------------
Finished Renaming Generated Instances : Time (s): cpu = 00:01:11 ; elapsed = 00:01:23 . Memory (MB): peak = 544.684 ; gain = 368.707
---------------------------------------------------------------------------------

Report RTL Partitions: 
+-+--------------+------------+----------+
| |RTL Partition |Replication |Instances |
+-+--------------+------------+----------+
+-+--------------+------------+----------+
---------------------------------------------------------------------------------
Start Rebuilding User Hierarchy
---------------------------------------------------------------------------------
---------------------------------------------------------------------------------
Finished Rebuilding User Hierarchy : Time (s): cpu = 00:01:11 ; elapsed = 00:01:23 . Memory (MB): peak = 544.684 ; gain = 368.707
---------------------------------------------------------------------------------
---------------------------------------------------------------------------------
Start Renaming Generated Ports : Time (s): cpu = 00:01:11 ; elapsed = 00:01:23 . Memory (MB): peak = 544.684 ; gain = 368.707
---------------------------------------------------------------------------------
---------------------------------------------------------------------------------
Finished Renaming Generated Ports : Time (s): cpu = 00:01:11 ; elapsed = 00:01:23 . Memory (MB): peak = 544.684 ; gain = 368.707
---------------------------------------------------------------------------------
---------------------------------------------------------------------------------
Start Writing Synthesis Report
---------------------------------------------------------------------------------

Report BlackBoxes: 
+-+--------------+----------+
| |BlackBox name |Instances |
+-+--------------+----------+
+-+--------------+----------+

Report Cell Usage: 
+------+----------+------+
|      |Cell      |Count |
+------+----------+------+
|1     |BUFG      |     3|
|2     |PLLE2_ADV |     1|
|3     |IBUF      |     1|
+------+----------+------+

Report Instance Areas: 
+------+---------+------------------------------------+------+
|      |Instance |Module                              |Cells |
+------+---------+------------------------------------+------+
|1     |top      |                                    |     5|
|2     |  inst   |MIPSfpga_system_clk_wiz_0_0_clk_wiz |     5|
+------+---------+------------------------------------+------+
---------------------------------------------------------------------------------
Finished Writing Synthesis Report : Time (s): cpu = 00:01:12 ; elapsed = 00:01:24 . Memory (MB): peak = 544.684 ; gain = 368.707
---------------------------------------------------------------------------------
Synthesis finished with 0 errors, 0 critical warnings and 0 warnings.
Synthesis Optimization Runtime : Time (s): cpu = 00:00:42 ; elapsed = 00:00:57 . Memory (MB): peak = 544.684 ; gain = 119.500
Synthesis Optimization Complete : Time (s): cpu = 00:01:12 ; elapsed = 00:01:24 . Memory (MB): peak = 544.684 ; gain = 368.707
INFO: [Project 1-571] Translating synthesized netlist
INFO: [Netlist 29-17] Analyzing 2 Unisim elements for replacement
INFO: [Netlist 29-28] Unisim Transformation completed in 0 CPU seconds
INFO: [Project 1-570] Preparing netlist for logic optimization
Parsing XDC File [e:/Peripheral_Interface_lab/MIPSfpga_keyboard/MIPSfpga_axi4.srcs/sources_1/bd/MIPSfpga_system/ip/MIPSfpga_system_clk_wiz_0_0/MIPSfpga_system_clk_wiz_0_0_ooc.xdc] for cell 'inst'
Finished Parsing XDC File [e:/Peripheral_Interface_lab/MIPSfpga_keyboard/MIPSfpga_axi4.srcs/sources_1/bd/MIPSfpga_system/ip/MIPSfpga_system_clk_wiz_0_0/MIPSfpga_system_clk_wiz_0_0_ooc.xdc] for cell 'inst'
Parsing XDC File [e:/Peripheral_Interface_lab/MIPSfpga_keyboard/MIPSfpga_axi4.srcs/sources_1/bd/MIPSfpga_system/ip/MIPSfpga_system_clk_wiz_0_0/MIPSfpga_system_clk_wiz_0_0_board.xdc] for cell 'inst'
Finished Parsing XDC File [e:/Peripheral_Interface_lab/MIPSfpga_keyboard/MIPSfpga_axi4.srcs/sources_1/bd/MIPSfpga_system/ip/MIPSfpga_system_clk_wiz_0_0/MIPSfpga_system_clk_wiz_0_0_board.xdc] for cell 'inst'
Parsing XDC File [e:/Peripheral_Interface_lab/MIPSfpga_keyboard/MIPSfpga_axi4.srcs/sources_1/bd/MIPSfpga_system/ip/MIPSfpga_system_clk_wiz_0_0/MIPSfpga_system_clk_wiz_0_0.xdc] for cell 'inst'
INFO: [Timing 38-35] Done setting XDC timing constraints. [e:/Peripheral_Interface_lab/MIPSfpga_keyboard/MIPSfpga_axi4.srcs/sources_1/bd/MIPSfpga_system/ip/MIPSfpga_system_clk_wiz_0_0/MIPSfpga_system_clk_wiz_0_0.xdc:56]
INFO: [Timing 38-2] Deriving generated clocks [e:/Peripheral_Interface_lab/MIPSfpga_keyboard/MIPSfpga_axi4.srcs/sources_1/bd/MIPSfpga_system/ip/MIPSfpga_system_clk_wiz_0_0/MIPSfpga_system_clk_wiz_0_0.xdc:56]
get_clocks: Time (s): cpu = 00:00:38 ; elapsed = 00:00:42 . Memory (MB): peak = 889.840 ; gain = 345.156
Finished Parsing XDC File [e:/Peripheral_Interface_lab/MIPSfpga_keyboard/MIPSfpga_axi4.srcs/sources_1/bd/MIPSfpga_system/ip/MIPSfpga_system_clk_wiz_0_0/MIPSfpga_system_clk_wiz_0_0.xdc] for cell 'inst'
INFO: [Opt 31-138] Pushed 0 inverter(s) to 0 load pin(s).
INFO: [Project 1-111] Unisim Transformation Summary:
No Unisim elements were transformed.

INFO: [Common 17-83] Releasing license: Synthesis
30 Infos, 5 Warnings, 0 Critical Warnings and 0 Errors encountered.
synth_design completed successfully
synth_design: Time (s): cpu = 00:01:46 ; elapsed = 00:02:00 . Memory (MB): peak = 889.840 ; gain = 687.934
report_utilization: Time (s): cpu = 00:00:00 ; elapsed = 00:00:00.138 . Memory (MB): peak = 889.840 ; gain = 0.000
INFO: [Common 17-206] Exiting Vivado at Wed Jun 20 20:41:33 2018...
