Duplicated file found; will not be sent for synthesis: e:/Peripheral_Interface_lab6/MIPSfpga_keyboard/MIPSfpga_axi4.srcs/sources_1/ipshared/xilinx.com/blk_mem_gen_v8_2/7b054ed9/hdl/blk_mem_gen_v8_2_vhsyn_rfs.vhd
Duplicated file found; will not be sent for synthesis: e:/Peripheral_Interface_lab6/MIPSfpga_keyboard/MIPSfpga_axi4.srcs/sources_1/ipshared/xilinx.com/blk_mem_gen_v8_2/7b054ed9/hdl/blk_mem_gen_v8_2.vhd
Duplicated file found; will not be sent for synthesis: e:/Peripheral_Interface_lab6/MIPSfpga_keyboard/MIPSfpga_axi4.srcs/sources_1/ipshared/xilinx.com/blk_mem_gen_v8_2/7b054ed9/hdl/blk_mem_gen_v8_2_vhsyn_rfs.vhd
Duplicated file found; will not be sent for synthesis: e:/Peripheral_Interface_lab6/MIPSfpga_keyboard/MIPSfpga_axi4.srcs/sources_1/ipshared/xilinx.com/blk_mem_gen_v8_2/7b054ed9/hdl/blk_mem_gen_v8_2.vhd
Duplicated file found; will not be sent for synthesis: e:/Peripheral_Interface_lab6/MIPSfpga_keyboard/MIPSfpga_axi4.srcs/sources_1/ipshared/xilinx.com/xlconstant_v1_1/36911fd5/xlconstant.v
Duplicated file found; will not be sent for synthesis: e:/Peripheral_Interface_lab6/MIPSfpga_keyboard/MIPSfpga_axi4.srcs/sources_1/ipshared/xilinx.com/xlconstant_v1_1/36911fd5/xlconstant.v
Duplicated file found; will not be sent for synthesis: e:/Peripheral_Interface_lab6/MIPSfpga_keyboard/MIPSfpga_axi4.srcs/sources_1/ipshared/xilinx.com/util_vector_logic_v2_0/5ac42227/hdl/util_vector_logic.vhd
Duplicated file found; will not be sent for synthesis: e:/Peripheral_Interface_lab6/MIPSfpga_keyboard/MIPSfpga_axi4.srcs/sources_1/ipshared/xilinx.com/axi_lite_ipif_v3_0/876b8fe4/hdl/src/vhdl/ipif_pkg.vhd
Duplicated file found; will not be sent for synthesis: e:/Peripheral_Interface_lab6/MIPSfpga_keyboard/MIPSfpga_axi4.srcs/sources_1/ipshared/xilinx.com/axi_lite_ipif_v3_0/876b8fe4/hdl/src/vhdl/pselect_f.vhd
Duplicated file found; will not be sent for synthesis: e:/Peripheral_Interface_lab6/MIPSfpga_keyboard/MIPSfpga_axi4.srcs/sources_1/ipshared/xilinx.com/axi_lite_ipif_v3_0/876b8fe4/hdl/src/vhdl/address_decoder.vhd
Duplicated file found; will not be sent for synthesis: e:/Peripheral_Interface_lab6/MIPSfpga_keyboard/MIPSfpga_axi4.srcs/sources_1/ipshared/xilinx.com/axi_lite_ipif_v3_0/876b8fe4/hdl/src/vhdl/slave_attachment.vhd
Duplicated file found; will not be sent for synthesis: e:/Peripheral_Interface_lab6/MIPSfpga_keyboard/MIPSfpga_axi4.srcs/sources_1/ipshared/xilinx.com/axi_lite_ipif_v3_0/876b8fe4/hdl/src/vhdl/axi_lite_ipif.vhd
Duplicated file found; will not be sent for synthesis: e:/Peripheral_Interface_lab6/MIPSfpga_keyboard/MIPSfpga_axi4.srcs/sources_1/ipshared/xilinx.com/lib_cdc_v1_0/ea79928f/hdl/src/vhdl/cdc_sync.vhd
Duplicated file found; will not be sent for synthesis: e:/Peripheral_Interface_lab6/MIPSfpga_keyboard/MIPSfpga_axi4.srcs/sources_1/ipshared/xilinx.com/xlconstant_v1_1/36911fd5/xlconstant.v
Duplicated file found; will not be sent for synthesis: e:/Peripheral_Interface_lab6/MIPSfpga_keyboard/MIPSfpga_axi4.srcs/sources_1/ipshared/xilinx.com/axi_bram_ctrl_v4_0/3dec2f5b/hdl/vhdl/srl_fifo.vhd
Duplicated file found; will not be sent for synthesis: e:/Peripheral_Interface_lab6/MIPSfpga_keyboard/MIPSfpga_axi4.srcs/sources_1/ipshared/xilinx.com/axi_bram_ctrl_v4_0/3dec2f5b/hdl/vhdl/axi_bram_ctrl_funcs.vhd
Duplicated file found; will not be sent for synthesis: e:/Peripheral_Interface_lab6/MIPSfpga_keyboard/MIPSfpga_axi4.srcs/sources_1/ipshared/xilinx.com/axi_bram_ctrl_v4_0/3dec2f5b/hdl/vhdl/coregen_comp_defs.vhd
Duplicated file found; will not be sent for synthesis: e:/Peripheral_Interface_lab6/MIPSfpga_keyboard/MIPSfpga_axi4.srcs/sources_1/ipshared/xilinx.com/axi_bram_ctrl_v4_0/3dec2f5b/hdl/vhdl/axi_lite_if.vhd
Duplicated file found; will not be sent for synthesis: e:/Peripheral_Interface_lab6/MIPSfpga_keyboard/MIPSfpga_axi4.srcs/sources_1/ipshared/xilinx.com/axi_bram_ctrl_v4_0/3dec2f5b/hdl/vhdl/checkbit_handler_64.vhd
Duplicated file found; will not be sent for synthesis: e:/Peripheral_Interface_lab6/MIPSfpga_keyboard/MIPSfpga_axi4.srcs/sources_1/ipshared/xilinx.com/axi_bram_ctrl_v4_0/3dec2f5b/hdl/vhdl/checkbit_handler.vhd
Duplicated file found; will not be sent for synthesis: e:/Peripheral_Interface_lab6/MIPSfpga_keyboard/MIPSfpga_axi4.srcs/sources_1/ipshared/xilinx.com/axi_bram_ctrl_v4_0/3dec2f5b/hdl/vhdl/correct_one_bit_64.vhd
Duplicated file found; will not be sent for synthesis: e:/Peripheral_Interface_lab6/MIPSfpga_keyboard/MIPSfpga_axi4.srcs/sources_1/ipshared/xilinx.com/axi_bram_ctrl_v4_0/3dec2f5b/hdl/vhdl/correct_one_bit.vhd
Duplicated file found; will not be sent for synthesis: e:/Peripheral_Interface_lab6/MIPSfpga_keyboard/MIPSfpga_axi4.srcs/sources_1/ipshared/xilinx.com/axi_bram_ctrl_v4_0/3dec2f5b/hdl/vhdl/xor18.vhd
Duplicated file found; will not be sent for synthesis: e:/Peripheral_Interface_lab6/MIPSfpga_keyboard/MIPSfpga_axi4.srcs/sources_1/ipshared/xilinx.com/axi_bram_ctrl_v4_0/3dec2f5b/hdl/vhdl/parity.vhd
Duplicated file found; will not be sent for synthesis: e:/Peripheral_Interface_lab6/MIPSfpga_keyboard/MIPSfpga_axi4.srcs/sources_1/ipshared/xilinx.com/axi_bram_ctrl_v4_0/3dec2f5b/hdl/vhdl/ecc_gen.vhd
Duplicated file found; will not be sent for synthesis: e:/Peripheral_Interface_lab6/MIPSfpga_keyboard/MIPSfpga_axi4.srcs/sources_1/ipshared/xilinx.com/axi_bram_ctrl_v4_0/3dec2f5b/hdl/vhdl/lite_ecc_reg.vhd
Duplicated file found; will not be sent for synthesis: e:/Peripheral_Interface_lab6/MIPSfpga_keyboard/MIPSfpga_axi4.srcs/sources_1/ipshared/xilinx.com/axi_bram_ctrl_v4_0/3dec2f5b/hdl/vhdl/axi_lite.vhd
Duplicated file found; will not be sent for synthesis: e:/Peripheral_Interface_lab6/MIPSfpga_keyboard/MIPSfpga_axi4.srcs/sources_1/ipshared/xilinx.com/axi_bram_ctrl_v4_0/3dec2f5b/hdl/vhdl/sng_port_arb.vhd
Duplicated file found; will not be sent for synthesis: e:/Peripheral_Interface_lab6/MIPSfpga_keyboard/MIPSfpga_axi4.srcs/sources_1/ipshared/xilinx.com/axi_bram_ctrl_v4_0/3dec2f5b/hdl/vhdl/ua_narrow.vhd
Duplicated file found; will not be sent for synthesis: e:/Peripheral_Interface_lab6/MIPSfpga_keyboard/MIPSfpga_axi4.srcs/sources_1/ipshared/xilinx.com/axi_bram_ctrl_v4_0/3dec2f5b/hdl/vhdl/wrap_brst.vhd
Duplicated file found; will not be sent for synthesis: e:/Peripheral_Interface_lab6/MIPSfpga_keyboard/MIPSfpga_axi4.srcs/sources_1/ipshared/xilinx.com/axi_bram_ctrl_v4_0/3dec2f5b/hdl/vhdl/rd_chnl.vhd
Duplicated file found; will not be sent for synthesis: e:/Peripheral_Interface_lab6/MIPSfpga_keyboard/MIPSfpga_axi4.srcs/sources_1/ipshared/xilinx.com/axi_bram_ctrl_v4_0/3dec2f5b/hdl/vhdl/wr_chnl.vhd
Duplicated file found; will not be sent for synthesis: e:/Peripheral_Interface_lab6/MIPSfpga_keyboard/MIPSfpga_axi4.srcs/sources_1/ipshared/xilinx.com/axi_bram_ctrl_v4_0/3dec2f5b/hdl/vhdl/full_axi.vhd
Duplicated file found; will not be sent for synthesis: e:/Peripheral_Interface_lab6/MIPSfpga_keyboard/MIPSfpga_axi4.srcs/sources_1/ipshared/xilinx.com/axi_bram_ctrl_v4_0/3dec2f5b/hdl/vhdl/axi_bram_ctrl_top.vhd
Duplicated file found; will not be sent for synthesis: e:/Peripheral_Interface_lab6/MIPSfpga_keyboard/MIPSfpga_axi4.srcs/sources_1/ipshared/xilinx.com/axi_bram_ctrl_v4_0/3dec2f5b/hdl/vhdl/axi_bram_ctrl.vhd
Duplicated file found; will not be sent for synthesis: e:/Peripheral_Interface_lab6/MIPSfpga_keyboard/MIPSfpga_axi4.srcs/sources_1/ipshared/xilinx.com/blk_mem_gen_v8_2/7b054ed9/hdl/blk_mem_gen_v8_2_vhsyn_rfs.vhd
Duplicated file found; will not be sent for synthesis: e:/Peripheral_Interface_lab6/MIPSfpga_keyboard/MIPSfpga_axi4.srcs/sources_1/ipshared/xilinx.com/blk_mem_gen_v8_2/7b054ed9/hdl/blk_mem_gen_v8_2.vhd
Duplicated file found; will not be sent for synthesis: e:/Peripheral_Interface_lab6/MIPSfpga_keyboard/MIPSfpga_axi4.srcs/sources_1/ipshared/xilinx.com/blk_mem_gen_v8_2/7b054ed9/hdl/blk_mem_gen_v8_2_vhsyn_rfs.vhd
Duplicated file found; will not be sent for synthesis: e:/Peripheral_Interface_lab6/MIPSfpga_keyboard/MIPSfpga_axi4.srcs/sources_1/ipshared/xilinx.com/blk_mem_gen_v8_2/7b054ed9/hdl/blk_mem_gen_v8_2.vhd
Duplicated file found; will not be sent for synthesis: e:/Peripheral_Interface_lab6/MIPSfpga_keyboard/MIPSfpga_axi4.srcs/sources_1/ipshared/xilinx.com/lib_pkg_v1_0/22b9c58c/hdl/src/vhdl/lib_pkg.vhd
Duplicated file found; will not be sent for synthesis: e:/Peripheral_Interface_lab6/MIPSfpga_keyboard/MIPSfpga_axi4.srcs/sources_1/ipshared/xilinx.com/lib_cdc_v1_0/ea79928f/hdl/src/vhdl/cdc_sync.vhd
Duplicated file found; will not be sent for synthesis: e:/Peripheral_Interface_lab6/MIPSfpga_keyboard/MIPSfpga_axi4.srcs/sources_1/ipshared/xilinx.com/axi_lite_ipif_v3_0/876b8fe4/hdl/src/vhdl/ipif_pkg.vhd
Duplicated file found; will not be sent for synthesis: e:/Peripheral_Interface_lab6/MIPSfpga_keyboard/MIPSfpga_axi4.srcs/sources_1/ipshared/xilinx.com/axi_lite_ipif_v3_0/876b8fe4/hdl/src/vhdl/pselect_f.vhd
Duplicated file found; will not be sent for synthesis: e:/Peripheral_Interface_lab6/MIPSfpga_keyboard/MIPSfpga_axi4.srcs/sources_1/ipshared/xilinx.com/axi_lite_ipif_v3_0/876b8fe4/hdl/src/vhdl/address_decoder.vhd
Duplicated file found; will not be sent for synthesis: e:/Peripheral_Interface_lab6/MIPSfpga_keyboard/MIPSfpga_axi4.srcs/sources_1/ipshared/xilinx.com/axi_lite_ipif_v3_0/876b8fe4/hdl/src/vhdl/slave_attachment.vhd
Duplicated file found; will not be sent for synthesis: e:/Peripheral_Interface_lab6/MIPSfpga_keyboard/MIPSfpga_axi4.srcs/sources_1/ipshared/xilinx.com/axi_lite_ipif_v3_0/876b8fe4/hdl/src/vhdl/axi_lite_ipif.vhd
Duplicated file found; will not be sent for synthesis: e:/Peripheral_Interface_lab6/MIPSfpga_keyboard/MIPSfpga_axi4.srcs/sources_1/ipshared/xilinx.com/interrupt_control_v3_1/dd9a9dbd/hdl/src/vhdl/interrupt_control.vhd
Duplicated file found; will not be sent for synthesis: e:/Peripheral_Interface_lab6/MIPSfpga_keyboard/MIPSfpga_axi4.srcs/sources_1/ipshared/xilinx.com/util_vector_logic_v2_0/5ac42227/hdl/util_vector_logic.vhd
Duplicated file found; will not be sent for synthesis: e:/Peripheral_Interface_lab6/MIPSfpga_keyboard/MIPSfpga_axi4.srcs/sources_1/ipshared/xilinx.com/generic_baseblocks_v2_1/da89d453/hdl/verilog/generic_baseblocks_v2_1_carry_and.v
Duplicated file found; will not be sent for synthesis: e:/Peripheral_Interface_lab6/MIPSfpga_keyboard/MIPSfpga_axi4.srcs/sources_1/ipshared/xilinx.com/generic_baseblocks_v2_1/da89d453/hdl/verilog/generic_baseblocks_v2_1_carry_latch_and.v
Duplicated file found; will not be sent for synthesis: e:/Peripheral_Interface_lab6/MIPSfpga_keyboard/MIPSfpga_axi4.srcs/sources_1/ipshared/xilinx.com/generic_baseblocks_v2_1/da89d453/hdl/verilog/generic_baseblocks_v2_1_carry_latch_or.v
Duplicated file found; will not be sent for synthesis: e:/Peripheral_Interface_lab6/MIPSfpga_keyboard/MIPSfpga_axi4.srcs/sources_1/ipshared/xilinx.com/generic_baseblocks_v2_1/da89d453/hdl/verilog/generic_baseblocks_v2_1_carry_or.v
Duplicated file found; will not be sent for synthesis: e:/Peripheral_Interface_lab6/MIPSfpga_keyboard/MIPSfpga_axi4.srcs/sources_1/ipshared/xilinx.com/generic_baseblocks_v2_1/da89d453/hdl/verilog/generic_baseblocks_v2_1_carry.v
Duplicated file found; will not be sent for synthesis: e:/Peripheral_Interface_lab6/MIPSfpga_keyboard/MIPSfpga_axi4.srcs/sources_1/ipshared/xilinx.com/generic_baseblocks_v2_1/da89d453/hdl/verilog/generic_baseblocks_v2_1_command_fifo.v
Duplicated file found; will not be sent for synthesis: e:/Peripheral_Interface_lab6/MIPSfpga_keyboard/MIPSfpga_axi4.srcs/sources_1/ipshared/xilinx.com/generic_baseblocks_v2_1/da89d453/hdl/verilog/generic_baseblocks_v2_1_comparator_mask_static.v
Duplicated file found; will not be sent for synthesis: e:/Peripheral_Interface_lab6/MIPSfpga_keyboard/MIPSfpga_axi4.srcs/sources_1/ipshared/xilinx.com/generic_baseblocks_v2_1/da89d453/hdl/verilog/generic_baseblocks_v2_1_comparator_mask.v
Duplicated file found; will not be sent for synthesis: e:/Peripheral_Interface_lab6/MIPSfpga_keyboard/MIPSfpga_axi4.srcs/sources_1/ipshared/xilinx.com/generic_baseblocks_v2_1/da89d453/hdl/verilog/generic_baseblocks_v2_1_comparator_sel_mask_static.v
Duplicated file found; will not be sent for synthesis: e:/Peripheral_Interface_lab6/MIPSfpga_keyboard/MIPSfpga_axi4.srcs/sources_1/ipshared/xilinx.com/generic_baseblocks_v2_1/da89d453/hdl/verilog/generic_baseblocks_v2_1_comparator_sel_mask.v
Duplicated file found; will not be sent for synthesis: e:/Peripheral_Interface_lab6/MIPSfpga_keyboard/MIPSfpga_axi4.srcs/sources_1/ipshared/xilinx.com/generic_baseblocks_v2_1/da89d453/hdl/verilog/generic_baseblocks_v2_1_comparator_sel_static.v
Duplicated file found; will not be sent for synthesis: e:/Peripheral_Interface_lab6/MIPSfpga_keyboard/MIPSfpga_axi4.srcs/sources_1/ipshared/xilinx.com/generic_baseblocks_v2_1/da89d453/hdl/verilog/generic_baseblocks_v2_1_comparator_sel.v
Duplicated file found; will not be sent for synthesis: e:/Peripheral_Interface_lab6/MIPSfpga_keyboard/MIPSfpga_axi4.srcs/sources_1/ipshared/xilinx.com/generic_baseblocks_v2_1/da89d453/hdl/verilog/generic_baseblocks_v2_1_comparator_static.v
Duplicated file found; will not be sent for synthesis: e:/Peripheral_Interface_lab6/MIPSfpga_keyboard/MIPSfpga_axi4.srcs/sources_1/ipshared/xilinx.com/generic_baseblocks_v2_1/da89d453/hdl/verilog/generic_baseblocks_v2_1_comparator.v
Duplicated file found; will not be sent for synthesis: e:/Peripheral_Interface_lab6/MIPSfpga_keyboard/MIPSfpga_axi4.srcs/sources_1/ipshared/xilinx.com/generic_baseblocks_v2_1/da89d453/hdl/verilog/generic_baseblocks_v2_1_mux_enc.v
Duplicated file found; will not be sent for synthesis: e:/Peripheral_Interface_lab6/MIPSfpga_keyboard/MIPSfpga_axi4.srcs/sources_1/ipshared/xilinx.com/generic_baseblocks_v2_1/da89d453/hdl/verilog/generic_baseblocks_v2_1_mux.v
Duplicated file found; will not be sent for synthesis: e:/Peripheral_Interface_lab6/MIPSfpga_keyboard/MIPSfpga_axi4.srcs/sources_1/ipshared/xilinx.com/generic_baseblocks_v2_1/da89d453/hdl/verilog/generic_baseblocks_v2_1_nto1_mux.v
Duplicated file found; will not be sent for synthesis: e:/Peripheral_Interface_lab6/MIPSfpga_keyboard/MIPSfpga_axi4.srcs/sources_1/ipshared/xilinx.com/axi_data_fifo_v2_1/82d298e6/hdl/verilog/axi_data_fifo_v2_1_axic_fifo.v
Duplicated file found; will not be sent for synthesis: e:/Peripheral_Interface_lab6/MIPSfpga_keyboard/MIPSfpga_axi4.srcs/sources_1/ipshared/xilinx.com/axi_data_fifo_v2_1/82d298e6/hdl/verilog/axi_data_fifo_v2_1_fifo_gen.v
Duplicated file found; will not be sent for synthesis: e:/Peripheral_Interface_lab6/MIPSfpga_keyboard/MIPSfpga_axi4.srcs/sources_1/ipshared/xilinx.com/axi_data_fifo_v2_1/82d298e6/hdl/verilog/axi_data_fifo_v2_1_axic_srl_fifo.v
Duplicated file found; will not be sent for synthesis: e:/Peripheral_Interface_lab6/MIPSfpga_keyboard/MIPSfpga_axi4.srcs/sources_1/ipshared/xilinx.com/axi_data_fifo_v2_1/82d298e6/hdl/verilog/axi_data_fifo_v2_1_axic_reg_srl_fifo.v
Duplicated file found; will not be sent for synthesis: e:/Peripheral_Interface_lab6/MIPSfpga_keyboard/MIPSfpga_axi4.srcs/sources_1/ipshared/xilinx.com/axi_data_fifo_v2_1/82d298e6/hdl/verilog/axi_data_fifo_v2_1_ndeep_srl.v
Duplicated file found; will not be sent for synthesis: e:/Peripheral_Interface_lab6/MIPSfpga_keyboard/MIPSfpga_axi4.srcs/sources_1/ipshared/xilinx.com/axi_data_fifo_v2_1/82d298e6/hdl/verilog/axi_data_fifo_v2_1_axi_data_fifo.v
Duplicated file found; will not be sent for synthesis: e:/Peripheral_Interface_lab6/MIPSfpga_keyboard/MIPSfpga_axi4.srcs/sources_1/ipshared/xilinx.com/axi_infrastructure_v1_1/cf21a66f/hdl/verilog/axi_infrastructure_v1_1_header.vh
Duplicated file found; will not be sent for synthesis: e:/Peripheral_Interface_lab6/MIPSfpga_keyboard/MIPSfpga_axi4.srcs/sources_1/ipshared/xilinx.com/axi_infrastructure_v1_1/cf21a66f/hdl/verilog/axi_infrastructure_v1_1_axi2vector.v
Duplicated file found; will not be sent for synthesis: e:/Peripheral_Interface_lab6/MIPSfpga_keyboard/MIPSfpga_axi4.srcs/sources_1/ipshared/xilinx.com/axi_infrastructure_v1_1/cf21a66f/hdl/verilog/axi_infrastructure_v1_1_axic_srl_fifo.v
Duplicated file found; will not be sent for synthesis: e:/Peripheral_Interface_lab6/MIPSfpga_keyboard/MIPSfpga_axi4.srcs/sources_1/ipshared/xilinx.com/axi_infrastructure_v1_1/cf21a66f/hdl/verilog/axi_infrastructure_v1_1_vector2axi.v
Duplicated file found; will not be sent for synthesis: e:/Peripheral_Interface_lab6/MIPSfpga_keyboard/MIPSfpga_axi4.srcs/sources_1/ipshared/xilinx.com/axi_register_slice_v2_1/03a8e0ba/hdl/verilog/axi_register_slice_v2_1_axic_register_slice.v
Duplicated file found; will not be sent for synthesis: e:/Peripheral_Interface_lab6/MIPSfpga_keyboard/MIPSfpga_axi4.srcs/sources_1/ipshared/xilinx.com/axi_register_slice_v2_1/03a8e0ba/hdl/verilog/axi_register_slice_v2_1_axi_register_slice.v
Duplicated file found; will not be sent for synthesis: e:/Peripheral_Interface_lab6/MIPSfpga_keyboard/MIPSfpga_axi4.srcs/sources_1/ipshared/xilinx.com/blk_mem_gen_v8_2/7b054ed9/hdl/blk_mem_gen_v8_2_vhsyn_rfs.vhd
Duplicated file found; will not be sent for synthesis: e:/Peripheral_Interface_lab6/MIPSfpga_keyboard/MIPSfpga_axi4.srcs/sources_1/ipshared/xilinx.com/blk_mem_gen_v8_2/7b054ed9/hdl/blk_mem_gen_v8_2.vhd
Duplicated file found; will not be sent for synthesis: e:/Peripheral_Interface_lab6/MIPSfpga_keyboard/MIPSfpga_axi4.srcs/sources_1/ipshared/xilinx.com/fifo_generator_v12_0/15467f24/hdl/fifo_generator_v12_0_vhsyn_rfs.vhd
Duplicated file found; will not be sent for synthesis: e:/Peripheral_Interface_lab6/MIPSfpga_keyboard/MIPSfpga_axi4.srcs/sources_1/ipshared/xilinx.com/fifo_generator_v12_0/15467f24/hdl/fifo_generator_v12_0.vhd
Duplicated file found; will not be sent for synthesis: e:/Peripheral_Interface_lab6/MIPSfpga_keyboard/MIPSfpga_axi4.srcs/sources_1/ipshared/xilinx.com/generic_baseblocks_v2_1/da89d453/hdl/verilog/generic_baseblocks_v2_1_carry_and.v
Duplicated file found; will not be sent for synthesis: e:/Peripheral_Interface_lab6/MIPSfpga_keyboard/MIPSfpga_axi4.srcs/sources_1/ipshared/xilinx.com/generic_baseblocks_v2_1/da89d453/hdl/verilog/generic_baseblocks_v2_1_carry_latch_and.v
Duplicated file found; will not be sent for synthesis: e:/Peripheral_Interface_lab6/MIPSfpga_keyboard/MIPSfpga_axi4.srcs/sources_1/ipshared/xilinx.com/generic_baseblocks_v2_1/da89d453/hdl/verilog/generic_baseblocks_v2_1_carry_latch_or.v
Duplicated file found; will not be sent for synthesis: e:/Peripheral_Interface_lab6/MIPSfpga_keyboard/MIPSfpga_axi4.srcs/sources_1/ipshared/xilinx.com/generic_baseblocks_v2_1/da89d453/hdl/verilog/generic_baseblocks_v2_1_carry_or.v
Duplicated file found; will not be sent for synthesis: e:/Peripheral_Interface_lab6/MIPSfpga_keyboard/MIPSfpga_axi4.srcs/sources_1/ipshared/xilinx.com/generic_baseblocks_v2_1/da89d453/hdl/verilog/generic_baseblocks_v2_1_carry.v
Duplicated file found; will not be sent for synthesis: e:/Peripheral_Interface_lab6/MIPSfpga_keyboard/MIPSfpga_axi4.srcs/sources_1/ipshared/xilinx.com/generic_baseblocks_v2_1/da89d453/hdl/verilog/generic_baseblocks_v2_1_command_fifo.v
Duplicated file found; will not be sent for synthesis: e:/Peripheral_Interface_lab6/MIPSfpga_keyboard/MIPSfpga_axi4.srcs/sources_1/ipshared/xilinx.com/generic_baseblocks_v2_1/da89d453/hdl/verilog/generic_baseblocks_v2_1_comparator_mask_static.v
Duplicated file found; will not be sent for synthesis: e:/Peripheral_Interface_lab6/MIPSfpga_keyboard/MIPSfpga_axi4.srcs/sources_1/ipshared/xilinx.com/generic_baseblocks_v2_1/da89d453/hdl/verilog/generic_baseblocks_v2_1_comparator_mask.v
Duplicated file found; will not be sent for synthesis: e:/Peripheral_Interface_lab6/MIPSfpga_keyboard/MIPSfpga_axi4.srcs/sources_1/ipshared/xilinx.com/generic_baseblocks_v2_1/da89d453/hdl/verilog/generic_baseblocks_v2_1_comparator_sel_mask_static.v
Duplicated file found; will not be sent for synthesis: e:/Peripheral_Interface_lab6/MIPSfpga_keyboard/MIPSfpga_axi4.srcs/sources_1/ipshared/xilinx.com/generic_baseblocks_v2_1/da89d453/hdl/verilog/generic_baseblocks_v2_1_comparator_sel_mask.v
Duplicated file found; will not be sent for synthesis: e:/Peripheral_Interface_lab6/MIPSfpga_keyboard/MIPSfpga_axi4.srcs/sources_1/ipshared/xilinx.com/generic_baseblocks_v2_1/da89d453/hdl/verilog/generic_baseblocks_v2_1_comparator_sel_static.v
Duplicated file found; will not be sent for synthesis: e:/Peripheral_Interface_lab6/MIPSfpga_keyboard/MIPSfpga_axi4.srcs/sources_1/ipshared/xilinx.com/generic_baseblocks_v2_1/da89d453/hdl/verilog/generic_baseblocks_v2_1_comparator_sel.v
Duplicated file found; will not be sent for synthesis: e:/Peripheral_Interface_lab6/MIPSfpga_keyboard/MIPSfpga_axi4.srcs/sources_1/ipshared/xilinx.com/generic_baseblocks_v2_1/da89d453/hdl/verilog/generic_baseblocks_v2_1_comparator_static.v
Duplicated file found; will not be sent for synthesis: e:/Peripheral_Interface_lab6/MIPSfpga_keyboard/MIPSfpga_axi4.srcs/sources_1/ipshared/xilinx.com/generic_baseblocks_v2_1/da89d453/hdl/verilog/generic_baseblocks_v2_1_comparator.v
Duplicated file found; will not be sent for synthesis: e:/Peripheral_Interface_lab6/MIPSfpga_keyboard/MIPSfpga_axi4.srcs/sources_1/ipshared/xilinx.com/generic_baseblocks_v2_1/da89d453/hdl/verilog/generic_baseblocks_v2_1_mux_enc.v
Duplicated file found; will not be sent for synthesis: e:/Peripheral_Interface_lab6/MIPSfpga_keyboard/MIPSfpga_axi4.srcs/sources_1/ipshared/xilinx.com/generic_baseblocks_v2_1/da89d453/hdl/verilog/generic_baseblocks_v2_1_mux.v
Duplicated file found; will not be sent for synthesis: e:/Peripheral_Interface_lab6/MIPSfpga_keyboard/MIPSfpga_axi4.srcs/sources_1/ipshared/xilinx.com/generic_baseblocks_v2_1/da89d453/hdl/verilog/generic_baseblocks_v2_1_nto1_mux.v
Duplicated file found; will not be sent for synthesis: e:/Peripheral_Interface_lab6/MIPSfpga_keyboard/MIPSfpga_axi4.srcs/sources_1/ipshared/xilinx.com/axi_data_fifo_v2_1/82d298e6/hdl/verilog/axi_data_fifo_v2_1_axic_fifo.v
Duplicated file found; will not be sent for synthesis: e:/Peripheral_Interface_lab6/MIPSfpga_keyboard/MIPSfpga_axi4.srcs/sources_1/ipshared/xilinx.com/axi_data_fifo_v2_1/82d298e6/hdl/verilog/axi_data_fifo_v2_1_fifo_gen.v
Duplicated file found; will not be sent for synthesis: e:/Peripheral_Interface_lab6/MIPSfpga_keyboard/MIPSfpga_axi4.srcs/sources_1/ipshared/xilinx.com/axi_data_fifo_v2_1/82d298e6/hdl/verilog/axi_data_fifo_v2_1_axic_srl_fifo.v
Duplicated file found; will not be sent for synthesis: e:/Peripheral_Interface_lab6/MIPSfpga_keyboard/MIPSfpga_axi4.srcs/sources_1/ipshared/xilinx.com/axi_data_fifo_v2_1/82d298e6/hdl/verilog/axi_data_fifo_v2_1_axic_reg_srl_fifo.v
Duplicated file found; will not be sent for synthesis: e:/Peripheral_Interface_lab6/MIPSfpga_keyboard/MIPSfpga_axi4.srcs/sources_1/ipshared/xilinx.com/axi_data_fifo_v2_1/82d298e6/hdl/verilog/axi_data_fifo_v2_1_ndeep_srl.v
Duplicated file found; will not be sent for synthesis: e:/Peripheral_Interface_lab6/MIPSfpga_keyboard/MIPSfpga_axi4.srcs/sources_1/ipshared/xilinx.com/axi_data_fifo_v2_1/82d298e6/hdl/verilog/axi_data_fifo_v2_1_axi_data_fifo.v
Duplicated file found; will not be sent for synthesis: e:/Peripheral_Interface_lab6/MIPSfpga_keyboard/MIPSfpga_axi4.srcs/sources_1/ipshared/xilinx.com/axi_infrastructure_v1_1/cf21a66f/hdl/verilog/axi_infrastructure_v1_1_header.vh
Duplicated file found; will not be sent for synthesis: e:/Peripheral_Interface_lab6/MIPSfpga_keyboard/MIPSfpga_axi4.srcs/sources_1/ipshared/xilinx.com/axi_infrastructure_v1_1/cf21a66f/hdl/verilog/axi_infrastructure_v1_1_axi2vector.v
Duplicated file found; will not be sent for synthesis: e:/Peripheral_Interface_lab6/MIPSfpga_keyboard/MIPSfpga_axi4.srcs/sources_1/ipshared/xilinx.com/axi_infrastructure_v1_1/cf21a66f/hdl/verilog/axi_infrastructure_v1_1_axic_srl_fifo.v
Duplicated file found; will not be sent for synthesis: e:/Peripheral_Interface_lab6/MIPSfpga_keyboard/MIPSfpga_axi4.srcs/sources_1/ipshared/xilinx.com/axi_infrastructure_v1_1/cf21a66f/hdl/verilog/axi_infrastructure_v1_1_vector2axi.v
Duplicated file found; will not be sent for synthesis: e:/Peripheral_Interface_lab6/MIPSfpga_keyboard/MIPSfpga_axi4.srcs/sources_1/ipshared/xilinx.com/axi_register_slice_v2_1/03a8e0ba/hdl/verilog/axi_register_slice_v2_1_axic_register_slice.v
Duplicated file found; will not be sent for synthesis: e:/Peripheral_Interface_lab6/MIPSfpga_keyboard/MIPSfpga_axi4.srcs/sources_1/ipshared/xilinx.com/axi_register_slice_v2_1/03a8e0ba/hdl/verilog/axi_register_slice_v2_1_axi_register_slice.v
Duplicated file found; will not be sent for synthesis: e:/Peripheral_Interface_lab6/MIPSfpga_keyboard/MIPSfpga_axi4.srcs/sources_1/ipshared/xilinx.com/axi_protocol_converter_v2_1/017861a2/hdl/verilog/axi_protocol_converter_v2_1_a_axi3_conv.v
Duplicated file found; will not be sent for synthesis: e:/Peripheral_Interface_lab6/MIPSfpga_keyboard/MIPSfpga_axi4.srcs/sources_1/ipshared/xilinx.com/axi_protocol_converter_v2_1/017861a2/hdl/verilog/axi_protocol_converter_v2_1_axi3_conv.v
Duplicated file found; will not be sent for synthesis: e:/Peripheral_Interface_lab6/MIPSfpga_keyboard/MIPSfpga_axi4.srcs/sources_1/ipshared/xilinx.com/axi_protocol_converter_v2_1/017861a2/hdl/verilog/axi_protocol_converter_v2_1_axilite_conv.v
Duplicated file found; will not be sent for synthesis: e:/Peripheral_Interface_lab6/MIPSfpga_keyboard/MIPSfpga_axi4.srcs/sources_1/ipshared/xilinx.com/axi_protocol_converter_v2_1/017861a2/hdl/verilog/axi_protocol_converter_v2_1_r_axi3_conv.v
Duplicated file found; will not be sent for synthesis: e:/Peripheral_Interface_lab6/MIPSfpga_keyboard/MIPSfpga_axi4.srcs/sources_1/ipshared/xilinx.com/axi_protocol_converter_v2_1/017861a2/hdl/verilog/axi_protocol_converter_v2_1_w_axi3_conv.v
Duplicated file found; will not be sent for synthesis: e:/Peripheral_Interface_lab6/MIPSfpga_keyboard/MIPSfpga_axi4.srcs/sources_1/ipshared/xilinx.com/axi_protocol_converter_v2_1/017861a2/hdl/verilog/axi_protocol_converter_v2_1_b_downsizer.v
Duplicated file found; will not be sent for synthesis: e:/Peripheral_Interface_lab6/MIPSfpga_keyboard/MIPSfpga_axi4.srcs/sources_1/ipshared/xilinx.com/axi_protocol_converter_v2_1/017861a2/hdl/verilog/axi_protocol_converter_v2_1_decerr_slave.v
Duplicated file found; will not be sent for synthesis: e:/Peripheral_Interface_lab6/MIPSfpga_keyboard/MIPSfpga_axi4.srcs/sources_1/ipshared/xilinx.com/axi_protocol_converter_v2_1/017861a2/hdl/verilog/axi_protocol_converter_v2_1_b2s_simple_fifo.v
Duplicated file found; will not be sent for synthesis: e:/Peripheral_Interface_lab6/MIPSfpga_keyboard/MIPSfpga_axi4.srcs/sources_1/ipshared/xilinx.com/axi_protocol_converter_v2_1/017861a2/hdl/verilog/axi_protocol_converter_v2_1_b2s_wrap_cmd.v
Duplicated file found; will not be sent for synthesis: e:/Peripheral_Interface_lab6/MIPSfpga_keyboard/MIPSfpga_axi4.srcs/sources_1/ipshared/xilinx.com/axi_protocol_converter_v2_1/017861a2/hdl/verilog/axi_protocol_converter_v2_1_b2s_incr_cmd.v
Duplicated file found; will not be sent for synthesis: e:/Peripheral_Interface_lab6/MIPSfpga_keyboard/MIPSfpga_axi4.srcs/sources_1/ipshared/xilinx.com/axi_protocol_converter_v2_1/017861a2/hdl/verilog/axi_protocol_converter_v2_1_b2s_wr_cmd_fsm.v
Duplicated file found; will not be sent for synthesis: e:/Peripheral_Interface_lab6/MIPSfpga_keyboard/MIPSfpga_axi4.srcs/sources_1/ipshared/xilinx.com/axi_protocol_converter_v2_1/017861a2/hdl/verilog/axi_protocol_converter_v2_1_b2s_rd_cmd_fsm.v
Duplicated file found; will not be sent for synthesis: e:/Peripheral_Interface_lab6/MIPSfpga_keyboard/MIPSfpga_axi4.srcs/sources_1/ipshared/xilinx.com/axi_protocol_converter_v2_1/017861a2/hdl/verilog/axi_protocol_converter_v2_1_b2s_cmd_translator.v
Duplicated file found; will not be sent for synthesis: e:/Peripheral_Interface_lab6/MIPSfpga_keyboard/MIPSfpga_axi4.srcs/sources_1/ipshared/xilinx.com/axi_protocol_converter_v2_1/017861a2/hdl/verilog/axi_protocol_converter_v2_1_b2s_b_channel.v
Duplicated file found; will not be sent for synthesis: e:/Peripheral_Interface_lab6/MIPSfpga_keyboard/MIPSfpga_axi4.srcs/sources_1/ipshared/xilinx.com/axi_protocol_converter_v2_1/017861a2/hdl/verilog/axi_protocol_converter_v2_1_b2s_r_channel.v
Duplicated file found; will not be sent for synthesis: e:/Peripheral_Interface_lab6/MIPSfpga_keyboard/MIPSfpga_axi4.srcs/sources_1/ipshared/xilinx.com/axi_protocol_converter_v2_1/017861a2/hdl/verilog/axi_protocol_converter_v2_1_b2s_aw_channel.v
Duplicated file found; will not be sent for synthesis: e:/Peripheral_Interface_lab6/MIPSfpga_keyboard/MIPSfpga_axi4.srcs/sources_1/ipshared/xilinx.com/axi_protocol_converter_v2_1/017861a2/hdl/verilog/axi_protocol_converter_v2_1_b2s_ar_channel.v
Duplicated file found; will not be sent for synthesis: e:/Peripheral_Interface_lab6/MIPSfpga_keyboard/MIPSfpga_axi4.srcs/sources_1/ipshared/xilinx.com/axi_protocol_converter_v2_1/017861a2/hdl/verilog/axi_protocol_converter_v2_1_b2s.v
Duplicated file found; will not be sent for synthesis: e:/Peripheral_Interface_lab6/MIPSfpga_keyboard/MIPSfpga_axi4.srcs/sources_1/ipshared/xilinx.com/axi_protocol_converter_v2_1/017861a2/hdl/verilog/axi_protocol_converter_v2_1_axi_protocol_converter.v
Duplicated file found; will not be sent for synthesis: e:/Peripheral_Interface_lab6/MIPSfpga_keyboard/MIPSfpga_axi4.srcs/sources_1/ipshared/xilinx.com/blk_mem_gen_v8_2/7b054ed9/hdl/blk_mem_gen_v8_2_vhsyn_rfs.vhd
Duplicated file found; will not be sent for synthesis: e:/Peripheral_Interface_lab6/MIPSfpga_keyboard/MIPSfpga_axi4.srcs/sources_1/ipshared/xilinx.com/blk_mem_gen_v8_2/7b054ed9/hdl/blk_mem_gen_v8_2.vhd
Duplicated file found; will not be sent for synthesis: e:/Peripheral_Interface_lab6/MIPSfpga_keyboard/MIPSfpga_axi4.srcs/sources_1/ipshared/xilinx.com/fifo_generator_v12_0/15467f24/hdl/fifo_generator_v12_0_vhsyn_rfs.vhd
Duplicated file found; will not be sent for synthesis: e:/Peripheral_Interface_lab6/MIPSfpga_keyboard/MIPSfpga_axi4.srcs/sources_1/ipshared/xilinx.com/fifo_generator_v12_0/15467f24/hdl/fifo_generator_v12_0.vhd
Duplicated file found; will not be sent for synthesis: e:/Peripheral_Interface_lab6/MIPSfpga_keyboard/MIPSfpga_axi4.srcs/sources_1/ipshared/xilinx.com/generic_baseblocks_v2_1/da89d453/hdl/verilog/generic_baseblocks_v2_1_carry_and.v
Duplicated file found; will not be sent for synthesis: e:/Peripheral_Interface_lab6/MIPSfpga_keyboard/MIPSfpga_axi4.srcs/sources_1/ipshared/xilinx.com/generic_baseblocks_v2_1/da89d453/hdl/verilog/generic_baseblocks_v2_1_carry_latch_and.v
Duplicated file found; will not be sent for synthesis: e:/Peripheral_Interface_lab6/MIPSfpga_keyboard/MIPSfpga_axi4.srcs/sources_1/ipshared/xilinx.com/generic_baseblocks_v2_1/da89d453/hdl/verilog/generic_baseblocks_v2_1_carry_latch_or.v
Duplicated file found; will not be sent for synthesis: e:/Peripheral_Interface_lab6/MIPSfpga_keyboard/MIPSfpga_axi4.srcs/sources_1/ipshared/xilinx.com/generic_baseblocks_v2_1/da89d453/hdl/verilog/generic_baseblocks_v2_1_carry_or.v
Duplicated file found; will not be sent for synthesis: e:/Peripheral_Interface_lab6/MIPSfpga_keyboard/MIPSfpga_axi4.srcs/sources_1/ipshared/xilinx.com/generic_baseblocks_v2_1/da89d453/hdl/verilog/generic_baseblocks_v2_1_carry.v
Duplicated file found; will not be sent for synthesis: e:/Peripheral_Interface_lab6/MIPSfpga_keyboard/MIPSfpga_axi4.srcs/sources_1/ipshared/xilinx.com/generic_baseblocks_v2_1/da89d453/hdl/verilog/generic_baseblocks_v2_1_command_fifo.v
Duplicated file found; will not be sent for synthesis: e:/Peripheral_Interface_lab6/MIPSfpga_keyboard/MIPSfpga_axi4.srcs/sources_1/ipshared/xilinx.com/generic_baseblocks_v2_1/da89d453/hdl/verilog/generic_baseblocks_v2_1_comparator_mask_static.v
Duplicated file found; will not be sent for synthesis: e:/Peripheral_Interface_lab6/MIPSfpga_keyboard/MIPSfpga_axi4.srcs/sources_1/ipshared/xilinx.com/generic_baseblocks_v2_1/da89d453/hdl/verilog/generic_baseblocks_v2_1_comparator_mask.v
Duplicated file found; will not be sent for synthesis: e:/Peripheral_Interface_lab6/MIPSfpga_keyboard/MIPSfpga_axi4.srcs/sources_1/ipshared/xilinx.com/generic_baseblocks_v2_1/da89d453/hdl/verilog/generic_baseblocks_v2_1_comparator_sel_mask_static.v
Duplicated file found; will not be sent for synthesis: e:/Peripheral_Interface_lab6/MIPSfpga_keyboard/MIPSfpga_axi4.srcs/sources_1/ipshared/xilinx.com/generic_baseblocks_v2_1/da89d453/hdl/verilog/generic_baseblocks_v2_1_comparator_sel_mask.v
Duplicated file found; will not be sent for synthesis: e:/Peripheral_Interface_lab6/MIPSfpga_keyboard/MIPSfpga_axi4.srcs/sources_1/ipshared/xilinx.com/generic_baseblocks_v2_1/da89d453/hdl/verilog/generic_baseblocks_v2_1_comparator_sel_static.v
Duplicated file found; will not be sent for synthesis: e:/Peripheral_Interface_lab6/MIPSfpga_keyboard/MIPSfpga_axi4.srcs/sources_1/ipshared/xilinx.com/generic_baseblocks_v2_1/da89d453/hdl/verilog/generic_baseblocks_v2_1_comparator_sel.v
Duplicated file found; will not be sent for synthesis: e:/Peripheral_Interface_lab6/MIPSfpga_keyboard/MIPSfpga_axi4.srcs/sources_1/ipshared/xilinx.com/generic_baseblocks_v2_1/da89d453/hdl/verilog/generic_baseblocks_v2_1_comparator_static.v
Duplicated file found; will not be sent for synthesis: e:/Peripheral_Interface_lab6/MIPSfpga_keyboard/MIPSfpga_axi4.srcs/sources_1/ipshared/xilinx.com/generic_baseblocks_v2_1/da89d453/hdl/verilog/generic_baseblocks_v2_1_comparator.v
Duplicated file found; will not be sent for synthesis: e:/Peripheral_Interface_lab6/MIPSfpga_keyboard/MIPSfpga_axi4.srcs/sources_1/ipshared/xilinx.com/generic_baseblocks_v2_1/da89d453/hdl/verilog/generic_baseblocks_v2_1_mux_enc.v
Duplicated file found; will not be sent for synthesis: e:/Peripheral_Interface_lab6/MIPSfpga_keyboard/MIPSfpga_axi4.srcs/sources_1/ipshared/xilinx.com/generic_baseblocks_v2_1/da89d453/hdl/verilog/generic_baseblocks_v2_1_mux.v
Duplicated file found; will not be sent for synthesis: e:/Peripheral_Interface_lab6/MIPSfpga_keyboard/MIPSfpga_axi4.srcs/sources_1/ipshared/xilinx.com/generic_baseblocks_v2_1/da89d453/hdl/verilog/generic_baseblocks_v2_1_nto1_mux.v
Duplicated file found; will not be sent for synthesis: e:/Peripheral_Interface_lab6/MIPSfpga_keyboard/MIPSfpga_axi4.srcs/sources_1/ipshared/xilinx.com/axi_data_fifo_v2_1/82d298e6/hdl/verilog/axi_data_fifo_v2_1_axic_fifo.v
Duplicated file found; will not be sent for synthesis: e:/Peripheral_Interface_lab6/MIPSfpga_keyboard/MIPSfpga_axi4.srcs/sources_1/ipshared/xilinx.com/axi_data_fifo_v2_1/82d298e6/hdl/verilog/axi_data_fifo_v2_1_fifo_gen.v
Duplicated file found; will not be sent for synthesis: e:/Peripheral_Interface_lab6/MIPSfpga_keyboard/MIPSfpga_axi4.srcs/sources_1/ipshared/xilinx.com/axi_data_fifo_v2_1/82d298e6/hdl/verilog/axi_data_fifo_v2_1_axic_srl_fifo.v
Duplicated file found; will not be sent for synthesis: e:/Peripheral_Interface_lab6/MIPSfpga_keyboard/MIPSfpga_axi4.srcs/sources_1/ipshared/xilinx.com/axi_data_fifo_v2_1/82d298e6/hdl/verilog/axi_data_fifo_v2_1_axic_reg_srl_fifo.v
Duplicated file found; will not be sent for synthesis: e:/Peripheral_Interface_lab6/MIPSfpga_keyboard/MIPSfpga_axi4.srcs/sources_1/ipshared/xilinx.com/axi_data_fifo_v2_1/82d298e6/hdl/verilog/axi_data_fifo_v2_1_ndeep_srl.v
Duplicated file found; will not be sent for synthesis: e:/Peripheral_Interface_lab6/MIPSfpga_keyboard/MIPSfpga_axi4.srcs/sources_1/ipshared/xilinx.com/axi_data_fifo_v2_1/82d298e6/hdl/verilog/axi_data_fifo_v2_1_axi_data_fifo.v
Duplicated file found; will not be sent for synthesis: e:/Peripheral_Interface_lab6/MIPSfpga_keyboard/MIPSfpga_axi4.srcs/sources_1/ipshared/xilinx.com/axi_infrastructure_v1_1/cf21a66f/hdl/verilog/axi_infrastructure_v1_1_header.vh
Duplicated file found; will not be sent for synthesis: e:/Peripheral_Interface_lab6/MIPSfpga_keyboard/MIPSfpga_axi4.srcs/sources_1/ipshared/xilinx.com/axi_infrastructure_v1_1/cf21a66f/hdl/verilog/axi_infrastructure_v1_1_axi2vector.v
Duplicated file found; will not be sent for synthesis: e:/Peripheral_Interface_lab6/MIPSfpga_keyboard/MIPSfpga_axi4.srcs/sources_1/ipshared/xilinx.com/axi_infrastructure_v1_1/cf21a66f/hdl/verilog/axi_infrastructure_v1_1_axic_srl_fifo.v
Duplicated file found; will not be sent for synthesis: e:/Peripheral_Interface_lab6/MIPSfpga_keyboard/MIPSfpga_axi4.srcs/sources_1/ipshared/xilinx.com/axi_infrastructure_v1_1/cf21a66f/hdl/verilog/axi_infrastructure_v1_1_vector2axi.v
Duplicated file found; will not be sent for synthesis: e:/Peripheral_Interface_lab6/MIPSfpga_keyboard/MIPSfpga_axi4.srcs/sources_1/ipshared/xilinx.com/axi_register_slice_v2_1/03a8e0ba/hdl/verilog/axi_register_slice_v2_1_axic_register_slice.v
Duplicated file found; will not be sent for synthesis: e:/Peripheral_Interface_lab6/MIPSfpga_keyboard/MIPSfpga_axi4.srcs/sources_1/ipshared/xilinx.com/axi_register_slice_v2_1/03a8e0ba/hdl/verilog/axi_register_slice_v2_1_axi_register_slice.v
Duplicated file found; will not be sent for synthesis: e:/Peripheral_Interface_lab6/MIPSfpga_keyboard/MIPSfpga_axi4.srcs/sources_1/ipshared/xilinx.com/axi_protocol_converter_v2_1/017861a2/hdl/verilog/axi_protocol_converter_v2_1_a_axi3_conv.v
Duplicated file found; will not be sent for synthesis: e:/Peripheral_Interface_lab6/MIPSfpga_keyboard/MIPSfpga_axi4.srcs/sources_1/ipshared/xilinx.com/axi_protocol_converter_v2_1/017861a2/hdl/verilog/axi_protocol_converter_v2_1_axi3_conv.v
Duplicated file found; will not be sent for synthesis: e:/Peripheral_Interface_lab6/MIPSfpga_keyboard/MIPSfpga_axi4.srcs/sources_1/ipshared/xilinx.com/axi_protocol_converter_v2_1/017861a2/hdl/verilog/axi_protocol_converter_v2_1_axilite_conv.v
Duplicated file found; will not be sent for synthesis: e:/Peripheral_Interface_lab6/MIPSfpga_keyboard/MIPSfpga_axi4.srcs/sources_1/ipshared/xilinx.com/axi_protocol_converter_v2_1/017861a2/hdl/verilog/axi_protocol_converter_v2_1_r_axi3_conv.v
Duplicated file found; will not be sent for synthesis: e:/Peripheral_Interface_lab6/MIPSfpga_keyboard/MIPSfpga_axi4.srcs/sources_1/ipshared/xilinx.com/axi_protocol_converter_v2_1/017861a2/hdl/verilog/axi_protocol_converter_v2_1_w_axi3_conv.v
Duplicated file found; will not be sent for synthesis: e:/Peripheral_Interface_lab6/MIPSfpga_keyboard/MIPSfpga_axi4.srcs/sources_1/ipshared/xilinx.com/axi_protocol_converter_v2_1/017861a2/hdl/verilog/axi_protocol_converter_v2_1_b_downsizer.v
Duplicated file found; will not be sent for synthesis: e:/Peripheral_Interface_lab6/MIPSfpga_keyboard/MIPSfpga_axi4.srcs/sources_1/ipshared/xilinx.com/axi_protocol_converter_v2_1/017861a2/hdl/verilog/axi_protocol_converter_v2_1_decerr_slave.v
Duplicated file found; will not be sent for synthesis: e:/Peripheral_Interface_lab6/MIPSfpga_keyboard/MIPSfpga_axi4.srcs/sources_1/ipshared/xilinx.com/axi_protocol_converter_v2_1/017861a2/hdl/verilog/axi_protocol_converter_v2_1_b2s_simple_fifo.v
Duplicated file found; will not be sent for synthesis: e:/Peripheral_Interface_lab6/MIPSfpga_keyboard/MIPSfpga_axi4.srcs/sources_1/ipshared/xilinx.com/axi_protocol_converter_v2_1/017861a2/hdl/verilog/axi_protocol_converter_v2_1_b2s_wrap_cmd.v
Duplicated file found; will not be sent for synthesis: e:/Peripheral_Interface_lab6/MIPSfpga_keyboard/MIPSfpga_axi4.srcs/sources_1/ipshared/xilinx.com/axi_protocol_converter_v2_1/017861a2/hdl/verilog/axi_protocol_converter_v2_1_b2s_incr_cmd.v
Duplicated file found; will not be sent for synthesis: e:/Peripheral_Interface_lab6/MIPSfpga_keyboard/MIPSfpga_axi4.srcs/sources_1/ipshared/xilinx.com/axi_protocol_converter_v2_1/017861a2/hdl/verilog/axi_protocol_converter_v2_1_b2s_wr_cmd_fsm.v
Duplicated file found; will not be sent for synthesis: e:/Peripheral_Interface_lab6/MIPSfpga_keyboard/MIPSfpga_axi4.srcs/sources_1/ipshared/xilinx.com/axi_protocol_converter_v2_1/017861a2/hdl/verilog/axi_protocol_converter_v2_1_b2s_rd_cmd_fsm.v
Duplicated file found; will not be sent for synthesis: e:/Peripheral_Interface_lab6/MIPSfpga_keyboard/MIPSfpga_axi4.srcs/sources_1/ipshared/xilinx.com/axi_protocol_converter_v2_1/017861a2/hdl/verilog/axi_protocol_converter_v2_1_b2s_cmd_translator.v
Duplicated file found; will not be sent for synthesis: e:/Peripheral_Interface_lab6/MIPSfpga_keyboard/MIPSfpga_axi4.srcs/sources_1/ipshared/xilinx.com/axi_protocol_converter_v2_1/017861a2/hdl/verilog/axi_protocol_converter_v2_1_b2s_b_channel.v
Duplicated file found; will not be sent for synthesis: e:/Peripheral_Interface_lab6/MIPSfpga_keyboard/MIPSfpga_axi4.srcs/sources_1/ipshared/xilinx.com/axi_protocol_converter_v2_1/017861a2/hdl/verilog/axi_protocol_converter_v2_1_b2s_r_channel.v
Duplicated file found; will not be sent for synthesis: e:/Peripheral_Interface_lab6/MIPSfpga_keyboard/MIPSfpga_axi4.srcs/sources_1/ipshared/xilinx.com/axi_protocol_converter_v2_1/017861a2/hdl/verilog/axi_protocol_converter_v2_1_b2s_aw_channel.v
Duplicated file found; will not be sent for synthesis: e:/Peripheral_Interface_lab6/MIPSfpga_keyboard/MIPSfpga_axi4.srcs/sources_1/ipshared/xilinx.com/axi_protocol_converter_v2_1/017861a2/hdl/verilog/axi_protocol_converter_v2_1_b2s_ar_channel.v
Duplicated file found; will not be sent for synthesis: e:/Peripheral_Interface_lab6/MIPSfpga_keyboard/MIPSfpga_axi4.srcs/sources_1/ipshared/xilinx.com/axi_protocol_converter_v2_1/017861a2/hdl/verilog/axi_protocol_converter_v2_1_b2s.v
Duplicated file found; will not be sent for synthesis: e:/Peripheral_Interface_lab6/MIPSfpga_keyboard/MIPSfpga_axi4.srcs/sources_1/ipshared/xilinx.com/axi_protocol_converter_v2_1/017861a2/hdl/verilog/axi_protocol_converter_v2_1_axi_protocol_converter.v
Duplicated file found; will not be sent for synthesis: e:/Peripheral_Interface_lab6/MIPSfpga_keyboard/MIPSfpga_axi4.srcs/sources_1/ipshared/xilinx.com/blk_mem_gen_v8_2/7b054ed9/hdl/blk_mem_gen_v8_2_vhsyn_rfs.vhd
Duplicated file found; will not be sent for synthesis: e:/Peripheral_Interface_lab6/MIPSfpga_keyboard/MIPSfpga_axi4.srcs/sources_1/ipshared/xilinx.com/blk_mem_gen_v8_2/7b054ed9/hdl/blk_mem_gen_v8_2.vhd
Duplicated file found; will not be sent for synthesis: e:/Peripheral_Interface_lab6/MIPSfpga_keyboard/MIPSfpga_axi4.srcs/sources_1/ipshared/xilinx.com/fifo_generator_v12_0/15467f24/hdl/fifo_generator_v12_0_vhsyn_rfs.vhd
Duplicated file found; will not be sent for synthesis: e:/Peripheral_Interface_lab6/MIPSfpga_keyboard/MIPSfpga_axi4.srcs/sources_1/ipshared/xilinx.com/fifo_generator_v12_0/15467f24/hdl/fifo_generator_v12_0.vhd
Duplicated file found; will not be sent for synthesis: e:/Peripheral_Interface_lab6/MIPSfpga_keyboard/MIPSfpga_axi4.srcs/sources_1/ipshared/xilinx.com/generic_baseblocks_v2_1/da89d453/hdl/verilog/generic_baseblocks_v2_1_carry_and.v
Duplicated file found; will not be sent for synthesis: e:/Peripheral_Interface_lab6/MIPSfpga_keyboard/MIPSfpga_axi4.srcs/sources_1/ipshared/xilinx.com/generic_baseblocks_v2_1/da89d453/hdl/verilog/generic_baseblocks_v2_1_carry_latch_and.v
Duplicated file found; will not be sent for synthesis: e:/Peripheral_Interface_lab6/MIPSfpga_keyboard/MIPSfpga_axi4.srcs/sources_1/ipshared/xilinx.com/generic_baseblocks_v2_1/da89d453/hdl/verilog/generic_baseblocks_v2_1_carry_latch_or.v
Duplicated file found; will not be sent for synthesis: e:/Peripheral_Interface_lab6/MIPSfpga_keyboard/MIPSfpga_axi4.srcs/sources_1/ipshared/xilinx.com/generic_baseblocks_v2_1/da89d453/hdl/verilog/generic_baseblocks_v2_1_carry_or.v
Duplicated file found; will not be sent for synthesis: e:/Peripheral_Interface_lab6/MIPSfpga_keyboard/MIPSfpga_axi4.srcs/sources_1/ipshared/xilinx.com/generic_baseblocks_v2_1/da89d453/hdl/verilog/generic_baseblocks_v2_1_carry.v
Duplicated file found; will not be sent for synthesis: e:/Peripheral_Interface_lab6/MIPSfpga_keyboard/MIPSfpga_axi4.srcs/sources_1/ipshared/xilinx.com/generic_baseblocks_v2_1/da89d453/hdl/verilog/generic_baseblocks_v2_1_command_fifo.v
Duplicated file found; will not be sent for synthesis: e:/Peripheral_Interface_lab6/MIPSfpga_keyboard/MIPSfpga_axi4.srcs/sources_1/ipshared/xilinx.com/generic_baseblocks_v2_1/da89d453/hdl/verilog/generic_baseblocks_v2_1_comparator_mask_static.v
Duplicated file found; will not be sent for synthesis: e:/Peripheral_Interface_lab6/MIPSfpga_keyboard/MIPSfpga_axi4.srcs/sources_1/ipshared/xilinx.com/generic_baseblocks_v2_1/da89d453/hdl/verilog/generic_baseblocks_v2_1_comparator_mask.v
Duplicated file found; will not be sent for synthesis: e:/Peripheral_Interface_lab6/MIPSfpga_keyboard/MIPSfpga_axi4.srcs/sources_1/ipshared/xilinx.com/generic_baseblocks_v2_1/da89d453/hdl/verilog/generic_baseblocks_v2_1_comparator_sel_mask_static.v
Duplicated file found; will not be sent for synthesis: e:/Peripheral_Interface_lab6/MIPSfpga_keyboard/MIPSfpga_axi4.srcs/sources_1/ipshared/xilinx.com/generic_baseblocks_v2_1/da89d453/hdl/verilog/generic_baseblocks_v2_1_comparator_sel_mask.v
Duplicated file found; will not be sent for synthesis: e:/Peripheral_Interface_lab6/MIPSfpga_keyboard/MIPSfpga_axi4.srcs/sources_1/ipshared/xilinx.com/generic_baseblocks_v2_1/da89d453/hdl/verilog/generic_baseblocks_v2_1_comparator_sel_static.v
Duplicated file found; will not be sent for synthesis: e:/Peripheral_Interface_lab6/MIPSfpga_keyboard/MIPSfpga_axi4.srcs/sources_1/ipshared/xilinx.com/generic_baseblocks_v2_1/da89d453/hdl/verilog/generic_baseblocks_v2_1_comparator_sel.v
Duplicated file found; will not be sent for synthesis: e:/Peripheral_Interface_lab6/MIPSfpga_keyboard/MIPSfpga_axi4.srcs/sources_1/ipshared/xilinx.com/generic_baseblocks_v2_1/da89d453/hdl/verilog/generic_baseblocks_v2_1_comparator_static.v
Duplicated file found; will not be sent for synthesis: e:/Peripheral_Interface_lab6/MIPSfpga_keyboard/MIPSfpga_axi4.srcs/sources_1/ipshared/xilinx.com/generic_baseblocks_v2_1/da89d453/hdl/verilog/generic_baseblocks_v2_1_comparator.v
Duplicated file found; will not be sent for synthesis: e:/Peripheral_Interface_lab6/MIPSfpga_keyboard/MIPSfpga_axi4.srcs/sources_1/ipshared/xilinx.com/generic_baseblocks_v2_1/da89d453/hdl/verilog/generic_baseblocks_v2_1_mux_enc.v
Duplicated file found; will not be sent for synthesis: e:/Peripheral_Interface_lab6/MIPSfpga_keyboard/MIPSfpga_axi4.srcs/sources_1/ipshared/xilinx.com/generic_baseblocks_v2_1/da89d453/hdl/verilog/generic_baseblocks_v2_1_mux.v
Duplicated file found; will not be sent for synthesis: e:/Peripheral_Interface_lab6/MIPSfpga_keyboard/MIPSfpga_axi4.srcs/sources_1/ipshared/xilinx.com/generic_baseblocks_v2_1/da89d453/hdl/verilog/generic_baseblocks_v2_1_nto1_mux.v
Duplicated file found; will not be sent for synthesis: e:/Peripheral_Interface_lab6/MIPSfpga_keyboard/MIPSfpga_axi4.srcs/sources_1/ipshared/xilinx.com/axi_data_fifo_v2_1/82d298e6/hdl/verilog/axi_data_fifo_v2_1_axic_fifo.v
Duplicated file found; will not be sent for synthesis: e:/Peripheral_Interface_lab6/MIPSfpga_keyboard/MIPSfpga_axi4.srcs/sources_1/ipshared/xilinx.com/axi_data_fifo_v2_1/82d298e6/hdl/verilog/axi_data_fifo_v2_1_fifo_gen.v
Duplicated file found; will not be sent for synthesis: e:/Peripheral_Interface_lab6/MIPSfpga_keyboard/MIPSfpga_axi4.srcs/sources_1/ipshared/xilinx.com/axi_data_fifo_v2_1/82d298e6/hdl/verilog/axi_data_fifo_v2_1_axic_srl_fifo.v
Duplicated file found; will not be sent for synthesis: e:/Peripheral_Interface_lab6/MIPSfpga_keyboard/MIPSfpga_axi4.srcs/sources_1/ipshared/xilinx.com/axi_data_fifo_v2_1/82d298e6/hdl/verilog/axi_data_fifo_v2_1_axic_reg_srl_fifo.v
Duplicated file found; will not be sent for synthesis: e:/Peripheral_Interface_lab6/MIPSfpga_keyboard/MIPSfpga_axi4.srcs/sources_1/ipshared/xilinx.com/axi_data_fifo_v2_1/82d298e6/hdl/verilog/axi_data_fifo_v2_1_ndeep_srl.v
Duplicated file found; will not be sent for synthesis: e:/Peripheral_Interface_lab6/MIPSfpga_keyboard/MIPSfpga_axi4.srcs/sources_1/ipshared/xilinx.com/axi_data_fifo_v2_1/82d298e6/hdl/verilog/axi_data_fifo_v2_1_axi_data_fifo.v
Duplicated file found; will not be sent for synthesis: e:/Peripheral_Interface_lab6/MIPSfpga_keyboard/MIPSfpga_axi4.srcs/sources_1/ipshared/xilinx.com/axi_infrastructure_v1_1/cf21a66f/hdl/verilog/axi_infrastructure_v1_1_header.vh
Duplicated file found; will not be sent for synthesis: e:/Peripheral_Interface_lab6/MIPSfpga_keyboard/MIPSfpga_axi4.srcs/sources_1/ipshared/xilinx.com/axi_infrastructure_v1_1/cf21a66f/hdl/verilog/axi_infrastructure_v1_1_axi2vector.v
Duplicated file found; will not be sent for synthesis: e:/Peripheral_Interface_lab6/MIPSfpga_keyboard/MIPSfpga_axi4.srcs/sources_1/ipshared/xilinx.com/axi_infrastructure_v1_1/cf21a66f/hdl/verilog/axi_infrastructure_v1_1_axic_srl_fifo.v
Duplicated file found; will not be sent for synthesis: e:/Peripheral_Interface_lab6/MIPSfpga_keyboard/MIPSfpga_axi4.srcs/sources_1/ipshared/xilinx.com/axi_infrastructure_v1_1/cf21a66f/hdl/verilog/axi_infrastructure_v1_1_vector2axi.v
Duplicated file found; will not be sent for synthesis: e:/Peripheral_Interface_lab6/MIPSfpga_keyboard/MIPSfpga_axi4.srcs/sources_1/ipshared/xilinx.com/axi_register_slice_v2_1/03a8e0ba/hdl/verilog/axi_register_slice_v2_1_axic_register_slice.v
Duplicated file found; will not be sent for synthesis: e:/Peripheral_Interface_lab6/MIPSfpga_keyboard/MIPSfpga_axi4.srcs/sources_1/ipshared/xilinx.com/axi_register_slice_v2_1/03a8e0ba/hdl/verilog/axi_register_slice_v2_1_axi_register_slice.v
Duplicated file found; will not be sent for synthesis: e:/Peripheral_Interface_lab6/MIPSfpga_keyboard/MIPSfpga_axi4.srcs/sources_1/ipshared/xilinx.com/axi_protocol_converter_v2_1/017861a2/hdl/verilog/axi_protocol_converter_v2_1_a_axi3_conv.v
Duplicated file found; will not be sent for synthesis: e:/Peripheral_Interface_lab6/MIPSfpga_keyboard/MIPSfpga_axi4.srcs/sources_1/ipshared/xilinx.com/axi_protocol_converter_v2_1/017861a2/hdl/verilog/axi_protocol_converter_v2_1_axi3_conv.v
Duplicated file found; will not be sent for synthesis: e:/Peripheral_Interface_lab6/MIPSfpga_keyboard/MIPSfpga_axi4.srcs/sources_1/ipshared/xilinx.com/axi_protocol_converter_v2_1/017861a2/hdl/verilog/axi_protocol_converter_v2_1_axilite_conv.v
Duplicated file found; will not be sent for synthesis: e:/Peripheral_Interface_lab6/MIPSfpga_keyboard/MIPSfpga_axi4.srcs/sources_1/ipshared/xilinx.com/axi_protocol_converter_v2_1/017861a2/hdl/verilog/axi_protocol_converter_v2_1_r_axi3_conv.v
Duplicated file found; will not be sent for synthesis: e:/Peripheral_Interface_lab6/MIPSfpga_keyboard/MIPSfpga_axi4.srcs/sources_1/ipshared/xilinx.com/axi_protocol_converter_v2_1/017861a2/hdl/verilog/axi_protocol_converter_v2_1_w_axi3_conv.v
Duplicated file found; will not be sent for synthesis: e:/Peripheral_Interface_lab6/MIPSfpga_keyboard/MIPSfpga_axi4.srcs/sources_1/ipshared/xilinx.com/axi_protocol_converter_v2_1/017861a2/hdl/verilog/axi_protocol_converter_v2_1_b_downsizer.v
Duplicated file found; will not be sent for synthesis: e:/Peripheral_Interface_lab6/MIPSfpga_keyboard/MIPSfpga_axi4.srcs/sources_1/ipshared/xilinx.com/axi_protocol_converter_v2_1/017861a2/hdl/verilog/axi_protocol_converter_v2_1_decerr_slave.v
Duplicated file found; will not be sent for synthesis: e:/Peripheral_Interface_lab6/MIPSfpga_keyboard/MIPSfpga_axi4.srcs/sources_1/ipshared/xilinx.com/axi_protocol_converter_v2_1/017861a2/hdl/verilog/axi_protocol_converter_v2_1_b2s_simple_fifo.v
Duplicated file found; will not be sent for synthesis: e:/Peripheral_Interface_lab6/MIPSfpga_keyboard/MIPSfpga_axi4.srcs/sources_1/ipshared/xilinx.com/axi_protocol_converter_v2_1/017861a2/hdl/verilog/axi_protocol_converter_v2_1_b2s_wrap_cmd.v
Duplicated file found; will not be sent for synthesis: e:/Peripheral_Interface_lab6/MIPSfpga_keyboard/MIPSfpga_axi4.srcs/sources_1/ipshared/xilinx.com/axi_protocol_converter_v2_1/017861a2/hdl/verilog/axi_protocol_converter_v2_1_b2s_incr_cmd.v
Duplicated file found; will not be sent for synthesis: e:/Peripheral_Interface_lab6/MIPSfpga_keyboard/MIPSfpga_axi4.srcs/sources_1/ipshared/xilinx.com/axi_protocol_converter_v2_1/017861a2/hdl/verilog/axi_protocol_converter_v2_1_b2s_wr_cmd_fsm.v
Duplicated file found; will not be sent for synthesis: e:/Peripheral_Interface_lab6/MIPSfpga_keyboard/MIPSfpga_axi4.srcs/sources_1/ipshared/xilinx.com/axi_protocol_converter_v2_1/017861a2/hdl/verilog/axi_protocol_converter_v2_1_b2s_rd_cmd_fsm.v
Duplicated file found; will not be sent for synthesis: e:/Peripheral_Interface_lab6/MIPSfpga_keyboard/MIPSfpga_axi4.srcs/sources_1/ipshared/xilinx.com/axi_protocol_converter_v2_1/017861a2/hdl/verilog/axi_protocol_converter_v2_1_b2s_cmd_translator.v
Duplicated file found; will not be sent for synthesis: e:/Peripheral_Interface_lab6/MIPSfpga_keyboard/MIPSfpga_axi4.srcs/sources_1/ipshared/xilinx.com/axi_protocol_converter_v2_1/017861a2/hdl/verilog/axi_protocol_converter_v2_1_b2s_b_channel.v
Duplicated file found; will not be sent for synthesis: e:/Peripheral_Interface_lab6/MIPSfpga_keyboard/MIPSfpga_axi4.srcs/sources_1/ipshared/xilinx.com/axi_protocol_converter_v2_1/017861a2/hdl/verilog/axi_protocol_converter_v2_1_b2s_r_channel.v
Duplicated file found; will not be sent for synthesis: e:/Peripheral_Interface_lab6/MIPSfpga_keyboard/MIPSfpga_axi4.srcs/sources_1/ipshared/xilinx.com/axi_protocol_converter_v2_1/017861a2/hdl/verilog/axi_protocol_converter_v2_1_b2s_aw_channel.v
Duplicated file found; will not be sent for synthesis: e:/Peripheral_Interface_lab6/MIPSfpga_keyboard/MIPSfpga_axi4.srcs/sources_1/ipshared/xilinx.com/axi_protocol_converter_v2_1/017861a2/hdl/verilog/axi_protocol_converter_v2_1_b2s_ar_channel.v
Duplicated file found; will not be sent for synthesis: e:/Peripheral_Interface_lab6/MIPSfpga_keyboard/MIPSfpga_axi4.srcs/sources_1/ipshared/xilinx.com/axi_protocol_converter_v2_1/017861a2/hdl/verilog/axi_protocol_converter_v2_1_b2s.v
Duplicated file found; will not be sent for synthesis: e:/Peripheral_Interface_lab6/MIPSfpga_keyboard/MIPSfpga_axi4.srcs/sources_1/ipshared/xilinx.com/axi_protocol_converter_v2_1/017861a2/hdl/verilog/axi_protocol_converter_v2_1_axi_protocol_converter.v
Duplicated file found; will not be sent for synthesis: e:/Peripheral_Interface_lab6/MIPSfpga_keyboard/MIPSfpga_axi4.srcs/sources_1/ipshared/xilinx.com/blk_mem_gen_v8_2/7b054ed9/hdl/blk_mem_gen_v8_2_vhsyn_rfs.vhd
Duplicated file found; will not be sent for synthesis: e:/Peripheral_Interface_lab6/MIPSfpga_keyboard/MIPSfpga_axi4.srcs/sources_1/ipshared/xilinx.com/blk_mem_gen_v8_2/7b054ed9/hdl/blk_mem_gen_v8_2.vhd
Duplicated file found; will not be sent for synthesis: e:/Peripheral_Interface_lab6/MIPSfpga_keyboard/MIPSfpga_axi4.srcs/sources_1/ipshared/xilinx.com/fifo_generator_v12_0/15467f24/hdl/fifo_generator_v12_0_vhsyn_rfs.vhd
Duplicated file found; will not be sent for synthesis: e:/Peripheral_Interface_lab6/MIPSfpga_keyboard/MIPSfpga_axi4.srcs/sources_1/ipshared/xilinx.com/fifo_generator_v12_0/15467f24/hdl/fifo_generator_v12_0.vhd
Duplicated file found; will not be sent for synthesis: e:/Peripheral_Interface_lab6/MIPSfpga_keyboard/MIPSfpga_axi4.srcs/sources_1/ipshared/xilinx.com/generic_baseblocks_v2_1/da89d453/hdl/verilog/generic_baseblocks_v2_1_carry_and.v
Duplicated file found; will not be sent for synthesis: e:/Peripheral_Interface_lab6/MIPSfpga_keyboard/MIPSfpga_axi4.srcs/sources_1/ipshared/xilinx.com/generic_baseblocks_v2_1/da89d453/hdl/verilog/generic_baseblocks_v2_1_carry_latch_and.v
Duplicated file found; will not be sent for synthesis: e:/Peripheral_Interface_lab6/MIPSfpga_keyboard/MIPSfpga_axi4.srcs/sources_1/ipshared/xilinx.com/generic_baseblocks_v2_1/da89d453/hdl/verilog/generic_baseblocks_v2_1_carry_latch_or.v
Duplicated file found; will not be sent for synthesis: e:/Peripheral_Interface_lab6/MIPSfpga_keyboard/MIPSfpga_axi4.srcs/sources_1/ipshared/xilinx.com/generic_baseblocks_v2_1/da89d453/hdl/verilog/generic_baseblocks_v2_1_carry_or.v
Duplicated file found; will not be sent for synthesis: e:/Peripheral_Interface_lab6/MIPSfpga_keyboard/MIPSfpga_axi4.srcs/sources_1/ipshared/xilinx.com/generic_baseblocks_v2_1/da89d453/hdl/verilog/generic_baseblocks_v2_1_carry.v
Duplicated file found; will not be sent for synthesis: e:/Peripheral_Interface_lab6/MIPSfpga_keyboard/MIPSfpga_axi4.srcs/sources_1/ipshared/xilinx.com/generic_baseblocks_v2_1/da89d453/hdl/verilog/generic_baseblocks_v2_1_command_fifo.v
Duplicated file found; will not be sent for synthesis: e:/Peripheral_Interface_lab6/MIPSfpga_keyboard/MIPSfpga_axi4.srcs/sources_1/ipshared/xilinx.com/generic_baseblocks_v2_1/da89d453/hdl/verilog/generic_baseblocks_v2_1_comparator_mask_static.v
Duplicated file found; will not be sent for synthesis: e:/Peripheral_Interface_lab6/MIPSfpga_keyboard/MIPSfpga_axi4.srcs/sources_1/ipshared/xilinx.com/generic_baseblocks_v2_1/da89d453/hdl/verilog/generic_baseblocks_v2_1_comparator_mask.v
Duplicated file found; will not be sent for synthesis: e:/Peripheral_Interface_lab6/MIPSfpga_keyboard/MIPSfpga_axi4.srcs/sources_1/ipshared/xilinx.com/generic_baseblocks_v2_1/da89d453/hdl/verilog/generic_baseblocks_v2_1_comparator_sel_mask_static.v
Duplicated file found; will not be sent for synthesis: e:/Peripheral_Interface_lab6/MIPSfpga_keyboard/MIPSfpga_axi4.srcs/sources_1/ipshared/xilinx.com/generic_baseblocks_v2_1/da89d453/hdl/verilog/generic_baseblocks_v2_1_comparator_sel_mask.v
Duplicated file found; will not be sent for synthesis: e:/Peripheral_Interface_lab6/MIPSfpga_keyboard/MIPSfpga_axi4.srcs/sources_1/ipshared/xilinx.com/generic_baseblocks_v2_1/da89d453/hdl/verilog/generic_baseblocks_v2_1_comparator_sel_static.v
Duplicated file found; will not be sent for synthesis: e:/Peripheral_Interface_lab6/MIPSfpga_keyboard/MIPSfpga_axi4.srcs/sources_1/ipshared/xilinx.com/generic_baseblocks_v2_1/da89d453/hdl/verilog/generic_baseblocks_v2_1_comparator_sel.v
Duplicated file found; will not be sent for synthesis: e:/Peripheral_Interface_lab6/MIPSfpga_keyboard/MIPSfpga_axi4.srcs/sources_1/ipshared/xilinx.com/generic_baseblocks_v2_1/da89d453/hdl/verilog/generic_baseblocks_v2_1_comparator_static.v
Duplicated file found; will not be sent for synthesis: e:/Peripheral_Interface_lab6/MIPSfpga_keyboard/MIPSfpga_axi4.srcs/sources_1/ipshared/xilinx.com/generic_baseblocks_v2_1/da89d453/hdl/verilog/generic_baseblocks_v2_1_comparator.v
Duplicated file found; will not be sent for synthesis: e:/Peripheral_Interface_lab6/MIPSfpga_keyboard/MIPSfpga_axi4.srcs/sources_1/ipshared/xilinx.com/generic_baseblocks_v2_1/da89d453/hdl/verilog/generic_baseblocks_v2_1_mux_enc.v
Duplicated file found; will not be sent for synthesis: e:/Peripheral_Interface_lab6/MIPSfpga_keyboard/MIPSfpga_axi4.srcs/sources_1/ipshared/xilinx.com/generic_baseblocks_v2_1/da89d453/hdl/verilog/generic_baseblocks_v2_1_mux.v
Duplicated file found; will not be sent for synthesis: e:/Peripheral_Interface_lab6/MIPSfpga_keyboard/MIPSfpga_axi4.srcs/sources_1/ipshared/xilinx.com/generic_baseblocks_v2_1/da89d453/hdl/verilog/generic_baseblocks_v2_1_nto1_mux.v
Duplicated file found; will not be sent for synthesis: e:/Peripheral_Interface_lab6/MIPSfpga_keyboard/MIPSfpga_axi4.srcs/sources_1/ipshared/xilinx.com/axi_data_fifo_v2_1/82d298e6/hdl/verilog/axi_data_fifo_v2_1_axic_fifo.v
Duplicated file found; will not be sent for synthesis: e:/Peripheral_Interface_lab6/MIPSfpga_keyboard/MIPSfpga_axi4.srcs/sources_1/ipshared/xilinx.com/axi_data_fifo_v2_1/82d298e6/hdl/verilog/axi_data_fifo_v2_1_fifo_gen.v
Duplicated file found; will not be sent for synthesis: e:/Peripheral_Interface_lab6/MIPSfpga_keyboard/MIPSfpga_axi4.srcs/sources_1/ipshared/xilinx.com/axi_data_fifo_v2_1/82d298e6/hdl/verilog/axi_data_fifo_v2_1_axic_srl_fifo.v
Duplicated file found; will not be sent for synthesis: e:/Peripheral_Interface_lab6/MIPSfpga_keyboard/MIPSfpga_axi4.srcs/sources_1/ipshared/xilinx.com/axi_data_fifo_v2_1/82d298e6/hdl/verilog/axi_data_fifo_v2_1_axic_reg_srl_fifo.v
Duplicated file found; will not be sent for synthesis: e:/Peripheral_Interface_lab6/MIPSfpga_keyboard/MIPSfpga_axi4.srcs/sources_1/ipshared/xilinx.com/axi_data_fifo_v2_1/82d298e6/hdl/verilog/axi_data_fifo_v2_1_ndeep_srl.v
Duplicated file found; will not be sent for synthesis: e:/Peripheral_Interface_lab6/MIPSfpga_keyboard/MIPSfpga_axi4.srcs/sources_1/ipshared/xilinx.com/axi_data_fifo_v2_1/82d298e6/hdl/verilog/axi_data_fifo_v2_1_axi_data_fifo.v
Duplicated file found; will not be sent for synthesis: e:/Peripheral_Interface_lab6/MIPSfpga_keyboard/MIPSfpga_axi4.srcs/sources_1/ipshared/xilinx.com/axi_infrastructure_v1_1/cf21a66f/hdl/verilog/axi_infrastructure_v1_1_header.vh
Duplicated file found; will not be sent for synthesis: e:/Peripheral_Interface_lab6/MIPSfpga_keyboard/MIPSfpga_axi4.srcs/sources_1/ipshared/xilinx.com/axi_infrastructure_v1_1/cf21a66f/hdl/verilog/axi_infrastructure_v1_1_axi2vector.v
Duplicated file found; will not be sent for synthesis: e:/Peripheral_Interface_lab6/MIPSfpga_keyboard/MIPSfpga_axi4.srcs/sources_1/ipshared/xilinx.com/axi_infrastructure_v1_1/cf21a66f/hdl/verilog/axi_infrastructure_v1_1_axic_srl_fifo.v
Duplicated file found; will not be sent for synthesis: e:/Peripheral_Interface_lab6/MIPSfpga_keyboard/MIPSfpga_axi4.srcs/sources_1/ipshared/xilinx.com/axi_infrastructure_v1_1/cf21a66f/hdl/verilog/axi_infrastructure_v1_1_vector2axi.v
Duplicated file found; will not be sent for synthesis: e:/Peripheral_Interface_lab6/MIPSfpga_keyboard/MIPSfpga_axi4.srcs/sources_1/ipshared/xilinx.com/axi_register_slice_v2_1/03a8e0ba/hdl/verilog/axi_register_slice_v2_1_axic_register_slice.v
Duplicated file found; will not be sent for synthesis: e:/Peripheral_Interface_lab6/MIPSfpga_keyboard/MIPSfpga_axi4.srcs/sources_1/ipshared/xilinx.com/axi_register_slice_v2_1/03a8e0ba/hdl/verilog/axi_register_slice_v2_1_axi_register_slice.v
Duplicated file found; will not be sent for synthesis: e:/Peripheral_Interface_lab6/MIPSfpga_keyboard/MIPSfpga_axi4.srcs/sources_1/ipshared/xilinx.com/axi_protocol_converter_v2_1/017861a2/hdl/verilog/axi_protocol_converter_v2_1_a_axi3_conv.v
Duplicated file found; will not be sent for synthesis: e:/Peripheral_Interface_lab6/MIPSfpga_keyboard/MIPSfpga_axi4.srcs/sources_1/ipshared/xilinx.com/axi_protocol_converter_v2_1/017861a2/hdl/verilog/axi_protocol_converter_v2_1_axi3_conv.v
Duplicated file found; will not be sent for synthesis: e:/Peripheral_Interface_lab6/MIPSfpga_keyboard/MIPSfpga_axi4.srcs/sources_1/ipshared/xilinx.com/axi_protocol_converter_v2_1/017861a2/hdl/verilog/axi_protocol_converter_v2_1_axilite_conv.v
Duplicated file found; will not be sent for synthesis: e:/Peripheral_Interface_lab6/MIPSfpga_keyboard/MIPSfpga_axi4.srcs/sources_1/ipshared/xilinx.com/axi_protocol_converter_v2_1/017861a2/hdl/verilog/axi_protocol_converter_v2_1_r_axi3_conv.v
Duplicated file found; will not be sent for synthesis: e:/Peripheral_Interface_lab6/MIPSfpga_keyboard/MIPSfpga_axi4.srcs/sources_1/ipshared/xilinx.com/axi_protocol_converter_v2_1/017861a2/hdl/verilog/axi_protocol_converter_v2_1_w_axi3_conv.v
Duplicated file found; will not be sent for synthesis: e:/Peripheral_Interface_lab6/MIPSfpga_keyboard/MIPSfpga_axi4.srcs/sources_1/ipshared/xilinx.com/axi_protocol_converter_v2_1/017861a2/hdl/verilog/axi_protocol_converter_v2_1_b_downsizer.v
Duplicated file found; will not be sent for synthesis: e:/Peripheral_Interface_lab6/MIPSfpga_keyboard/MIPSfpga_axi4.srcs/sources_1/ipshared/xilinx.com/axi_protocol_converter_v2_1/017861a2/hdl/verilog/axi_protocol_converter_v2_1_decerr_slave.v
Duplicated file found; will not be sent for synthesis: e:/Peripheral_Interface_lab6/MIPSfpga_keyboard/MIPSfpga_axi4.srcs/sources_1/ipshared/xilinx.com/axi_protocol_converter_v2_1/017861a2/hdl/verilog/axi_protocol_converter_v2_1_b2s_simple_fifo.v
Duplicated file found; will not be sent for synthesis: e:/Peripheral_Interface_lab6/MIPSfpga_keyboard/MIPSfpga_axi4.srcs/sources_1/ipshared/xilinx.com/axi_protocol_converter_v2_1/017861a2/hdl/verilog/axi_protocol_converter_v2_1_b2s_wrap_cmd.v
Duplicated file found; will not be sent for synthesis: e:/Peripheral_Interface_lab6/MIPSfpga_keyboard/MIPSfpga_axi4.srcs/sources_1/ipshared/xilinx.com/axi_protocol_converter_v2_1/017861a2/hdl/verilog/axi_protocol_converter_v2_1_b2s_incr_cmd.v
Duplicated file found; will not be sent for synthesis: e:/Peripheral_Interface_lab6/MIPSfpga_keyboard/MIPSfpga_axi4.srcs/sources_1/ipshared/xilinx.com/axi_protocol_converter_v2_1/017861a2/hdl/verilog/axi_protocol_converter_v2_1_b2s_wr_cmd_fsm.v
Duplicated file found; will not be sent for synthesis: e:/Peripheral_Interface_lab6/MIPSfpga_keyboard/MIPSfpga_axi4.srcs/sources_1/ipshared/xilinx.com/axi_protocol_converter_v2_1/017861a2/hdl/verilog/axi_protocol_converter_v2_1_b2s_rd_cmd_fsm.v
Duplicated file found; will not be sent for synthesis: e:/Peripheral_Interface_lab6/MIPSfpga_keyboard/MIPSfpga_axi4.srcs/sources_1/ipshared/xilinx.com/axi_protocol_converter_v2_1/017861a2/hdl/verilog/axi_protocol_converter_v2_1_b2s_cmd_translator.v
Duplicated file found; will not be sent for synthesis: e:/Peripheral_Interface_lab6/MIPSfpga_keyboard/MIPSfpga_axi4.srcs/sources_1/ipshared/xilinx.com/axi_protocol_converter_v2_1/017861a2/hdl/verilog/axi_protocol_converter_v2_1_b2s_b_channel.v
Duplicated file found; will not be sent for synthesis: e:/Peripheral_Interface_lab6/MIPSfpga_keyboard/MIPSfpga_axi4.srcs/sources_1/ipshared/xilinx.com/axi_protocol_converter_v2_1/017861a2/hdl/verilog/axi_protocol_converter_v2_1_b2s_r_channel.v
Duplicated file found; will not be sent for synthesis: e:/Peripheral_Interface_lab6/MIPSfpga_keyboard/MIPSfpga_axi4.srcs/sources_1/ipshared/xilinx.com/axi_protocol_converter_v2_1/017861a2/hdl/verilog/axi_protocol_converter_v2_1_b2s_aw_channel.v
Duplicated file found; will not be sent for synthesis: e:/Peripheral_Interface_lab6/MIPSfpga_keyboard/MIPSfpga_axi4.srcs/sources_1/ipshared/xilinx.com/axi_protocol_converter_v2_1/017861a2/hdl/verilog/axi_protocol_converter_v2_1_b2s_ar_channel.v
Duplicated file found; will not be sent for synthesis: e:/Peripheral_Interface_lab6/MIPSfpga_keyboard/MIPSfpga_axi4.srcs/sources_1/ipshared/xilinx.com/axi_protocol_converter_v2_1/017861a2/hdl/verilog/axi_protocol_converter_v2_1_b2s.v
Duplicated file found; will not be sent for synthesis: e:/Peripheral_Interface_lab6/MIPSfpga_keyboard/MIPSfpga_axi4.srcs/sources_1/ipshared/xilinx.com/axi_protocol_converter_v2_1/017861a2/hdl/verilog/axi_protocol_converter_v2_1_axi_protocol_converter.v
Duplicated file found; will not be sent for synthesis: e:/Peripheral_Interface_lab6/MIPSfpga_keyboard/MIPSfpga_axi4.srcs/sources_1/ipshared/xilinx.com/blk_mem_gen_v8_2/7b054ed9/hdl/blk_mem_gen_v8_2_vhsyn_rfs.vhd
Duplicated file found; will not be sent for synthesis: e:/Peripheral_Interface_lab6/MIPSfpga_keyboard/MIPSfpga_axi4.srcs/sources_1/ipshared/xilinx.com/blk_mem_gen_v8_2/7b054ed9/hdl/blk_mem_gen_v8_2.vhd
Duplicated file found; will not be sent for synthesis: e:/Peripheral_Interface_lab6/MIPSfpga_keyboard/MIPSfpga_axi4.srcs/sources_1/ipshared/xilinx.com/fifo_generator_v12_0/15467f24/hdl/fifo_generator_v12_0_vhsyn_rfs.vhd
Duplicated file found; will not be sent for synthesis: e:/Peripheral_Interface_lab6/MIPSfpga_keyboard/MIPSfpga_axi4.srcs/sources_1/ipshared/xilinx.com/fifo_generator_v12_0/15467f24/hdl/fifo_generator_v12_0.vhd
Duplicated file found; will not be sent for synthesis: e:/Peripheral_Interface_lab6/MIPSfpga_keyboard/MIPSfpga_axi4.srcs/sources_1/ipshared/xilinx.com/generic_baseblocks_v2_1/da89d453/hdl/verilog/generic_baseblocks_v2_1_carry_and.v
Duplicated file found; will not be sent for synthesis: e:/Peripheral_Interface_lab6/MIPSfpga_keyboard/MIPSfpga_axi4.srcs/sources_1/ipshared/xilinx.com/generic_baseblocks_v2_1/da89d453/hdl/verilog/generic_baseblocks_v2_1_carry_latch_and.v
Duplicated file found; will not be sent for synthesis: e:/Peripheral_Interface_lab6/MIPSfpga_keyboard/MIPSfpga_axi4.srcs/sources_1/ipshared/xilinx.com/generic_baseblocks_v2_1/da89d453/hdl/verilog/generic_baseblocks_v2_1_carry_latch_or.v
Duplicated file found; will not be sent for synthesis: e:/Peripheral_Interface_lab6/MIPSfpga_keyboard/MIPSfpga_axi4.srcs/sources_1/ipshared/xilinx.com/generic_baseblocks_v2_1/da89d453/hdl/verilog/generic_baseblocks_v2_1_carry_or.v
Duplicated file found; will not be sent for synthesis: e:/Peripheral_Interface_lab6/MIPSfpga_keyboard/MIPSfpga_axi4.srcs/sources_1/ipshared/xilinx.com/generic_baseblocks_v2_1/da89d453/hdl/verilog/generic_baseblocks_v2_1_carry.v
Duplicated file found; will not be sent for synthesis: e:/Peripheral_Interface_lab6/MIPSfpga_keyboard/MIPSfpga_axi4.srcs/sources_1/ipshared/xilinx.com/generic_baseblocks_v2_1/da89d453/hdl/verilog/generic_baseblocks_v2_1_command_fifo.v
Duplicated file found; will not be sent for synthesis: e:/Peripheral_Interface_lab6/MIPSfpga_keyboard/MIPSfpga_axi4.srcs/sources_1/ipshared/xilinx.com/generic_baseblocks_v2_1/da89d453/hdl/verilog/generic_baseblocks_v2_1_comparator_mask_static.v
Duplicated file found; will not be sent for synthesis: e:/Peripheral_Interface_lab6/MIPSfpga_keyboard/MIPSfpga_axi4.srcs/sources_1/ipshared/xilinx.com/generic_baseblocks_v2_1/da89d453/hdl/verilog/generic_baseblocks_v2_1_comparator_mask.v
Duplicated file found; will not be sent for synthesis: e:/Peripheral_Interface_lab6/MIPSfpga_keyboard/MIPSfpga_axi4.srcs/sources_1/ipshared/xilinx.com/generic_baseblocks_v2_1/da89d453/hdl/verilog/generic_baseblocks_v2_1_comparator_sel_mask_static.v
Duplicated file found; will not be sent for synthesis: e:/Peripheral_Interface_lab6/MIPSfpga_keyboard/MIPSfpga_axi4.srcs/sources_1/ipshared/xilinx.com/generic_baseblocks_v2_1/da89d453/hdl/verilog/generic_baseblocks_v2_1_comparator_sel_mask.v
Duplicated file found; will not be sent for synthesis: e:/Peripheral_Interface_lab6/MIPSfpga_keyboard/MIPSfpga_axi4.srcs/sources_1/ipshared/xilinx.com/generic_baseblocks_v2_1/da89d453/hdl/verilog/generic_baseblocks_v2_1_comparator_sel_static.v
Duplicated file found; will not be sent for synthesis: e:/Peripheral_Interface_lab6/MIPSfpga_keyboard/MIPSfpga_axi4.srcs/sources_1/ipshared/xilinx.com/generic_baseblocks_v2_1/da89d453/hdl/verilog/generic_baseblocks_v2_1_comparator_sel.v
Duplicated file found; will not be sent for synthesis: e:/Peripheral_Interface_lab6/MIPSfpga_keyboard/MIPSfpga_axi4.srcs/sources_1/ipshared/xilinx.com/generic_baseblocks_v2_1/da89d453/hdl/verilog/generic_baseblocks_v2_1_comparator_static.v
Duplicated file found; will not be sent for synthesis: e:/Peripheral_Interface_lab6/MIPSfpga_keyboard/MIPSfpga_axi4.srcs/sources_1/ipshared/xilinx.com/generic_baseblocks_v2_1/da89d453/hdl/verilog/generic_baseblocks_v2_1_comparator.v
Duplicated file found; will not be sent for synthesis: e:/Peripheral_Interface_lab6/MIPSfpga_keyboard/MIPSfpga_axi4.srcs/sources_1/ipshared/xilinx.com/generic_baseblocks_v2_1/da89d453/hdl/verilog/generic_baseblocks_v2_1_mux_enc.v
Duplicated file found; will not be sent for synthesis: e:/Peripheral_Interface_lab6/MIPSfpga_keyboard/MIPSfpga_axi4.srcs/sources_1/ipshared/xilinx.com/generic_baseblocks_v2_1/da89d453/hdl/verilog/generic_baseblocks_v2_1_mux.v
Duplicated file found; will not be sent for synthesis: e:/Peripheral_Interface_lab6/MIPSfpga_keyboard/MIPSfpga_axi4.srcs/sources_1/ipshared/xilinx.com/generic_baseblocks_v2_1/da89d453/hdl/verilog/generic_baseblocks_v2_1_nto1_mux.v
Duplicated file found; will not be sent for synthesis: e:/Peripheral_Interface_lab6/MIPSfpga_keyboard/MIPSfpga_axi4.srcs/sources_1/ipshared/xilinx.com/axi_data_fifo_v2_1/82d298e6/hdl/verilog/axi_data_fifo_v2_1_axic_fifo.v
Duplicated file found; will not be sent for synthesis: e:/Peripheral_Interface_lab6/MIPSfpga_keyboard/MIPSfpga_axi4.srcs/sources_1/ipshared/xilinx.com/axi_data_fifo_v2_1/82d298e6/hdl/verilog/axi_data_fifo_v2_1_fifo_gen.v
Duplicated file found; will not be sent for synthesis: e:/Peripheral_Interface_lab6/MIPSfpga_keyboard/MIPSfpga_axi4.srcs/sources_1/ipshared/xilinx.com/axi_data_fifo_v2_1/82d298e6/hdl/verilog/axi_data_fifo_v2_1_axic_srl_fifo.v
Duplicated file found; will not be sent for synthesis: e:/Peripheral_Interface_lab6/MIPSfpga_keyboard/MIPSfpga_axi4.srcs/sources_1/ipshared/xilinx.com/axi_data_fifo_v2_1/82d298e6/hdl/verilog/axi_data_fifo_v2_1_axic_reg_srl_fifo.v
Duplicated file found; will not be sent for synthesis: e:/Peripheral_Interface_lab6/MIPSfpga_keyboard/MIPSfpga_axi4.srcs/sources_1/ipshared/xilinx.com/axi_data_fifo_v2_1/82d298e6/hdl/verilog/axi_data_fifo_v2_1_ndeep_srl.v
Duplicated file found; will not be sent for synthesis: e:/Peripheral_Interface_lab6/MIPSfpga_keyboard/MIPSfpga_axi4.srcs/sources_1/ipshared/xilinx.com/axi_data_fifo_v2_1/82d298e6/hdl/verilog/axi_data_fifo_v2_1_axi_data_fifo.v
Duplicated file found; will not be sent for synthesis: e:/Peripheral_Interface_lab6/MIPSfpga_keyboard/MIPSfpga_axi4.srcs/sources_1/ipshared/xilinx.com/axi_infrastructure_v1_1/cf21a66f/hdl/verilog/axi_infrastructure_v1_1_header.vh
Duplicated file found; will not be sent for synthesis: e:/Peripheral_Interface_lab6/MIPSfpga_keyboard/MIPSfpga_axi4.srcs/sources_1/ipshared/xilinx.com/axi_infrastructure_v1_1/cf21a66f/hdl/verilog/axi_infrastructure_v1_1_axi2vector.v
Duplicated file found; will not be sent for synthesis: e:/Peripheral_Interface_lab6/MIPSfpga_keyboard/MIPSfpga_axi4.srcs/sources_1/ipshared/xilinx.com/axi_infrastructure_v1_1/cf21a66f/hdl/verilog/axi_infrastructure_v1_1_axic_srl_fifo.v
Duplicated file found; will not be sent for synthesis: e:/Peripheral_Interface_lab6/MIPSfpga_keyboard/MIPSfpga_axi4.srcs/sources_1/ipshared/xilinx.com/axi_infrastructure_v1_1/cf21a66f/hdl/verilog/axi_infrastructure_v1_1_vector2axi.v
Duplicated file found; will not be sent for synthesis: e:/Peripheral_Interface_lab6/MIPSfpga_keyboard/MIPSfpga_axi4.srcs/sources_1/ipshared/xilinx.com/axi_register_slice_v2_1/03a8e0ba/hdl/verilog/axi_register_slice_v2_1_axic_register_slice.v
Duplicated file found; will not be sent for synthesis: e:/Peripheral_Interface_lab6/MIPSfpga_keyboard/MIPSfpga_axi4.srcs/sources_1/ipshared/xilinx.com/axi_register_slice_v2_1/03a8e0ba/hdl/verilog/axi_register_slice_v2_1_axi_register_slice.v
Duplicated file found; will not be sent for synthesis: e:/Peripheral_Interface_lab6/MIPSfpga_keyboard/MIPSfpga_axi4.srcs/sources_1/ipshared/xilinx.com/axi_protocol_converter_v2_1/017861a2/hdl/verilog/axi_protocol_converter_v2_1_a_axi3_conv.v
Duplicated file found; will not be sent for synthesis: e:/Peripheral_Interface_lab6/MIPSfpga_keyboard/MIPSfpga_axi4.srcs/sources_1/ipshared/xilinx.com/axi_protocol_converter_v2_1/017861a2/hdl/verilog/axi_protocol_converter_v2_1_axi3_conv.v
Duplicated file found; will not be sent for synthesis: e:/Peripheral_Interface_lab6/MIPSfpga_keyboard/MIPSfpga_axi4.srcs/sources_1/ipshared/xilinx.com/axi_protocol_converter_v2_1/017861a2/hdl/verilog/axi_protocol_converter_v2_1_axilite_conv.v
Duplicated file found; will not be sent for synthesis: e:/Peripheral_Interface_lab6/MIPSfpga_keyboard/MIPSfpga_axi4.srcs/sources_1/ipshared/xilinx.com/axi_protocol_converter_v2_1/017861a2/hdl/verilog/axi_protocol_converter_v2_1_r_axi3_conv.v
Duplicated file found; will not be sent for synthesis: e:/Peripheral_Interface_lab6/MIPSfpga_keyboard/MIPSfpga_axi4.srcs/sources_1/ipshared/xilinx.com/axi_protocol_converter_v2_1/017861a2/hdl/verilog/axi_protocol_converter_v2_1_w_axi3_conv.v
Duplicated file found; will not be sent for synthesis: e:/Peripheral_Interface_lab6/MIPSfpga_keyboard/MIPSfpga_axi4.srcs/sources_1/ipshared/xilinx.com/axi_protocol_converter_v2_1/017861a2/hdl/verilog/axi_protocol_converter_v2_1_b_downsizer.v
Duplicated file found; will not be sent for synthesis: e:/Peripheral_Interface_lab6/MIPSfpga_keyboard/MIPSfpga_axi4.srcs/sources_1/ipshared/xilinx.com/axi_protocol_converter_v2_1/017861a2/hdl/verilog/axi_protocol_converter_v2_1_decerr_slave.v
Duplicated file found; will not be sent for synthesis: e:/Peripheral_Interface_lab6/MIPSfpga_keyboard/MIPSfpga_axi4.srcs/sources_1/ipshared/xilinx.com/axi_protocol_converter_v2_1/017861a2/hdl/verilog/axi_protocol_converter_v2_1_b2s_simple_fifo.v
Duplicated file found; will not be sent for synthesis: e:/Peripheral_Interface_lab6/MIPSfpga_keyboard/MIPSfpga_axi4.srcs/sources_1/ipshared/xilinx.com/axi_protocol_converter_v2_1/017861a2/hdl/verilog/axi_protocol_converter_v2_1_b2s_wrap_cmd.v
Duplicated file found; will not be sent for synthesis: e:/Peripheral_Interface_lab6/MIPSfpga_keyboard/MIPSfpga_axi4.srcs/sources_1/ipshared/xilinx.com/axi_protocol_converter_v2_1/017861a2/hdl/verilog/axi_protocol_converter_v2_1_b2s_incr_cmd.v
Duplicated file found; will not be sent for synthesis: e:/Peripheral_Interface_lab6/MIPSfpga_keyboard/MIPSfpga_axi4.srcs/sources_1/ipshared/xilinx.com/axi_protocol_converter_v2_1/017861a2/hdl/verilog/axi_protocol_converter_v2_1_b2s_wr_cmd_fsm.v
Duplicated file found; will not be sent for synthesis: e:/Peripheral_Interface_lab6/MIPSfpga_keyboard/MIPSfpga_axi4.srcs/sources_1/ipshared/xilinx.com/axi_protocol_converter_v2_1/017861a2/hdl/verilog/axi_protocol_converter_v2_1_b2s_rd_cmd_fsm.v
Duplicated file found; will not be sent for synthesis: e:/Peripheral_Interface_lab6/MIPSfpga_keyboard/MIPSfpga_axi4.srcs/sources_1/ipshared/xilinx.com/axi_protocol_converter_v2_1/017861a2/hdl/verilog/axi_protocol_converter_v2_1_b2s_cmd_translator.v
Duplicated file found; will not be sent for synthesis: e:/Peripheral_Interface_lab6/MIPSfpga_keyboard/MIPSfpga_axi4.srcs/sources_1/ipshared/xilinx.com/axi_protocol_converter_v2_1/017861a2/hdl/verilog/axi_protocol_converter_v2_1_b2s_b_channel.v
Duplicated file found; will not be sent for synthesis: e:/Peripheral_Interface_lab6/MIPSfpga_keyboard/MIPSfpga_axi4.srcs/sources_1/ipshared/xilinx.com/axi_protocol_converter_v2_1/017861a2/hdl/verilog/axi_protocol_converter_v2_1_b2s_r_channel.v
Duplicated file found; will not be sent for synthesis: e:/Peripheral_Interface_lab6/MIPSfpga_keyboard/MIPSfpga_axi4.srcs/sources_1/ipshared/xilinx.com/axi_protocol_converter_v2_1/017861a2/hdl/verilog/axi_protocol_converter_v2_1_b2s_aw_channel.v
Duplicated file found; will not be sent for synthesis: e:/Peripheral_Interface_lab6/MIPSfpga_keyboard/MIPSfpga_axi4.srcs/sources_1/ipshared/xilinx.com/axi_protocol_converter_v2_1/017861a2/hdl/verilog/axi_protocol_converter_v2_1_b2s_ar_channel.v
Duplicated file found; will not be sent for synthesis: e:/Peripheral_Interface_lab6/MIPSfpga_keyboard/MIPSfpga_axi4.srcs/sources_1/ipshared/xilinx.com/axi_protocol_converter_v2_1/017861a2/hdl/verilog/axi_protocol_converter_v2_1_b2s.v
Duplicated file found; will not be sent for synthesis: e:/Peripheral_Interface_lab6/MIPSfpga_keyboard/MIPSfpga_axi4.srcs/sources_1/ipshared/xilinx.com/axi_protocol_converter_v2_1/017861a2/hdl/verilog/axi_protocol_converter_v2_1_axi_protocol_converter.v
Duplicated file found; will not be sent for synthesis: e:/Peripheral_Interface_lab6/MIPSfpga_keyboard/MIPSfpga_axi4.srcs/sources_1/ipshared/xilinx.com/blk_mem_gen_v8_2/7b054ed9/hdl/blk_mem_gen_v8_2_vhsyn_rfs.vhd
Duplicated file found; will not be sent for synthesis: e:/Peripheral_Interface_lab6/MIPSfpga_keyboard/MIPSfpga_axi4.srcs/sources_1/ipshared/xilinx.com/blk_mem_gen_v8_2/7b054ed9/hdl/blk_mem_gen_v8_2.vhd
Duplicated file found; will not be sent for synthesis: e:/Peripheral_Interface_lab6/MIPSfpga_keyboard/MIPSfpga_axi4.srcs/sources_1/ipshared/xilinx.com/fifo_generator_v12_0/15467f24/hdl/fifo_generator_v12_0_vhsyn_rfs.vhd
Duplicated file found; will not be sent for synthesis: e:/Peripheral_Interface_lab6/MIPSfpga_keyboard/MIPSfpga_axi4.srcs/sources_1/ipshared/xilinx.com/fifo_generator_v12_0/15467f24/hdl/fifo_generator_v12_0.vhd
CRC performance measure: elapsed=00:00:00.078s;;memory_peak=243.086MB;;memory_gain=0.004MB
