
*** Running vivado
    with args -log MIPSfpga_system_blk_mem_gen_0_0.vds -m64 -mode batch -messageDb vivado.pb -notrace -source MIPSfpga_system_blk_mem_gen_0_0.tcl

WARNING: Default location for XILINX_VIVADO_HLS not found: 

****** Vivado v2015.2 (64-bit)
  **** SW Build 1266856 on Fri Jun 26 16:35:25 MDT 2015
  **** IP Build 1264090 on Wed Jun 24 14:22:01 MDT 2015
    ** Copyright 1986-2015 Xilinx, Inc. All Rights Reserved.

source MIPSfpga_system_blk_mem_gen_0_0.tcl -notrace
INFO: [IP_Flow 19-234] Refreshing IP repositories
INFO: [IP_Flow 19-1700] Loaded user IP repository 'e:/Peripheral_Interface_lab6/ip_repo'.
INFO: [IP_Flow 19-2313] Loaded Vivado IP repository 'D:/Xilinx/Vivado/2015.2/data/ip'.
WARNING: [IP_Flow 19-3664] IP 'MIPSfpga_system_blk_mem_gen_0_0' generated file not found 'e:/Peripheral_Interface_lab6/MIPSfpga_keyboard/MIPSfpga_axi4.srcs/sources_1/bd/MIPSfpga_system/ip/MIPSfpga_system_blk_mem_gen_0_0/MIPSfpga_system_blk_mem_gen_0_0.dcp'. Please regenerate to continue.
WARNING: [IP_Flow 19-3664] IP 'MIPSfpga_system_blk_mem_gen_0_0' generated file not found 'e:/Peripheral_Interface_lab6/MIPSfpga_keyboard/MIPSfpga_axi4.srcs/sources_1/bd/MIPSfpga_system/ip/MIPSfpga_system_blk_mem_gen_0_0/MIPSfpga_system_blk_mem_gen_0_0_stub.v'. Please regenerate to continue.
WARNING: [IP_Flow 19-3664] IP 'MIPSfpga_system_blk_mem_gen_0_0' generated file not found 'e:/Peripheral_Interface_lab6/MIPSfpga_keyboard/MIPSfpga_axi4.srcs/sources_1/bd/MIPSfpga_system/ip/MIPSfpga_system_blk_mem_gen_0_0/MIPSfpga_system_blk_mem_gen_0_0_stub.vhdl'. Please regenerate to continue.
WARNING: [IP_Flow 19-3664] IP 'MIPSfpga_system_blk_mem_gen_0_0' generated file not found 'e:/Peripheral_Interface_lab6/MIPSfpga_keyboard/MIPSfpga_axi4.srcs/sources_1/bd/MIPSfpga_system/ip/MIPSfpga_system_blk_mem_gen_0_0/MIPSfpga_system_blk_mem_gen_0_0_funcsim.v'. Please regenerate to continue.
WARNING: [IP_Flow 19-3664] IP 'MIPSfpga_system_blk_mem_gen_0_0' generated file not found 'e:/Peripheral_Interface_lab6/MIPSfpga_keyboard/MIPSfpga_axi4.srcs/sources_1/bd/MIPSfpga_system/ip/MIPSfpga_system_blk_mem_gen_0_0/MIPSfpga_system_blk_mem_gen_0_0_funcsim.vhdl'. Please regenerate to continue.
Command: synth_design -top MIPSfpga_system_blk_mem_gen_0_0 -part xc7a100tcsg324-1 -mode out_of_context
Starting synth_design
Attempting to get a license for feature 'Synthesis' and/or device 'xc7a100t'
INFO: [Common 17-349] Got license for feature 'Synthesis' and/or device 'xc7a100t'
---------------------------------------------------------------------------------
Starting RTL Elaboration : Time (s): cpu = 00:00:32 ; elapsed = 00:00:47 . Memory (MB): peak = 249.367 ; gain = 73.500
---------------------------------------------------------------------------------
INFO: [Synth 8-638] synthesizing module 'MIPSfpga_system_blk_mem_gen_0_0' [e:/Peripheral_Interface_lab6/MIPSfpga_keyboard/MIPSfpga_axi4.srcs/sources_1/bd/MIPSfpga_system/ip/MIPSfpga_system_blk_mem_gen_0_0/synth/MIPSfpga_system_blk_mem_gen_0_0.vhd:70]
	Parameter C_FAMILY bound to: artix7 - type: string 
	Parameter C_XDEVICEFAMILY bound to: artix7 - type: string 
	Parameter C_ELABORATION_DIR bound to: ./ - type: string 
	Parameter C_INTERFACE_TYPE bound to: 0 - type: integer 
	Parameter C_AXI_TYPE bound to: 1 - type: integer 
	Parameter C_AXI_SLAVE_TYPE bound to: 0 - type: integer 
	Parameter C_USE_BRAM_BLOCK bound to: 0 - type: integer 
	Parameter C_ENABLE_32BIT_ADDRESS bound to: 0 - type: integer 
	Parameter C_CTRL_ECC_ALGO bound to: NONE - type: string 
	Parameter C_HAS_AXI_ID bound to: 0 - type: integer 
	Parameter C_AXI_ID_WIDTH bound to: 4 - type: integer 
	Parameter C_MEM_TYPE bound to: 0 - type: integer 
	Parameter C_BYTE_SIZE bound to: 9 - type: integer 
	Parameter C_ALGORITHM bound to: 1 - type: integer 
	Parameter C_PRIM_TYPE bound to: 1 - type: integer 
	Parameter C_LOAD_INIT_FILE bound to: 1 - type: integer 
	Parameter C_INIT_FILE_NAME bound to: MIPSfpga_system_blk_mem_gen_0_0.mif - type: string 
	Parameter C_INIT_FILE bound to: NONE - type: string 
	Parameter C_USE_DEFAULT_DATA bound to: 0 - type: integer 
	Parameter C_DEFAULT_DATA bound to: 0 - type: string 
	Parameter C_HAS_RSTA bound to: 0 - type: integer 
	Parameter C_RST_PRIORITY_A bound to: CE - type: string 
	Parameter C_RSTRAM_A bound to: 0 - type: integer 
	Parameter C_INITA_VAL bound to: 0 - type: string 
	Parameter C_HAS_ENA bound to: 1 - type: integer 
	Parameter C_HAS_REGCEA bound to: 0 - type: integer 
	Parameter C_USE_BYTE_WEA bound to: 0 - type: integer 
	Parameter C_WEA_WIDTH bound to: 1 - type: integer 
	Parameter C_WRITE_MODE_A bound to: WRITE_FIRST - type: string 
	Parameter C_WRITE_WIDTH_A bound to: 32 - type: integer 
	Parameter C_READ_WIDTH_A bound to: 32 - type: integer 
	Parameter C_WRITE_DEPTH_A bound to: 8192 - type: integer 
	Parameter C_READ_DEPTH_A bound to: 8192 - type: integer 
	Parameter C_ADDRA_WIDTH bound to: 13 - type: integer 
	Parameter C_HAS_RSTB bound to: 0 - type: integer 
	Parameter C_RST_PRIORITY_B bound to: CE - type: string 
	Parameter C_RSTRAM_B bound to: 0 - type: integer 
	Parameter C_INITB_VAL bound to: 0 - type: string 
	Parameter C_HAS_ENB bound to: 0 - type: integer 
	Parameter C_HAS_REGCEB bound to: 0 - type: integer 
	Parameter C_USE_BYTE_WEB bound to: 0 - type: integer 
	Parameter C_WEB_WIDTH bound to: 1 - type: integer 
	Parameter C_WRITE_MODE_B bound to: WRITE_FIRST - type: string 
	Parameter C_WRITE_WIDTH_B bound to: 32 - type: integer 
	Parameter C_READ_WIDTH_B bound to: 32 - type: integer 
	Parameter C_WRITE_DEPTH_B bound to: 8192 - type: integer 
	Parameter C_READ_DEPTH_B bound to: 8192 - type: integer 
	Parameter C_ADDRB_WIDTH bound to: 13 - type: integer 
	Parameter C_HAS_MEM_OUTPUT_REGS_A bound to: 0 - type: integer 
	Parameter C_HAS_MEM_OUTPUT_REGS_B bound to: 0 - type: integer 
	Parameter C_HAS_MUX_OUTPUT_REGS_A bound to: 0 - type: integer 
	Parameter C_HAS_MUX_OUTPUT_REGS_B bound to: 0 - type: integer 
	Parameter C_MUX_PIPELINE_STAGES bound to: 0 - type: integer 
	Parameter C_HAS_SOFTECC_INPUT_REGS_A bound to: 0 - type: integer 
	Parameter C_HAS_SOFTECC_OUTPUT_REGS_B bound to: 0 - type: integer 
	Parameter C_USE_SOFTECC bound to: 0 - type: integer 
	Parameter C_USE_ECC bound to: 0 - type: integer 
	Parameter C_EN_ECC_PIPE bound to: 0 - type: integer 
	Parameter C_HAS_INJECTERR bound to: 0 - type: integer 
	Parameter C_SIM_COLLISION_CHECK bound to: ALL - type: string 
	Parameter C_COMMON_CLK bound to: 0 - type: integer 
	Parameter C_DISABLE_WARN_BHV_COLL bound to: 0 - type: integer 
	Parameter C_EN_SLEEP_PIN bound to: 0 - type: integer 
	Parameter C_USE_URAM bound to: 0 - type: integer 
	Parameter C_EN_RDADDRA_CHG bound to: 0 - type: integer 
	Parameter C_EN_RDADDRB_CHG bound to: 0 - type: integer 
	Parameter C_EN_DEEPSLEEP_PIN bound to: 0 - type: integer 
	Parameter C_EN_SHUTDOWN_PIN bound to: 0 - type: integer 
	Parameter C_DISABLE_WARN_BHV_RANGE bound to: 0 - type: integer 
	Parameter C_COUNT_36K_BRAM bound to: 7 - type: string 
	Parameter C_COUNT_18K_BRAM bound to: 1 - type: string 
	Parameter C_EST_POWER_SUMMARY bound to: Estimated Power for IP     :     11.408575 mW - type: string 
INFO: [Synth 8-3491] module 'blk_mem_gen_v8_2' declared at 'e:/Peripheral_Interface_lab6/MIPSfpga_keyboard/MIPSfpga_axi4.srcs/sources_1/ipshared/xilinx.com/blk_mem_gen_v8_2/7b054ed9/hdl/blk_mem_gen_v8_2.vhd:123' bound to instance 'U0' of component 'blk_mem_gen_v8_2' [e:/Peripheral_Interface_lab6/MIPSfpga_keyboard/MIPSfpga_axi4.srcs/sources_1/bd/MIPSfpga_system/ip/MIPSfpga_system_blk_mem_gen_0_0/synth/MIPSfpga_system_blk_mem_gen_0_0.vhd:227]
INFO: [Synth 8-638] synthesizing module 'blk_mem_gen_v8_2' [e:/Peripheral_Interface_lab6/MIPSfpga_keyboard/MIPSfpga_axi4.srcs/sources_1/ipshared/xilinx.com/blk_mem_gen_v8_2/7b054ed9/hdl/blk_mem_gen_v8_2.vhd:264]
	Parameter C_FAMILY bound to: artix7 - type: string 
	Parameter C_XDEVICEFAMILY bound to: artix7 - type: string 
	Parameter C_ELABORATION_DIR bound to: ./ - type: string 
	Parameter C_INTERFACE_TYPE bound to: 0 - type: integer 
	Parameter C_AXI_TYPE bound to: 1 - type: integer 
	Parameter C_AXI_SLAVE_TYPE bound to: 0 - type: integer 
	Parameter C_USE_BRAM_BLOCK bound to: 0 - type: integer 
	Parameter C_ENABLE_32BIT_ADDRESS bound to: 0 - type: integer 
	Parameter C_CTRL_ECC_ALGO bound to: NONE - type: string 
	Parameter C_HAS_AXI_ID bound to: 0 - type: integer 
	Parameter C_AXI_ID_WIDTH bound to: 4 - type: integer 
	Parameter C_MEM_TYPE bound to: 0 - type: integer 
	Parameter C_BYTE_SIZE bound to: 9 - type: integer 
	Parameter C_ALGORITHM bound to: 1 - type: integer 
	Parameter C_PRIM_TYPE bound to: 1 - type: integer 
	Parameter C_LOAD_INIT_FILE bound to: 1 - type: integer 
	Parameter C_INIT_FILE_NAME bound to: MIPSfpga_system_blk_mem_gen_0_0.mif - type: string 
	Parameter C_INIT_FILE bound to: NONE - type: string 
	Parameter C_USE_DEFAULT_DATA bound to: 0 - type: integer 
	Parameter C_DEFAULT_DATA bound to: 0 - type: string 
	Parameter C_HAS_RSTA bound to: 0 - type: integer 
	Parameter C_RST_PRIORITY_A bound to: CE - type: string 
	Parameter C_RSTRAM_A bound to: 0 - type: integer 
	Parameter C_INITA_VAL bound to: 0 - type: string 
	Parameter C_HAS_ENA bound to: 1 - type: integer 
	Parameter C_HAS_REGCEA bound to: 0 - type: integer 
	Parameter C_USE_BYTE_WEA bound to: 0 - type: integer 
	Parameter C_WEA_WIDTH bound to: 1 - type: integer 
	Parameter C_WRITE_MODE_A bound to: WRITE_FIRST - type: string 
	Parameter C_WRITE_WIDTH_A bound to: 32 - type: integer 
	Parameter C_READ_WIDTH_A bound to: 32 - type: integer 
	Parameter C_WRITE_DEPTH_A bound to: 8192 - type: integer 
	Parameter C_READ_DEPTH_A bound to: 8192 - type: integer 
	Parameter C_ADDRA_WIDTH bound to: 13 - type: integer 
	Parameter C_HAS_RSTB bound to: 0 - type: integer 
	Parameter C_RST_PRIORITY_B bound to: CE - type: string 
	Parameter C_RSTRAM_B bound to: 0 - type: integer 
	Parameter C_INITB_VAL bound to: 0 - type: string 
	Parameter C_HAS_ENB bound to: 0 - type: integer 
	Parameter C_HAS_REGCEB bound to: 0 - type: integer 
	Parameter C_USE_BYTE_WEB bound to: 0 - type: integer 
	Parameter C_WEB_WIDTH bound to: 1 - type: integer 
	Parameter C_WRITE_MODE_B bound to: WRITE_FIRST - type: string 
	Parameter C_WRITE_WIDTH_B bound to: 32 - type: integer 
	Parameter C_READ_WIDTH_B bound to: 32 - type: integer 
	Parameter C_WRITE_DEPTH_B bound to: 8192 - type: integer 
	Parameter C_READ_DEPTH_B bound to: 8192 - type: integer 
	Parameter C_ADDRB_WIDTH bound to: 13 - type: integer 
	Parameter C_HAS_MEM_OUTPUT_REGS_A bound to: 0 - type: integer 
	Parameter C_HAS_MEM_OUTPUT_REGS_B bound to: 0 - type: integer 
	Parameter C_HAS_MUX_OUTPUT_REGS_A bound to: 0 - type: integer 
	Parameter C_HAS_MUX_OUTPUT_REGS_B bound to: 0 - type: integer 
	Parameter C_MUX_PIPELINE_STAGES bound to: 0 - type: integer 
	Parameter C_HAS_SOFTECC_INPUT_REGS_A bound to: 0 - type: integer 
	Parameter C_HAS_SOFTECC_OUTPUT_REGS_B bound to: 0 - type: integer 
	Parameter C_USE_SOFTECC bound to: 0 - type: integer 
	Parameter C_USE_ECC bound to: 0 - type: integer 
	Parameter C_EN_ECC_PIPE bound to: 0 - type: integer 
	Parameter C_HAS_INJECTERR bound to: 0 - type: integer 
	Parameter C_SIM_COLLISION_CHECK bound to: ALL - type: string 
	Parameter C_COMMON_CLK bound to: 0 - type: integer 
	Parameter C_DISABLE_WARN_BHV_COLL bound to: 0 - type: integer 
	Parameter C_EN_SLEEP_PIN bound to: 0 - type: integer 
	Parameter C_USE_URAM bound to: 0 - type: integer 
	Parameter C_EN_RDADDRA_CHG bound to: 0 - type: integer 
	Parameter C_EN_RDADDRB_CHG bound to: 0 - type: integer 
	Parameter C_EN_DEEPSLEEP_PIN bound to: 0 - type: integer 
	Parameter C_EN_SHUTDOWN_PIN bound to: 0 - type: integer 
	Parameter C_DISABLE_WARN_BHV_RANGE bound to: 0 - type: integer 
	Parameter C_COUNT_36K_BRAM bound to: 7 - type: string 
	Parameter C_COUNT_18K_BRAM bound to: 1 - type: string 
	Parameter C_EST_POWER_SUMMARY bound to: Estimated Power for IP     :     11.408575 mW - type: string 
INFO: [Synth 8-638] synthesizing module 'blk_mem_gen_v8_2_synth' [e:/Peripheral_Interface_lab6/MIPSfpga_keyboard/MIPSfpga_axi4.srcs/sources_1/ipshared/xilinx.com/blk_mem_gen_v8_2/7b054ed9/hdl/blk_mem_gen_v8_2_vhsyn_rfs.vhd:193449]
	Parameter C_FAMILY bound to: artix7 - type: string 
	Parameter C_XDEVICEFAMILY bound to: artix7 - type: string 
	Parameter C_ELABORATION_DIR bound to: ./ - type: string 
	Parameter C_INTERFACE_TYPE bound to: 0 - type: integer 
	Parameter C_AXI_TYPE bound to: 1 - type: integer 
	Parameter C_AXI_SLAVE_TYPE bound to: 0 - type: integer 
	Parameter C_HAS_AXI_ID bound to: 0 - type: integer 
	Parameter C_AXI_ID_WIDTH bound to: 4 - type: integer 
	Parameter C_USE_BRAM_BLOCK bound to: 0 - type: integer 
	Parameter C_ENABLE_32BIT_ADDRESS bound to: 0 - type: integer 
	Parameter C_MEM_TYPE bound to: 0 - type: integer 
	Parameter C_BYTE_SIZE bound to: 9 - type: integer 
	Parameter C_ALGORITHM bound to: 1 - type: integer 
	Parameter C_CTRL_ECC_ALGO bound to: NONE - type: string 
	Parameter C_PRIM_TYPE bound to: 1 - type: integer 
	Parameter C_LOAD_INIT_FILE bound to: 1 - type: integer 
	Parameter C_INIT_FILE_NAME bound to: MIPSfpga_system_blk_mem_gen_0_0.mif - type: string 
	Parameter C_INIT_FILE bound to: NONE - type: string 
	Parameter C_USE_DEFAULT_DATA bound to: 0 - type: integer 
	Parameter C_DEFAULT_DATA bound to: 0 - type: string 
	Parameter C_RST_TYPE bound to: sync - type: string 
	Parameter C_HAS_RSTA bound to: 0 - type: integer 
	Parameter C_RST_PRIORITY_A bound to: CE - type: string 
	Parameter C_RSTRAM_A bound to: 0 - type: integer 
	Parameter C_INITA_VAL bound to: 0 - type: string 
	Parameter C_HAS_ENA bound to: 1 - type: integer 
	Parameter C_HAS_REGCEA bound to: 0 - type: integer 
	Parameter C_USE_BYTE_WEA bound to: 0 - type: integer 
	Parameter C_WEA_WIDTH bound to: 1 - type: integer 
	Parameter C_WRITE_MODE_A bound to: WRITE_FIRST - type: string 
	Parameter C_WRITE_WIDTH_A bound to: 32 - type: integer 
	Parameter C_READ_WIDTH_A bound to: 32 - type: integer 
	Parameter C_WRITE_DEPTH_A bound to: 8192 - type: integer 
	Parameter C_READ_DEPTH_A bound to: 8192 - type: integer 
	Parameter C_ADDRA_WIDTH bound to: 13 - type: integer 
	Parameter C_HAS_RSTB bound to: 0 - type: integer 
	Parameter C_RST_PRIORITY_B bound to: CE - type: string 
	Parameter C_RSTRAM_B bound to: 0 - type: integer 
	Parameter C_INITB_VAL bound to: 0 - type: string 
	Parameter C_HAS_ENB bound to: 0 - type: integer 
	Parameter C_HAS_REGCEB bound to: 0 - type: integer 
	Parameter C_USE_BYTE_WEB bound to: 0 - type: integer 
	Parameter C_WEB_WIDTH bound to: 1 - type: integer 
	Parameter C_WRITE_MODE_B bound to: WRITE_FIRST - type: string 
	Parameter C_WRITE_WIDTH_B bound to: 32 - type: integer 
	Parameter C_READ_WIDTH_B bound to: 32 - type: integer 
	Parameter C_WRITE_DEPTH_B bound to: 8192 - type: integer 
	Parameter C_READ_DEPTH_B bound to: 8192 - type: integer 
	Parameter C_ADDRB_WIDTH bound to: 13 - type: integer 
	Parameter C_HAS_MEM_OUTPUT_REGS_A bound to: 0 - type: integer 
	Parameter C_HAS_MEM_OUTPUT_REGS_B bound to: 0 - type: integer 
	Parameter C_HAS_MUX_OUTPUT_REGS_A bound to: 0 - type: integer 
	Parameter C_HAS_MUX_OUTPUT_REGS_B bound to: 0 - type: integer 
	Parameter C_MUX_PIPELINE_STAGES bound to: 0 - type: integer 
	Parameter C_HAS_SOFTECC_INPUT_REGS_A bound to: 0 - type: integer 
	Parameter C_HAS_SOFTECC_OUTPUT_REGS_B bound to: 0 - type: integer 
	Parameter C_USE_ECC bound to: 0 - type: integer 
	Parameter C_USE_SOFTECC bound to: 0 - type: integer 
	Parameter C_HAS_INJECTERR bound to: 0 - type: integer 
	Parameter C_EN_ECC_PIPE bound to: 0 - type: integer 
	Parameter C_EN_SLEEP_PIN bound to: 0 - type: integer 
	Parameter C_EN_RDADDRA_CHG bound to: 0 - type: integer 
	Parameter C_EN_RDADDRB_CHG bound to: 0 - type: integer 
	Parameter C_SIM_COLLISION_CHECK bound to: ALL - type: string 
	Parameter C_COMMON_CLK bound to: 0 - type: integer 
	Parameter C_DISABLE_WARN_BHV_COLL bound to: 0 - type: integer 
	Parameter C_DISABLE_WARN_BHV_RANGE bound to: 0 - type: integer 
INFO: [Synth 8-638] synthesizing module 'blk_mem_gen_top' [e:/Peripheral_Interface_lab6/MIPSfpga_keyboard/MIPSfpga_axi4.srcs/sources_1/ipshared/xilinx.com/blk_mem_gen_v8_2/7b054ed9/hdl/blk_mem_gen_v8_2_vhsyn_rfs.vhd:192416]
	Parameter C_SIM_DEVICE bound to: 7SERIES - type: string 
	Parameter C_FAMILY bound to: virtex6 - type: string 
	Parameter C_XDEVICEFAMILY bound to: artix7 - type: string 
	Parameter C_ELABORATION_DIR bound to: ./ - type: string 
	Parameter C_ENABLE_32BIT_ADDRESS bound to: 0 - type: integer 
	Parameter C_USE_BRAM_BLOCK bound to: 0 - type: integer 
	Parameter C_MEM_TYPE bound to: 0 - type: integer 
	Parameter C_BYTE_SIZE bound to: 9 - type: integer 
	Parameter C_ALGORITHM bound to: 1 - type: integer 
	Parameter C_ALGORITHM_i bound to: 1 - type: integer 
	Parameter C_PRIM_TYPE bound to: 1 - type: integer 
	Parameter C_PRIM_TYPE_i bound to: 1 - type: integer 
	Parameter C_LOAD_INIT_FILE bound to: 1 - type: integer 
	Parameter C_INIT_FILE_NAME bound to: MIPSfpga_system_blk_mem_gen_0_0.mif - type: string 
	Parameter C_USE_DEFAULT_DATA bound to: 0 - type: integer 
	Parameter C_DEFAULT_DATA bound to: 0 - type: string 
	Parameter C_RST_TYPE bound to: sync - type: string 
	Parameter C_HAS_RSTA bound to: 0 - type: integer 
	Parameter C_RST_PRIORITY_A bound to: CE - type: string 
	Parameter C_RSTRAM_A bound to: 0 - type: integer 
	Parameter C_INITA_VAL bound to: 0 - type: string 
	Parameter C_CTRL_ECC_ALGO bound to: NONE - type: string 
	Parameter C_HAS_ENA bound to: 1 - type: integer 
	Parameter C_HAS_REGCEA bound to: 0 - type: integer 
	Parameter C_USE_BYTE_WEA bound to: 0 - type: integer 
	Parameter C_USE_BYTE_WEA_ALGO bound to: 0 - type: integer 
	Parameter C_USE_BYTE_WEA_i bound to: 0 - type: integer 
	Parameter C_WEA_WIDTH bound to: 1 - type: integer 
	Parameter C_WRITE_MODE_A bound to: WRITE_FIRST - type: string 
	Parameter C_WRITE_WIDTH_A bound to: 32 - type: integer 
	Parameter C_READ_WIDTH_A bound to: 32 - type: integer 
	Parameter C_WRITE_DEPTH_A bound to: 8192 - type: integer 
	Parameter C_READ_DEPTH_A bound to: 8192 - type: integer 
	Parameter C_ADDRA_WIDTH bound to: 13 - type: integer 
	Parameter C_HAS_RSTB bound to: 0 - type: integer 
	Parameter C_RST_PRIORITY_B bound to: CE - type: string 
	Parameter C_RSTRAM_B bound to: 0 - type: integer 
	Parameter C_INITB_VAL bound to: 0 - type: string 
	Parameter C_HAS_ENB bound to: 0 - type: integer 
	Parameter C_HAS_REGCEB bound to: 0 - type: integer 
	Parameter C_USE_BYTE_WEB bound to: 0 - type: integer 
	Parameter C_USE_BYTE_WEB_ALGO bound to: 0 - type: integer 
	Parameter C_USE_BYTE_WEB_i bound to: 0 - type: integer 
	Parameter C_WEB_WIDTH bound to: 1 - type: integer 
	Parameter C_WRITE_MODE_B bound to: WRITE_FIRST - type: string 
	Parameter C_WRITE_WIDTH_B bound to: 32 - type: integer 
	Parameter C_READ_WIDTH_B bound to: 32 - type: integer 
	Parameter C_WRITE_DEPTH_B bound to: 8192 - type: integer 
	Parameter C_READ_DEPTH_B bound to: 8192 - type: integer 
	Parameter C_ADDRB_WIDTH bound to: 13 - type: integer 
	Parameter C_HAS_MEM_OUTPUT_REGS_A bound to: 0 - type: integer 
	Parameter C_HAS_MEM_OUTPUT_REGS_B bound to: 0 - type: integer 
	Parameter C_HAS_MUX_OUTPUT_REGS_A bound to: 0 - type: integer 
	Parameter C_HAS_MUX_OUTPUT_REGS_B bound to: 0 - type: integer 
	Parameter C_MUX_PIPELINE_STAGES bound to: 0 - type: integer 
	Parameter C_HAS_SOFTECC_INPUT_REGS_A bound to: 0 - type: integer 
	Parameter C_HAS_SOFTECC_OUTPUT_REGS_B bound to: 0 - type: integer 
	Parameter C_USE_SOFTECC bound to: 0 - type: integer 
	Parameter C_USE_ECC bound to: 0 - type: integer 
	Parameter C_HAS_INJECTERR bound to: 0 - type: integer 
	Parameter C_EN_ECC_PIPE bound to: 0 - type: integer 
	Parameter C_EN_SLEEP_PIN bound to: 0 - type: integer 
	Parameter C_EN_RDADDRA_CHG bound to: 0 - type: integer 
	Parameter C_EN_RDADDRB_CHG bound to: 0 - type: integer 
	Parameter C_SIM_COLLISION_CHECK bound to: ALL - type: string 
	Parameter C_COMMON_CLK bound to: 0 - type: integer 
	Parameter C_DISABLE_WARN_BHV_COLL bound to: 0 - type: integer 
	Parameter C_DISABLE_WARN_BHV_RANGE bound to: 0 - type: integer 
	Parameter DOUBLING_RESOURCE_FIX bound to: 0 - type: integer 
WARNING: [Synth 8-312] ignoring unsynthesizable construct: assertion statement [e:/Peripheral_Interface_lab6/MIPSfpga_keyboard/MIPSfpga_axi4.srcs/sources_1/ipshared/xilinx.com/blk_mem_gen_v8_2/7b054ed9/hdl/blk_mem_gen_v8_2_vhsyn_rfs.vhd:4793]
WARNING: [Synth 8-312] ignoring unsynthesizable construct: assertion statement [e:/Peripheral_Interface_lab6/MIPSfpga_keyboard/MIPSfpga_axi4.srcs/sources_1/ipshared/xilinx.com/blk_mem_gen_v8_2/7b054ed9/hdl/blk_mem_gen_v8_2_vhsyn_rfs.vhd:4793]
WARNING: [Synth 8-312] ignoring unsynthesizable construct: assertion statement [e:/Peripheral_Interface_lab6/MIPSfpga_keyboard/MIPSfpga_axi4.srcs/sources_1/ipshared/xilinx.com/blk_mem_gen_v8_2/7b054ed9/hdl/blk_mem_gen_v8_2_vhsyn_rfs.vhd:4793]
WARNING: [Synth 8-312] ignoring unsynthesizable construct: assertion statement [e:/Peripheral_Interface_lab6/MIPSfpga_keyboard/MIPSfpga_axi4.srcs/sources_1/ipshared/xilinx.com/blk_mem_gen_v8_2/7b054ed9/hdl/blk_mem_gen_v8_2_vhsyn_rfs.vhd:4793]
WARNING: [Synth 8-312] ignoring unsynthesizable construct: assertion statement [e:/Peripheral_Interface_lab6/MIPSfpga_keyboard/MIPSfpga_axi4.srcs/sources_1/ipshared/xilinx.com/blk_mem_gen_v8_2/7b054ed9/hdl/blk_mem_gen_v8_2_vhsyn_rfs.vhd:4793]
WARNING: [Synth 8-312] ignoring unsynthesizable construct: assertion statement [e:/Peripheral_Interface_lab6/MIPSfpga_keyboard/MIPSfpga_axi4.srcs/sources_1/ipshared/xilinx.com/blk_mem_gen_v8_2/7b054ed9/hdl/blk_mem_gen_v8_2_vhsyn_rfs.vhd:4793]
WARNING: [Synth 8-312] ignoring unsynthesizable construct: assertion statement [e:/Peripheral_Interface_lab6/MIPSfpga_keyboard/MIPSfpga_axi4.srcs/sources_1/ipshared/xilinx.com/blk_mem_gen_v8_2/7b054ed9/hdl/blk_mem_gen_v8_2_vhsyn_rfs.vhd:4793]
WARNING: [Synth 8-312] ignoring unsynthesizable construct: assertion statement [e:/Peripheral_Interface_lab6/MIPSfpga_keyboard/MIPSfpga_axi4.srcs/sources_1/ipshared/xilinx.com/blk_mem_gen_v8_2/7b054ed9/hdl/blk_mem_gen_v8_2_vhsyn_rfs.vhd:4793]
WARNING: [Synth 8-312] ignoring unsynthesizable construct: assertion statement [e:/Peripheral_Interface_lab6/MIPSfpga_keyboard/MIPSfpga_axi4.srcs/sources_1/ipshared/xilinx.com/blk_mem_gen_v8_2/7b054ed9/hdl/blk_mem_gen_v8_2_vhsyn_rfs.vhd:4793]
WARNING: [Synth 8-312] ignoring unsynthesizable construct: assertion statement [e:/Peripheral_Interface_lab6/MIPSfpga_keyboard/MIPSfpga_axi4.srcs/sources_1/ipshared/xilinx.com/blk_mem_gen_v8_2/7b054ed9/hdl/blk_mem_gen_v8_2_vhsyn_rfs.vhd:4793]
WARNING: [Synth 8-312] ignoring unsynthesizable construct: assertion statement [e:/Peripheral_Interface_lab6/MIPSfpga_keyboard/MIPSfpga_axi4.srcs/sources_1/ipshared/xilinx.com/blk_mem_gen_v8_2/7b054ed9/hdl/blk_mem_gen_v8_2_vhsyn_rfs.vhd:4793]
WARNING: [Synth 8-312] ignoring unsynthesizable construct: assertion statement [e:/Peripheral_Interface_lab6/MIPSfpga_keyboard/MIPSfpga_axi4.srcs/sources_1/ipshared/xilinx.com/blk_mem_gen_v8_2/7b054ed9/hdl/blk_mem_gen_v8_2_vhsyn_rfs.vhd:4793]
WARNING: [Synth 8-312] ignoring unsynthesizable construct: assertion statement [e:/Peripheral_Interface_lab6/MIPSfpga_keyboard/MIPSfpga_axi4.srcs/sources_1/ipshared/xilinx.com/blk_mem_gen_v8_2/7b054ed9/hdl/blk_mem_gen_v8_2_vhsyn_rfs.vhd:4793]
WARNING: [Synth 8-312] ignoring unsynthesizable construct: assertion statement [e:/Peripheral_Interface_lab6/MIPSfpga_keyboard/MIPSfpga_axi4.srcs/sources_1/ipshared/xilinx.com/blk_mem_gen_v8_2/7b054ed9/hdl/blk_mem_gen_v8_2_vhsyn_rfs.vhd:4793]
WARNING: [Synth 8-312] ignoring unsynthesizable construct: assertion statement [e:/Peripheral_Interface_lab6/MIPSfpga_keyboard/MIPSfpga_axi4.srcs/sources_1/ipshared/xilinx.com/blk_mem_gen_v8_2/7b054ed9/hdl/blk_mem_gen_v8_2_vhsyn_rfs.vhd:4793]
WARNING: [Synth 8-312] ignoring unsynthesizable construct: assertion statement [e:/Peripheral_Interface_lab6/MIPSfpga_keyboard/MIPSfpga_axi4.srcs/sources_1/ipshared/xilinx.com/blk_mem_gen_v8_2/7b054ed9/hdl/blk_mem_gen_v8_2_vhsyn_rfs.vhd:4793]
WARNING: [Synth 8-312] ignoring unsynthesizable construct: assertion statement [e:/Peripheral_Interface_lab6/MIPSfpga_keyboard/MIPSfpga_axi4.srcs/sources_1/ipshared/xilinx.com/blk_mem_gen_v8_2/7b054ed9/hdl/blk_mem_gen_v8_2_vhsyn_rfs.vhd:4793]
WARNING: [Synth 8-312] ignoring unsynthesizable construct: assertion statement [e:/Peripheral_Interface_lab6/MIPSfpga_keyboard/MIPSfpga_axi4.srcs/sources_1/ipshared/xilinx.com/blk_mem_gen_v8_2/7b054ed9/hdl/blk_mem_gen_v8_2_vhsyn_rfs.vhd:4793]
WARNING: [Synth 8-312] ignoring unsynthesizable construct: assertion statement [e:/Peripheral_Interface_lab6/MIPSfpga_keyboard/MIPSfpga_axi4.srcs/sources_1/ipshared/xilinx.com/blk_mem_gen_v8_2/7b054ed9/hdl/blk_mem_gen_v8_2_vhsyn_rfs.vhd:4793]
WARNING: [Synth 8-312] ignoring unsynthesizable construct: assertion statement [e:/Peripheral_Interface_lab6/MIPSfpga_keyboard/MIPSfpga_axi4.srcs/sources_1/ipshared/xilinx.com/blk_mem_gen_v8_2/7b054ed9/hdl/blk_mem_gen_v8_2_vhsyn_rfs.vhd:4793]
WARNING: [Synth 8-312] ignoring unsynthesizable construct: assertion statement [e:/Peripheral_Interface_lab6/MIPSfpga_keyboard/MIPSfpga_axi4.srcs/sources_1/ipshared/xilinx.com/blk_mem_gen_v8_2/7b054ed9/hdl/blk_mem_gen_v8_2_vhsyn_rfs.vhd:4793]
WARNING: [Synth 8-312] ignoring unsynthesizable construct: assertion statement [e:/Peripheral_Interface_lab6/MIPSfpga_keyboard/MIPSfpga_axi4.srcs/sources_1/ipshared/xilinx.com/blk_mem_gen_v8_2/7b054ed9/hdl/blk_mem_gen_v8_2_vhsyn_rfs.vhd:4793]
WARNING: [Synth 8-312] ignoring unsynthesizable construct: assertion statement [e:/Peripheral_Interface_lab6/MIPSfpga_keyboard/MIPSfpga_axi4.srcs/sources_1/ipshared/xilinx.com/blk_mem_gen_v8_2/7b054ed9/hdl/blk_mem_gen_v8_2_vhsyn_rfs.vhd:4793]
WARNING: [Synth 8-312] ignoring unsynthesizable construct: assertion statement [e:/Peripheral_Interface_lab6/MIPSfpga_keyboard/MIPSfpga_axi4.srcs/sources_1/ipshared/xilinx.com/blk_mem_gen_v8_2/7b054ed9/hdl/blk_mem_gen_v8_2_vhsyn_rfs.vhd:4793]
WARNING: [Synth 8-312] ignoring unsynthesizable construct: assertion statement [e:/Peripheral_Interface_lab6/MIPSfpga_keyboard/MIPSfpga_axi4.srcs/sources_1/ipshared/xilinx.com/blk_mem_gen_v8_2/7b054ed9/hdl/blk_mem_gen_v8_2_vhsyn_rfs.vhd:4793]
WARNING: [Synth 8-312] ignoring unsynthesizable construct: assertion statement [e:/Peripheral_Interface_lab6/MIPSfpga_keyboard/MIPSfpga_axi4.srcs/sources_1/ipshared/xilinx.com/blk_mem_gen_v8_2/7b054ed9/hdl/blk_mem_gen_v8_2_vhsyn_rfs.vhd:4793]
WARNING: [Synth 8-312] ignoring unsynthesizable construct: assertion statement [e:/Peripheral_Interface_lab6/MIPSfpga_keyboard/MIPSfpga_axi4.srcs/sources_1/ipshared/xilinx.com/blk_mem_gen_v8_2/7b054ed9/hdl/blk_mem_gen_v8_2_vhsyn_rfs.vhd:4793]
WARNING: [Synth 8-312] ignoring unsynthesizable construct: assertion statement [e:/Peripheral_Interface_lab6/MIPSfpga_keyboard/MIPSfpga_axi4.srcs/sources_1/ipshared/xilinx.com/blk_mem_gen_v8_2/7b054ed9/hdl/blk_mem_gen_v8_2_vhsyn_rfs.vhd:4793]
WARNING: [Synth 8-312] ignoring unsynthesizable construct: assertion statement [e:/Peripheral_Interface_lab6/MIPSfpga_keyboard/MIPSfpga_axi4.srcs/sources_1/ipshared/xilinx.com/blk_mem_gen_v8_2/7b054ed9/hdl/blk_mem_gen_v8_2_vhsyn_rfs.vhd:4793]
WARNING: [Synth 8-312] ignoring unsynthesizable construct: assertion statement [e:/Peripheral_Interface_lab6/MIPSfpga_keyboard/MIPSfpga_axi4.srcs/sources_1/ipshared/xilinx.com/blk_mem_gen_v8_2/7b054ed9/hdl/blk_mem_gen_v8_2_vhsyn_rfs.vhd:4793]
WARNING: [Synth 8-312] ignoring unsynthesizable construct: assertion statement [e:/Peripheral_Interface_lab6/MIPSfpga_keyboard/MIPSfpga_axi4.srcs/sources_1/ipshared/xilinx.com/blk_mem_gen_v8_2/7b054ed9/hdl/blk_mem_gen_v8_2_vhsyn_rfs.vhd:4793]
WARNING: [Synth 8-312] ignoring unsynthesizable construct: assertion statement [e:/Peripheral_Interface_lab6/MIPSfpga_keyboard/MIPSfpga_axi4.srcs/sources_1/ipshared/xilinx.com/blk_mem_gen_v8_2/7b054ed9/hdl/blk_mem_gen_v8_2_vhsyn_rfs.vhd:4793]
WARNING: [Synth 8-312] ignoring unsynthesizable construct: assertion statement [e:/Peripheral_Interface_lab6/MIPSfpga_keyboard/MIPSfpga_axi4.srcs/sources_1/ipshared/xilinx.com/blk_mem_gen_v8_2/7b054ed9/hdl/blk_mem_gen_v8_2_vhsyn_rfs.vhd:4793]
WARNING: [Synth 8-312] ignoring unsynthesizable construct: assertion statement [e:/Peripheral_Interface_lab6/MIPSfpga_keyboard/MIPSfpga_axi4.srcs/sources_1/ipshared/xilinx.com/blk_mem_gen_v8_2/7b054ed9/hdl/blk_mem_gen_v8_2_vhsyn_rfs.vhd:4793]
