#-----------------------------------------------------------
# Vivado v2015.2 (64-bit)
# SW Build 1266856 on Fri Jun 26 16:35:25 MDT 2015
# IP Build 1264090 on Wed Jun 24 14:22:01 MDT 2015
# Start of session at: Wed Jun 20 19:59:54 2018
# Process ID: 1020
# Log file: E:/Peripheral_Interface_lab/ip_repo/vivado.log
# Journal file: E:/Peripheral_Interface_lab/ip_repo\vivado.jou
#-----------------------------------------------------------
start_gui
open_project E:/Peripheral_Interface_lab/ip_repo/edit_PS2Receiver_v1_0.xpr
CRITICAL WARNING: [Project 1-19] Could not find the file 'E:/Peripheral_Interface_lab/ip_repo/edit_PS2Receiver_v1_0.srcs/sources_1/new/seg_7_Display.v'.
CRITICAL WARNING: [Project 1-19] Could not find the file 'E:/Peripheral_Interface_lab/ip_repo/edit_PS2Receiver_v1_0.srcs/sources_1/new/keyboard_test.v'.
Scanning sources...
Finished scanning sources
WARNING: [Project 1-509] GeneratedRun file for 'synth_1' not found
WARNING: [Project 1-509] GeneratedRun file for 'impl_1' not found
WARNING: [filemgmt 56-3] IP Repository Path: Could not find the directory 'E:/Peripheral_Interface_lab/ip_repo/keyboard_1.0'.
INFO: [IP_Flow 19-234] Refreshing IP repositories
INFO: [IP_Flow 19-1700] Loaded user IP repository 'e:/Peripheral_Interface_lab/ip_repo/PS2Receiver_1.0'.
WARNING: [IP_Flow 19-2248] Failed to load user IP repository 'e:/Peripheral_Interface_lab/ip_repo/keyboard_1.0'; Can't find the specified path.
If this directory should no longer be in your list of user repositories, go to the IP Settings dialog and remove it.
INFO: [IP_Flow 19-2313] Loaded Vivado IP repository 'D:/Xilinx/Vivado/2015.2/data/ip'.
open_project: Time (s): cpu = 00:00:24 ; elapsed = 00:00:13 . Memory (MB): peak = 682.828 ; gain = 52.977
update_files -from_files E:/Peripheral_Interface_lab/ip_repo/PS2Receiver_1.0/src/keyboard_test.v -to_files E:/Peripheral_Interface_lab/ip_repo/edit_PS2Receiver_v1_0.srcs/sources_1/new/keyboard_test.v -filesets [get_filesets *]
INFO: [filemgmt 20-762] Replacing file 'E:/Peripheral_Interface_lab/ip_repo/edit_PS2Receiver_v1_0.srcs/sources_1/new/keyboard_test.v' with file 'E:/Peripheral_Interface_lab/ip_repo/PS2Receiver_1.0/src/keyboard_test.v'.
update_files -from_files E:/Peripheral_Interface_lab/ip_repo/PS2Receiver_1.0/src/seg_7_Display.v -to_files E:/Peripheral_Interface_lab/ip_repo/edit_PS2Receiver_v1_0.srcs/sources_1/new/seg_7_Display.v -filesets [get_filesets *]
INFO: [filemgmt 20-762] Replacing file 'E:/Peripheral_Interface_lab/ip_repo/edit_PS2Receiver_v1_0.srcs/sources_1/new/seg_7_Display.v' with file 'E:/Peripheral_Interface_lab/ip_repo/PS2Receiver_1.0/src/seg_7_Display.v'.
update_files -from_files E:/Peripheral_Interface_lab/ip_repo/PS2Receiver_1.0/src/keyboard_test.v -to_files E:/Peripheral_Interface_lab/ip_repo/PS2Receiver_1.0/src/PS2Receiver.v -filesets [get_filesets *]
INFO: [filemgmt 20-762] Replacing file 'E:/Peripheral_Interface_lab/ip_repo/PS2Receiver_1.0/src/PS2Receiver.v' with file 'E:/Peripheral_Interface_lab/ip_repo/PS2Receiver_1.0/src/keyboard_test.v'.
update_compile_order -fileset sources_1
add_files -norecurse -scan_for_includes {E:/Peripheral_Interface_lab/ip_repo/PS2Receiver_1.0/hdl/PS2Receiver.v E:/Peripheral_Interface_lab/ip_repo/PS2Receiver_1.0/hdl/debouncer.v}
import_files -norecurse {E:/Peripheral_Interface_lab/ip_repo/PS2Receiver_1.0/hdl/PS2Receiver.v E:/Peripheral_Interface_lab/ip_repo/PS2Receiver_1.0/hdl/debouncer.v}
update_compile_order -fileset sources_1
update_files -from_files E:/Peripheral_Interface_lab/ip_repo/PS2Receiver_1.0/hdl/debouncer.v -to_files E:/Peripheral_Interface_lab/ip_repo/PS2Receiver_1.0/src/debouncer.v -filesets [get_filesets *]
INFO: [filemgmt 20-762] Replacing file 'E:/Peripheral_Interface_lab/ip_repo/PS2Receiver_1.0/src/debouncer.v' with file 'E:/Peripheral_Interface_lab/ip_repo/PS2Receiver_1.0/hdl/debouncer.v'.
update_compile_order -fileset sources_1
launch_runs impl_1 -to_step write_bitstream -jobs 3
[Wed Jun 20 20:07:00 2018] Launched synth_1...
Run output will be captured here: E:/Peripheral_Interface_lab/ip_repo/edit_PS2Receiver_v1_0.runs/synth_1/runme.log
[Wed Jun 20 20:07:00 2018] Launched impl_1...
Run output will be captured here: E:/Peripheral_Interface_lab/ip_repo/edit_PS2Receiver_v1_0.runs/impl_1/runme.log
reset_run impl_1 -noclean_dir 
ipx::open_ipxact_file E:/Peripheral_Interface_lab/ip_repo/ps2receiver_1.0/component.xml
set_property core_revision 3 [ipx::current_core]
ipx::create_xgui_files [ipx::current_core]
ipx::update_checksums [ipx::current_core]
ipx::save_core [ipx::current_core]
update_ip_catalog -rebuild -repo_path e:/Peripheral_Interface_lab/ip_repo/PS2Receiver_1.0
INFO: [IP_Flow 19-725] Reloaded user IP repository 'e:/Peripheral_Interface_lab/ip_repo/PS2Receiver_1.0'
exit
INFO: [Common 17-206] Exiting Vivado at Wed Jun 20 20:16:45 2018...
