
*** Running vivado
    with args -log MIPSfpga_system_xlconstant_0_0.vds -m64 -mode batch -messageDb vivado.pb -notrace -source MIPSfpga_system_xlconstant_0_0.tcl

WARNING: Default location for XILINX_VIVADO_HLS not found: 

****** Vivado v2015.2 (64-bit)
  **** SW Build 1266856 on Fri Jun 26 16:35:25 MDT 2015
  **** IP Build 1264090 on Wed Jun 24 14:22:01 MDT 2015
    ** Copyright 1986-2015 Xilinx, Inc. All Rights Reserved.

source MIPSfpga_system_xlconstant_0_0.tcl -notrace
INFO: [IP_Flow 19-234] Refreshing IP repositories
INFO: [IP_Flow 19-1700] Loaded user IP repository 'e:/Peripheral_Interface_lab/ip_repo'.
INFO: [IP_Flow 19-2313] Loaded Vivado IP repository 'D:/Xilinx/Vivado/2015.2/data/ip'.
WARNING: [IP_Flow 19-3664] IP 'MIPSfpga_system_xlconstant_0_0' generated file not found 'e:/Peripheral_Interface_lab/MIPSfpga_keyboard/MIPSfpga_axi4.srcs/sources_1/bd/MIPSfpga_system/ip/MIPSfpga_system_xlconstant_0_0/MIPSfpga_system_xlconstant_0_0.dcp'. Please regenerate to continue.
WARNING: [IP_Flow 19-3664] IP 'MIPSfpga_system_xlconstant_0_0' generated file not found 'e:/Peripheral_Interface_lab/MIPSfpga_keyboard/MIPSfpga_axi4.srcs/sources_1/bd/MIPSfpga_system/ip/MIPSfpga_system_xlconstant_0_0/MIPSfpga_system_xlconstant_0_0_stub.v'. Please regenerate to continue.
WARNING: [IP_Flow 19-3664] IP 'MIPSfpga_system_xlconstant_0_0' generated file not found 'e:/Peripheral_Interface_lab/MIPSfpga_keyboard/MIPSfpga_axi4.srcs/sources_1/bd/MIPSfpga_system/ip/MIPSfpga_system_xlconstant_0_0/MIPSfpga_system_xlconstant_0_0_stub.vhdl'. Please regenerate to continue.
WARNING: [IP_Flow 19-3664] IP 'MIPSfpga_system_xlconstant_0_0' generated file not found 'e:/Peripheral_Interface_lab/MIPSfpga_keyboard/MIPSfpga_axi4.srcs/sources_1/bd/MIPSfpga_system/ip/MIPSfpga_system_xlconstant_0_0/MIPSfpga_system_xlconstant_0_0_funcsim.v'. Please regenerate to continue.
WARNING: [IP_Flow 19-3664] IP 'MIPSfpga_system_xlconstant_0_0' generated file not found 'e:/Peripheral_Interface_lab/MIPSfpga_keyboard/MIPSfpga_axi4.srcs/sources_1/bd/MIPSfpga_system/ip/MIPSfpga_system_xlconstant_0_0/MIPSfpga_system_xlconstant_0_0_funcsim.vhdl'. Please regenerate to continue.
Command: synth_design -top MIPSfpga_system_xlconstant_0_0 -part xc7a100tcsg324-1 -mode out_of_context
Starting synth_design
Attempting to get a license for feature 'Synthesis' and/or device 'xc7a100t'
INFO: [Common 17-349] Got license for feature 'Synthesis' and/or device 'xc7a100t'
---------------------------------------------------------------------------------
Starting Synthesize : Time (s): cpu = 00:00:18 ; elapsed = 00:00:25 . Memory (MB): peak = 248.852 ; gain = 72.813
---------------------------------------------------------------------------------
INFO: [Synth 8-638] synthesizing module 'MIPSfpga_system_xlconstant_0_0' [e:/Peripheral_Interface_lab/MIPSfpga_keyboard/MIPSfpga_axi4.srcs/sources_1/bd/MIPSfpga_system/ip/MIPSfpga_system_xlconstant_0_0/sim/MIPSfpga_system_xlconstant_0_0.v:56]
INFO: [Synth 8-638] synthesizing module 'xlconstant' [e:/Peripheral_Interface_lab/MIPSfpga_keyboard/MIPSfpga_axi4.srcs/sources_1/ipshared/xilinx.com/xlconstant_v1_1/36911fd5/xlconstant.v:23]
	Parameter CONST_VAL bound to: 1'b1 
	Parameter CONST_WIDTH bound to: 1 - type: integer 
INFO: [Synth 8-256] done synthesizing module 'xlconstant' (1#1) [e:/Peripheral_Interface_lab/MIPSfpga_keyboard/MIPSfpga_axi4.srcs/sources_1/ipshared/xilinx.com/xlconstant_v1_1/36911fd5/xlconstant.v:23]
INFO: [Synth 8-256] done synthesizing module 'MIPSfpga_system_xlconstant_0_0' (2#1) [e:/Peripheral_Interface_lab/MIPSfpga_keyboard/MIPSfpga_axi4.srcs/sources_1/bd/MIPSfpga_system/ip/MIPSfpga_system_xlconstant_0_0/sim/MIPSfpga_system_xlconstant_0_0.v:56]
---------------------------------------------------------------------------------
Finished Synthesize : Time (s): cpu = 00:00:20 ; elapsed = 00:00:27 . Memory (MB): peak = 283.039 ; gain = 107.000
---------------------------------------------------------------------------------
---------------------------------------------------------------------------------
Finished Constraint Validation : Time (s): cpu = 00:00:20 ; elapsed = 00:00:28 . Memory (MB): peak = 283.039 ; gain = 107.000
---------------------------------------------------------------------------------
---------------------------------------------------------------------------------
Start Loading Part and Timing Information
---------------------------------------------------------------------------------
Loading part: xc7a100tcsg324-1
---------------------------------------------------------------------------------
Finished Loading Part and Timing Information : Time (s): cpu = 00:00:20 ; elapsed = 00:00:28 . Memory (MB): peak = 283.039 ; gain = 107.000
---------------------------------------------------------------------------------
INFO: [Device 21-403] Loading part xc7a100tcsg324-1
---------------------------------------------------------------------------------
Finished RTL Optimization Phase 2 : Time (s): cpu = 00:00:20 ; elapsed = 00:00:28 . Memory (MB): peak = 283.039 ; gain = 107.000
---------------------------------------------------------------------------------

Report RTL Partitions: 
+-+--------------+------------+----------+
| |RTL Partition |Replication |Instances |
+-+--------------+------------+----------+
+-+--------------+------------+----------+
No constraint files found.
---------------------------------------------------------------------------------
Start RTL Component Statistics 
---------------------------------------------------------------------------------
Detailed RTL Component Info : 
---------------------------------------------------------------------------------
Finished RTL Component Statistics 
---------------------------------------------------------------------------------
---------------------------------------------------------------------------------
Start RTL Hierarchical Component Statistics 
---------------------------------------------------------------------------------
Hierarchical RTL Component report 
---------------------------------------------------------------------------------
Finished RTL Hierarchical Component Statistics
---------------------------------------------------------------------------------
---------------------------------------------------------------------------------
Start Part Resource Summary
---------------------------------------------------------------------------------
Part Resources:
DSPs: 240 (col length:80)
BRAMs: 270 (col length: RAMB18 80 RAMB36 40)
---------------------------------------------------------------------------------
Finished Part Resource Summary
---------------------------------------------------------------------------------
Start Parallel Synthesis Optimization  : Time (s): cpu = 00:00:29 ; elapsed = 00:00:37 . Memory (MB): peak = 415.742 ; gain = 239.703
---------------------------------------------------------------------------------
Start Cross Boundary Optimization
---------------------------------------------------------------------------------
WARNING: [Synth 8-3330] design MIPSfpga_system_xlconstant_0_0 has an empty top module
INFO: [Synth 8-3917] design MIPSfpga_system_xlconstant_0_0 has port dout[0] driven by constant 1
---------------------------------------------------------------------------------
Finished Cross Boundary Optimization : Time (s): cpu = 00:00:29 ; elapsed = 00:00:37 . Memory (MB): peak = 415.742 ; gain = 239.703
---------------------------------------------------------------------------------
Finished Parallel Reinference  : Time (s): cpu = 00:00:29 ; elapsed = 00:00:37 . Memory (MB): peak = 415.742 ; gain = 239.703

Report RTL Partitions: 
+-+--------------+------------+----------+
| |RTL Partition |Replication |Instances |
+-+--------------+------------+----------+
+-+--------------+------------+----------+
No constraint files found.
---------------------------------------------------------------------------------
Start Area Optimization
---------------------------------------------------------------------------------
---------------------------------------------------------------------------------
Finished Area Optimization : Time (s): cpu = 00:00:29 ; elapsed = 00:00:37 . Memory (MB): peak = 415.742 ; gain = 239.703
---------------------------------------------------------------------------------
Finished Parallel Area Optimization  : Time (s): cpu = 00:00:29 ; elapsed = 00:00:37 . Memory (MB): peak = 415.742 ; gain = 239.703

Report RTL Partitions: 
+-+--------------+------------+----------+
| |RTL Partition |Replication |Instances |
+-+--------------+------------+----------+
+-+--------------+------------+----------+
Finished Parallel Synthesis Optimization  : Time (s): cpu = 00:00:29 ; elapsed = 00:00:37 . Memory (MB): peak = 415.742 ; gain = 239.703
---------------------------------------------------------------------------------
Start Timing Optimization
---------------------------------------------------------------------------------
No constraint files found.
---------------------------------------------------------------------------------
Finished Timing Optimization : Time (s): cpu = 00:00:29 ; elapsed = 00:00:37 . Memory (MB): peak = 415.742 ; gain = 239.703
---------------------------------------------------------------------------------

Report RTL Partitions: 
+-+--------------+------------+----------+
| |RTL Partition |Replication |Instances |
+-+--------------+------------+----------+
+-+--------------+------------+----------+
---------------------------------------------------------------------------------
Start Technology Mapping
---------------------------------------------------------------------------------
---------------------------------------------------------------------------------
Finished Technology Mapping : Time (s): cpu = 00:00:29 ; elapsed = 00:00:37 . Memory (MB): peak = 416.977 ; gain = 240.938
---------------------------------------------------------------------------------

Report RTL Partitions: 
+-+--------------+------------+----------+
| |RTL Partition |Replication |Instances |
+-+--------------+------------+----------+
+-+--------------+------------+----------+
---------------------------------------------------------------------------------
Start IO Insertion
---------------------------------------------------------------------------------
---------------------------------------------------------------------------------
Start Final Netlist Cleanup
---------------------------------------------------------------------------------
---------------------------------------------------------------------------------
Finished Final Netlist Cleanup
---------------------------------------------------------------------------------
---------------------------------------------------------------------------------
Finished IO Insertion : Time (s): cpu = 00:00:30 ; elapsed = 00:00:38 . Memory (MB): peak = 416.977 ; gain = 240.938
---------------------------------------------------------------------------------

Report Check Netlist: 
+------+------------------+-------+---------+-------+------------------+
|      |Item              |Errors |Warnings |Status |Description       |
+------+------------------+-------+---------+-------+------------------+
|1     |multi_driven_nets |      0|        0|Passed |Multi driven nets |
+------+------------------+-------+---------+-------+------------------+
---------------------------------------------------------------------------------
Start Renaming Generated Instances
---------------------------------------------------------------------------------
---------------------------------------------------------------------------------
Finished Renaming Generated Instances : Time (s): cpu = 00:00:30 ; elapsed = 00:00:38 . Memory (MB): peak = 416.977 ; gain = 240.938
---------------------------------------------------------------------------------

Report RTL Partitions: 
+-+--------------+------------+----------+
| |RTL Partition |Replication |Instances |
+-+--------------+------------+----------+
+-+--------------+------------+----------+
---------------------------------------------------------------------------------
Start Rebuilding User Hierarchy
---------------------------------------------------------------------------------
---------------------------------------------------------------------------------
Finished Rebuilding User Hierarchy : Time (s): cpu = 00:00:30 ; elapsed = 00:00:38 . Memory (MB): peak = 416.977 ; gain = 240.938
---------------------------------------------------------------------------------
---------------------------------------------------------------------------------
Start Renaming Generated Ports : Time (s): cpu = 00:00:30 ; elapsed = 00:00:38 . Memory (MB): peak = 416.977 ; gain = 240.938
---------------------------------------------------------------------------------
---------------------------------------------------------------------------------
Finished Renaming Generated Ports : Time (s): cpu = 00:00:30 ; elapsed = 00:00:38 . Memory (MB): peak = 416.977 ; gain = 240.938
---------------------------------------------------------------------------------
---------------------------------------------------------------------------------
Start Writing Synthesis Report
---------------------------------------------------------------------------------

Report BlackBoxes: 
+-+--------------+----------+
| |BlackBox name |Instances |
+-+--------------+----------+
+-+--------------+----------+

Report Cell Usage: 
+-+-----+------+
| |Cell |Count |
+-+-----+------+
+-+-----+------+

Report Instance Areas: 
+------+---------+-------+------+
|      |Instance |Module |Cells |
+------+---------+-------+------+
|1     |top      |       |     0|
+------+---------+-------+------+
---------------------------------------------------------------------------------
Finished Writing Synthesis Report : Time (s): cpu = 00:00:30 ; elapsed = 00:00:38 . Memory (MB): peak = 416.977 ; gain = 240.938
---------------------------------------------------------------------------------
Synthesis finished with 0 errors, 0 critical warnings and 1 warnings.
Synthesis Optimization Runtime : Time (s): cpu = 00:00:19 ; elapsed = 00:00:22 . Memory (MB): peak = 416.977 ; gain = 215.137
Synthesis Optimization Complete : Time (s): cpu = 00:00:30 ; elapsed = 00:00:38 . Memory (MB): peak = 416.977 ; gain = 240.938
INFO: [Project 1-571] Translating synthesized netlist
INFO: [Project 1-570] Preparing netlist for logic optimization
INFO: [Opt 31-138] Pushed 0 inverter(s) to 0 load pin(s).
INFO: [Project 1-111] Unisim Transformation Summary:
No Unisim elements were transformed.

INFO: [Common 17-83] Releasing license: Synthesis
15 Infos, 6 Warnings, 0 Critical Warnings and 0 Errors encountered.
synth_design completed successfully
synth_design: Time (s): cpu = 00:00:22 ; elapsed = 00:00:26 . Memory (MB): peak = 483.707 ; gain = 281.867
INFO: [Timing 38-35] Done setting XDC timing constraints.
write_checkpoint: Time (s): cpu = 00:00:58 ; elapsed = 00:01:09 . Memory (MB): peak = 848.172 ; gain = 364.465
report_utilization: Time (s): cpu = 00:00:00 ; elapsed = 00:00:00.300 . Memory (MB): peak = 848.172 ; gain = 0.000
INFO: [Common 17-206] Exiting Vivado at Wed Jun 20 20:21:34 2018...
