INFO: [VRFC 10-163] Analyzing VHDL file "E:/Peripheral_Interface_lab/MIPSfpga_ADT7420/MIPSfpga_axi4.srcs/sources_1/ipshared/xilinx.com/ahblite_axi_bridge_v3_0/4cf076ff/hdl/src/vhdl/ahblite_axi_bridge_pkg.vhd" into library ahblite_axi_bridge_v3_0
INFO: [VRFC 10-163] Analyzing VHDL file "E:/Peripheral_Interface_lab/MIPSfpga_ADT7420/MIPSfpga_axi4.srcs/sources_1/ipshared/xilinx.com/ahblite_axi_bridge_v3_0/4cf076ff/hdl/src/vhdl/counter_f.vhd" into library ahblite_axi_bridge_v3_0
INFO: [VRFC 10-307] analyzing entity counter_f
INFO: [VRFC 10-163] Analyzing VHDL file "E:/Peripheral_Interface_lab/MIPSfpga_ADT7420/MIPSfpga_axi4.srcs/sources_1/ipshared/xilinx.com/ahblite_axi_bridge_v3_0/4cf076ff/hdl/src/vhdl/time_out.vhd" into library ahblite_axi_bridge_v3_0
INFO: [VRFC 10-307] analyzing entity time_out
INFO: [VRFC 10-163] Analyzing VHDL file "E:/Peripheral_Interface_lab/MIPSfpga_ADT7420/MIPSfpga_axi4.srcs/sources_1/ipshared/xilinx.com/ahblite_axi_bridge_v3_0/4cf076ff/hdl/src/vhdl/axi_wchannel.vhd" into library ahblite_axi_bridge_v3_0
INFO: [VRFC 10-307] analyzing entity axi_wchannel
INFO: [VRFC 10-163] Analyzing VHDL file "E:/Peripheral_Interface_lab/MIPSfpga_ADT7420/MIPSfpga_axi4.srcs/sources_1/ipshared/xilinx.com/ahblite_axi_bridge_v3_0/4cf076ff/hdl/src/vhdl/axi_rchannel.vhd" into library ahblite_axi_bridge_v3_0
INFO: [VRFC 10-307] analyzing entity axi_rchannel
INFO: [VRFC 10-163] Analyzing VHDL file "E:/Peripheral_Interface_lab/MIPSfpga_ADT7420/MIPSfpga_axi4.srcs/sources_1/ipshared/xilinx.com/ahblite_axi_bridge_v3_0/4cf076ff/hdl/src/vhdl/ahb_if.vhd" into library ahblite_axi_bridge_v3_0
INFO: [VRFC 10-307] analyzing entity ahb_if
INFO: [VRFC 10-163] Analyzing VHDL file "E:/Peripheral_Interface_lab/MIPSfpga_ADT7420/MIPSfpga_axi4.srcs/sources_1/ipshared/xilinx.com/ahblite_axi_bridge_v3_0/4cf076ff/hdl/src/vhdl/ahb_data_counter.vhd" into library ahblite_axi_bridge_v3_0
INFO: [VRFC 10-307] analyzing entity ahb_data_counter
INFO: [VRFC 10-163] Analyzing VHDL file "E:/Peripheral_Interface_lab/MIPSfpga_ADT7420/MIPSfpga_axi4.srcs/sources_1/ipshared/xilinx.com/ahblite_axi_bridge_v3_0/4cf076ff/hdl/src/vhdl/ahblite_axi_control.vhd" into library ahblite_axi_bridge_v3_0
INFO: [VRFC 10-307] analyzing entity ahblite_axi_control
INFO: [VRFC 10-163] Analyzing VHDL file "E:/Peripheral_Interface_lab/MIPSfpga_ADT7420/MIPSfpga_axi4.srcs/sources_1/ipshared/xilinx.com/ahblite_axi_bridge_v3_0/4cf076ff/hdl/src/vhdl/ahblite_axi_bridge.vhd" into library ahblite_axi_bridge_v3_0
INFO: [VRFC 10-307] analyzing entity ahblite_axi_bridge
INFO: [VRFC 10-163] Analyzing VHDL file "E:/Peripheral_Interface_lab/MIPSfpga_ADT7420/MIPSfpga_axi4.srcs/sources_1/bd/MIPSfpga_system/ip/MIPSfpga_system_ahblite_axi_bridge_0_0/sim/MIPSfpga_system_ahblite_axi_bridge_0_0.vhd" into library xil_defaultlib
INFO: [VRFC 10-307] analyzing entity MIPSfpga_system_ahblite_axi_bridge_0_0
INFO: [VRFC 10-163] Analyzing VHDL file "E:/Peripheral_Interface_lab/MIPSfpga_ADT7420/MIPSfpga_axi4.srcs/sources_1/ipshared/xilinx.com/fifo_generator_v12_0/15467f24/hdl/fifo_generator_v12_0_rfs.vhd" into library fifo_generator_v12_0
INFO: [VRFC 10-307] analyzing entity input_blk
INFO: [VRFC 10-307] analyzing entity output_blk
INFO: [VRFC 10-307] analyzing entity shft_wrapper
INFO: [VRFC 10-307] analyzing entity shft_ram
INFO: [VRFC 10-307] analyzing entity wr_pf_as
INFO: [VRFC 10-307] analyzing entity wr_pf_ss
INFO: [VRFC 10-307] analyzing entity rd_pe_as
INFO: [VRFC 10-307] analyzing entity rd_pe_ss
INFO: [VRFC 10-307] analyzing entity synchronizer_ff
INFO: [VRFC 10-307] analyzing entity delay
INFO: [VRFC 10-307] analyzing entity bin_cntr
INFO: [VRFC 10-307] analyzing entity clk_x_pntrs_builtin
INFO: [VRFC 10-307] analyzing entity logic_builtin
INFO: [VRFC 10-307] analyzing entity builtin_prim
INFO: [VRFC 10-307] analyzing entity builtin_extdepth
INFO: [VRFC 10-307] analyzing entity builtin_top
INFO: [VRFC 10-307] analyzing entity reset_builtin
INFO: [VRFC 10-307] analyzing entity builtin_prim_v6
INFO: [VRFC 10-307] analyzing entity builtin_extdepth_v6
INFO: [VRFC 10-307] analyzing entity builtin_extdepth_low_latency
INFO: [VRFC 10-307] analyzing entity builtin_top_v6
INFO: [VRFC 10-307] analyzing entity fifo_generator_v12_0_builtin
INFO: [VRFC 10-307] analyzing entity bram_sync_reg
INFO: [VRFC 10-307] analyzing entity bram_fifo_rstlogic
INFO: [VRFC 10-307] analyzing entity reset_blk_ramfifo
INFO: [VRFC 10-307] analyzing entity axi_reg_slice
INFO: [VRFC 10-307] analyzing entity fifo_generator_top
INFO: [VRFC 10-307] analyzing entity fifo_generator_v12_0_synth
INFO: [VRFC 10-163] Analyzing VHDL file "E:/Peripheral_Interface_lab/MIPSfpga_ADT7420/MIPSfpga_axi4.srcs/sources_1/ipshared/xilinx.com/axi_lite_ipif_v3_0/876b8fe4/hdl/src/vhdl/ipif_pkg.vhd" into library axi_lite_ipif_v3_0
INFO: [VRFC 10-163] Analyzing VHDL file "E:/Peripheral_Interface_lab/MIPSfpga_ADT7420/MIPSfpga_axi4.srcs/sources_1/ipshared/xilinx.com/axi_lite_ipif_v3_0/876b8fe4/hdl/src/vhdl/pselect_f.vhd" into library axi_lite_ipif_v3_0
INFO: [VRFC 10-307] analyzing entity pselect_f
INFO: [VRFC 10-163] Analyzing VHDL file "E:/Peripheral_Interface_lab/MIPSfpga_ADT7420/MIPSfpga_axi4.srcs/sources_1/ipshared/xilinx.com/axi_lite_ipif_v3_0/876b8fe4/hdl/src/vhdl/address_decoder.vhd" into library axi_lite_ipif_v3_0
INFO: [VRFC 10-307] analyzing entity address_decoder
INFO: [VRFC 10-163] Analyzing VHDL file "E:/Peripheral_Interface_lab/MIPSfpga_ADT7420/MIPSfpga_axi4.srcs/sources_1/ipshared/xilinx.com/axi_lite_ipif_v3_0/876b8fe4/hdl/src/vhdl/slave_attachment.vhd" into library axi_lite_ipif_v3_0
INFO: [VRFC 10-307] analyzing entity slave_attachment
INFO: [VRFC 10-163] Analyzing VHDL file "E:/Peripheral_Interface_lab/MIPSfpga_ADT7420/MIPSfpga_axi4.srcs/sources_1/ipshared/xilinx.com/axi_lite_ipif_v3_0/876b8fe4/hdl/src/vhdl/axi_lite_ipif.vhd" into library axi_lite_ipif_v3_0
INFO: [VRFC 10-307] analyzing entity axi_lite_ipif
INFO: [VRFC 10-163] Analyzing VHDL file "E:/Peripheral_Interface_lab/MIPSfpga_ADT7420/MIPSfpga_axi4.srcs/sources_1/ipshared/xilinx.com/lib_cdc_v1_0/ea79928f/hdl/src/vhdl/cdc_sync.vhd" into library lib_cdc_v1_0
INFO: [VRFC 10-307] analyzing entity cdc_sync
INFO: [VRFC 10-163] Analyzing VHDL file "E:/Peripheral_Interface_lab/MIPSfpga_ADT7420/MIPSfpga_axi4.srcs/sources_1/ipshared/xilinx.com/interrupt_control_v3_1/dd9a9dbd/hdl/src/vhdl/interrupt_control.vhd" into library interrupt_control_v3_1
INFO: [VRFC 10-307] analyzing entity interrupt_control
INFO: [VRFC 10-163] Analyzing VHDL file "E:/Peripheral_Interface_lab/MIPSfpga_ADT7420/MIPSfpga_axi4.srcs/sources_1/ipshared/xilinx.com/axi_gpio_v2_0/e416c384/hdl/src/vhdl/gpio_core.vhd" into library axi_gpio_v2_0
INFO: [VRFC 10-307] analyzing entity GPIO_Core
INFO: [VRFC 10-163] Analyzing VHDL file "E:/Peripheral_Interface_lab/MIPSfpga_ADT7420/MIPSfpga_axi4.srcs/sources_1/ipshared/xilinx.com/axi_gpio_v2_0/e416c384/hdl/src/vhdl/axi_gpio.vhd" into library axi_gpio_v2_0
INFO: [VRFC 10-307] analyzing entity axi_gpio
INFO: [VRFC 10-163] Analyzing VHDL file "E:/Peripheral_Interface_lab/MIPSfpga_ADT7420/MIPSfpga_axi4.srcs/sources_1/bd/MIPSfpga_system/ip/MIPSfpga_system_axi_gpio_0_0/sim/MIPSfpga_system_axi_gpio_0_0.vhd" into library xil_defaultlib
INFO: [VRFC 10-307] analyzing entity MIPSfpga_system_axi_gpio_0_0
INFO: [VRFC 10-163] Analyzing VHDL file "E:/Peripheral_Interface_lab/MIPSfpga_ADT7420/MIPSfpga_axi4.srcs/sources_1/ipshared/xilinx.com/axi_bram_ctrl_v4_0/3dec2f5b/hdl/vhdl/srl_fifo.vhd" into library axi_bram_ctrl_v4_0
INFO: [VRFC 10-307] analyzing entity SRL_FIFO
INFO: [VRFC 10-163] Analyzing VHDL file "E:/Peripheral_Interface_lab/MIPSfpga_ADT7420/MIPSfpga_axi4.srcs/sources_1/ipshared/xilinx.com/axi_bram_ctrl_v4_0/3dec2f5b/hdl/vhdl/axi_bram_ctrl_funcs.vhd" into library axi_bram_ctrl_v4_0
INFO: [VRFC 10-163] Analyzing VHDL file "E:/Peripheral_Interface_lab/MIPSfpga_ADT7420/MIPSfpga_axi4.srcs/sources_1/ipshared/xilinx.com/axi_bram_ctrl_v4_0/3dec2f5b/hdl/vhdl/coregen_comp_defs.vhd" into library axi_bram_ctrl_v4_0
INFO: [VRFC 10-163] Analyzing VHDL file "E:/Peripheral_Interface_lab/MIPSfpga_ADT7420/MIPSfpga_axi4.srcs/sources_1/ipshared/xilinx.com/axi_bram_ctrl_v4_0/3dec2f5b/hdl/vhdl/axi_lite_if.vhd" into library axi_bram_ctrl_v4_0
INFO: [VRFC 10-307] analyzing entity axi_lite_if
INFO: [VRFC 10-163] Analyzing VHDL file "E:/Peripheral_Interface_lab/MIPSfpga_ADT7420/MIPSfpga_axi4.srcs/sources_1/ipshared/xilinx.com/axi_bram_ctrl_v4_0/3dec2f5b/hdl/vhdl/checkbit_handler_64.vhd" into library axi_bram_ctrl_v4_0
INFO: [VRFC 10-307] analyzing entity checkbit_handler_64
INFO: [VRFC 10-163] Analyzing VHDL file "E:/Peripheral_Interface_lab/MIPSfpga_ADT7420/MIPSfpga_axi4.srcs/sources_1/ipshared/xilinx.com/axi_bram_ctrl_v4_0/3dec2f5b/hdl/vhdl/checkbit_handler.vhd" into library axi_bram_ctrl_v4_0
INFO: [VRFC 10-307] analyzing entity checkbit_handler
INFO: [VRFC 10-163] Analyzing VHDL file "E:/Peripheral_Interface_lab/MIPSfpga_ADT7420/MIPSfpga_axi4.srcs/sources_1/ipshared/xilinx.com/axi_bram_ctrl_v4_0/3dec2f5b/hdl/vhdl/correct_one_bit_64.vhd" into library axi_bram_ctrl_v4_0
INFO: [VRFC 10-307] analyzing entity Correct_One_Bit_64
INFO: [VRFC 10-163] Analyzing VHDL file "E:/Peripheral_Interface_lab/MIPSfpga_ADT7420/MIPSfpga_axi4.srcs/sources_1/ipshared/xilinx.com/axi_bram_ctrl_v4_0/3dec2f5b/hdl/vhdl/correct_one_bit.vhd" into library axi_bram_ctrl_v4_0
INFO: [VRFC 10-307] analyzing entity Correct_One_Bit
INFO: [VRFC 10-163] Analyzing VHDL file "E:/Peripheral_Interface_lab/MIPSfpga_ADT7420/MIPSfpga_axi4.srcs/sources_1/ipshared/xilinx.com/axi_bram_ctrl_v4_0/3dec2f5b/hdl/vhdl/xor18.vhd" into library axi_bram_ctrl_v4_0
INFO: [VRFC 10-307] analyzing entity XOR18
INFO: [VRFC 10-163] Analyzing VHDL file "E:/Peripheral_Interface_lab/MIPSfpga_ADT7420/MIPSfpga_axi4.srcs/sources_1/ipshared/xilinx.com/axi_bram_ctrl_v4_0/3dec2f5b/hdl/vhdl/parity.vhd" into library axi_bram_ctrl_v4_0
INFO: [VRFC 10-307] analyzing entity Parity
INFO: [VRFC 10-163] Analyzing VHDL file "E:/Peripheral_Interface_lab/MIPSfpga_ADT7420/MIPSfpga_axi4.srcs/sources_1/ipshared/xilinx.com/axi_bram_ctrl_v4_0/3dec2f5b/hdl/vhdl/ecc_gen.vhd" into library axi_bram_ctrl_v4_0
INFO: [VRFC 10-307] analyzing entity ecc_gen
INFO: [VRFC 10-163] Analyzing VHDL file "E:/Peripheral_Interface_lab/MIPSfpga_ADT7420/MIPSfpga_axi4.srcs/sources_1/ipshared/xilinx.com/axi_bram_ctrl_v4_0/3dec2f5b/hdl/vhdl/lite_ecc_reg.vhd" into library axi_bram_ctrl_v4_0
INFO: [VRFC 10-307] analyzing entity lite_ecc_reg
INFO: [VRFC 10-163] Analyzing VHDL file "E:/Peripheral_Interface_lab/MIPSfpga_ADT7420/MIPSfpga_axi4.srcs/sources_1/ipshared/xilinx.com/axi_bram_ctrl_v4_0/3dec2f5b/hdl/vhdl/axi_lite.vhd" into library axi_bram_ctrl_v4_0
INFO: [VRFC 10-307] analyzing entity axi_lite
INFO: [VRFC 10-163] Analyzing VHDL file "E:/Peripheral_Interface_lab/MIPSfpga_ADT7420/MIPSfpga_axi4.srcs/sources_1/ipshared/xilinx.com/axi_bram_ctrl_v4_0/3dec2f5b/hdl/vhdl/sng_port_arb.vhd" into library axi_bram_ctrl_v4_0
INFO: [VRFC 10-307] analyzing entity sng_port_arb
INFO: [VRFC 10-163] Analyzing VHDL file "E:/Peripheral_Interface_lab/MIPSfpga_ADT7420/MIPSfpga_axi4.srcs/sources_1/ipshared/xilinx.com/axi_bram_ctrl_v4_0/3dec2f5b/hdl/vhdl/ua_narrow.vhd" into library axi_bram_ctrl_v4_0
INFO: [VRFC 10-307] analyzing entity ua_narrow
INFO: [VRFC 10-163] Analyzing VHDL file "E:/Peripheral_Interface_lab/MIPSfpga_ADT7420/MIPSfpga_axi4.srcs/sources_1/ipshared/xilinx.com/axi_bram_ctrl_v4_0/3dec2f5b/hdl/vhdl/wrap_brst.vhd" into library axi_bram_ctrl_v4_0
INFO: [VRFC 10-307] analyzing entity wrap_brst
INFO: [VRFC 10-163] Analyzing VHDL file "E:/Peripheral_Interface_lab/MIPSfpga_ADT7420/MIPSfpga_axi4.srcs/sources_1/ipshared/xilinx.com/axi_bram_ctrl_v4_0/3dec2f5b/hdl/vhdl/rd_chnl.vhd" into library axi_bram_ctrl_v4_0
INFO: [VRFC 10-307] analyzing entity rd_chnl
INFO: [VRFC 10-163] Analyzing VHDL file "E:/Peripheral_Interface_lab/MIPSfpga_ADT7420/MIPSfpga_axi4.srcs/sources_1/ipshared/xilinx.com/axi_bram_ctrl_v4_0/3dec2f5b/hdl/vhdl/wr_chnl.vhd" into library axi_bram_ctrl_v4_0
INFO: [VRFC 10-307] analyzing entity wr_chnl
INFO: [VRFC 10-163] Analyzing VHDL file "E:/Peripheral_Interface_lab/MIPSfpga_ADT7420/MIPSfpga_axi4.srcs/sources_1/ipshared/xilinx.com/axi_bram_ctrl_v4_0/3dec2f5b/hdl/vhdl/full_axi.vhd" into library axi_bram_ctrl_v4_0
INFO: [VRFC 10-307] analyzing entity full_axi
INFO: [VRFC 10-163] Analyzing VHDL file "E:/Peripheral_Interface_lab/MIPSfpga_ADT7420/MIPSfpga_axi4.srcs/sources_1/ipshared/xilinx.com/axi_bram_ctrl_v4_0/3dec2f5b/hdl/vhdl/axi_bram_ctrl_top.vhd" into library axi_bram_ctrl_v4_0
INFO: [VRFC 10-307] analyzing entity axi_bram_ctrl_top
INFO: [VRFC 10-163] Analyzing VHDL file "E:/Peripheral_Interface_lab/MIPSfpga_ADT7420/MIPSfpga_axi4.srcs/sources_1/ipshared/xilinx.com/axi_bram_ctrl_v4_0/3dec2f5b/hdl/vhdl/axi_bram_ctrl.vhd" into library axi_bram_ctrl_v4_0
INFO: [VRFC 10-307] analyzing entity axi_bram_ctrl
INFO: [VRFC 10-163] Analyzing VHDL file "E:/Peripheral_Interface_lab/MIPSfpga_ADT7420/MIPSfpga_axi4.srcs/sources_1/bd/MIPSfpga_system/ip/MIPSfpga_system_axi_bram_ctrl_0_0/sim/MIPSfpga_system_axi_bram_ctrl_0_0.vhd" into library xil_defaultlib
INFO: [VRFC 10-307] analyzing entity MIPSfpga_system_axi_bram_ctrl_0_0
INFO: [VRFC 10-163] Analyzing VHDL file "E:/Peripheral_Interface_lab/MIPSfpga_ADT7420/MIPSfpga_axi4.srcs/sources_1/ipshared/xilinx.com/util_ds_buf_v2_1/53fd56ac/hdl/vhdl/util_ds_buf.vhd" into library util_ds_buf_v2_01_a
INFO: [VRFC 10-307] analyzing entity util_ds_buf
INFO: [VRFC 10-163] Analyzing VHDL file "E:/Peripheral_Interface_lab/MIPSfpga_ADT7420/MIPSfpga_axi4.srcs/sources_1/bd/MIPSfpga_system/ip/MIPSfpga_system_util_ds_buf_0_0/sim/MIPSfpga_system_util_ds_buf_0_0.vhd" into library xil_defaultlib
INFO: [VRFC 10-307] analyzing entity MIPSfpga_system_util_ds_buf_0_0
INFO: [VRFC 10-163] Analyzing VHDL file "E:/Peripheral_Interface_lab/MIPSfpga_ADT7420/MIPSfpga_axi4.srcs/sources_1/ipshared/xilinx.com/util_vector_logic_v2_0/5ac42227/hdl/util_vector_logic.vhd" into library util_vector_logic_v2_0
INFO: [VRFC 10-307] analyzing entity util_vector_logic
INFO: [VRFC 10-163] Analyzing VHDL file "E:/Peripheral_Interface_lab/MIPSfpga_ADT7420/MIPSfpga_axi4.srcs/sources_1/bd/MIPSfpga_system/ip/MIPSfpga_system_util_vector_logic_0_0/sim/MIPSfpga_system_util_vector_logic_0_0.vhd" into library xil_defaultlib
INFO: [VRFC 10-307] analyzing entity MIPSfpga_system_util_vector_logic_0_0
INFO: [VRFC 10-163] Analyzing VHDL file "E:/Peripheral_Interface_lab/MIPSfpga_ADT7420/MIPSfpga_axi4.srcs/sources_1/bd/MIPSfpga_system/ip/MIPSfpga_system_util_vector_logic_1_0/sim/MIPSfpga_system_util_vector_logic_1_0.vhd" into library xil_defaultlib
INFO: [VRFC 10-307] analyzing entity MIPSfpga_system_util_vector_logic_1_0
INFO: [VRFC 10-163] Analyzing VHDL file "E:/Peripheral_Interface_lab/MIPSfpga_ADT7420/MIPSfpga_axi4.srcs/sources_1/ipshared/xilinx.com/lib_pkg_v1_0/22b9c58c/hdl/src/vhdl/lib_pkg.vhd" into library lib_pkg_v1_0
INFO: [VRFC 10-163] Analyzing VHDL file "E:/Peripheral_Interface_lab/MIPSfpga_ADT7420/MIPSfpga_axi4.srcs/sources_1/ipshared/xilinx.com/lib_srl_fifo_v1_0/c6efbe92/hdl/src/vhdl/cntr_incr_decr_addn_f.vhd" into library lib_srl_fifo_v1_0
INFO: [VRFC 10-307] analyzing entity cntr_incr_decr_addn_f
INFO: [VRFC 10-163] Analyzing VHDL file "E:/Peripheral_Interface_lab/MIPSfpga_ADT7420/MIPSfpga_axi4.srcs/sources_1/ipshared/xilinx.com/lib_srl_fifo_v1_0/c6efbe92/hdl/src/vhdl/dynshreg_f.vhd" into library lib_srl_fifo_v1_0
INFO: [VRFC 10-307] analyzing entity dynshreg_f
INFO: [VRFC 10-163] Analyzing VHDL file "E:/Peripheral_Interface_lab/MIPSfpga_ADT7420/MIPSfpga_axi4.srcs/sources_1/ipshared/xilinx.com/lib_srl_fifo_v1_0/c6efbe92/hdl/src/vhdl/srl_fifo_rbu_f.vhd" into library lib_srl_fifo_v1_0
INFO: [VRFC 10-307] analyzing entity srl_fifo_rbu_f
INFO: [VRFC 10-163] Analyzing VHDL file "E:/Peripheral_Interface_lab/MIPSfpga_ADT7420/MIPSfpga_axi4.srcs/sources_1/ipshared/xilinx.com/lib_srl_fifo_v1_0/c6efbe92/hdl/src/vhdl/srl_fifo_f.vhd" into library lib_srl_fifo_v1_0
INFO: [VRFC 10-307] analyzing entity srl_fifo_f
INFO: [VRFC 10-163] Analyzing VHDL file "E:/Peripheral_Interface_lab/MIPSfpga_ADT7420/MIPSfpga_axi4.srcs/sources_1/ipshared/xilinx.com/axi_uart16550_v2_0/90d88d05/hdl/src/vhdl/rx_fifo_control.vhd" into library axi_uart16550_v2_0
INFO: [VRFC 10-307] analyzing entity rx_fifo_control
INFO: [VRFC 10-163] Analyzing VHDL file "E:/Peripheral_Interface_lab/MIPSfpga_ADT7420/MIPSfpga_axi4.srcs/sources_1/ipshared/xilinx.com/axi_uart16550_v2_0/90d88d05/hdl/src/vhdl/xuart_tx_load_sm.vhd" into library axi_uart16550_v2_0
INFO: [VRFC 10-307] analyzing entity xuart_tx_load_sm
INFO: [VRFC 10-163] Analyzing VHDL file "E:/Peripheral_Interface_lab/MIPSfpga_ADT7420/MIPSfpga_axi4.srcs/sources_1/ipshared/xilinx.com/axi_uart16550_v2_0/90d88d05/hdl/src/vhdl/tx_fifo_block.vhd" into library axi_uart16550_v2_0
INFO: [VRFC 10-307] analyzing entity tx_fifo_block
INFO: [VRFC 10-163] Analyzing VHDL file "E:/Peripheral_Interface_lab/MIPSfpga_ADT7420/MIPSfpga_axi4.srcs/sources_1/ipshared/xilinx.com/axi_uart16550_v2_0/90d88d05/hdl/src/vhdl/tx16550.vhd" into library axi_uart16550_v2_0
INFO: [VRFC 10-307] analyzing entity tx16550
INFO: [VRFC 10-163] Analyzing VHDL file "E:/Peripheral_Interface_lab/MIPSfpga_ADT7420/MIPSfpga_axi4.srcs/sources_1/ipshared/xilinx.com/axi_uart16550_v2_0/90d88d05/hdl/src/vhdl/rx_fifo_block.vhd" into library axi_uart16550_v2_0
INFO: [VRFC 10-307] analyzing entity rx_fifo_block
INFO: [VRFC 10-163] Analyzing VHDL file "E:/Peripheral_Interface_lab/MIPSfpga_ADT7420/MIPSfpga_axi4.srcs/sources_1/ipshared/xilinx.com/axi_uart16550_v2_0/90d88d05/hdl/src/vhdl/rx16550.vhd" into library axi_uart16550_v2_0
INFO: [VRFC 10-307] analyzing entity rx16550
INFO: [VRFC 10-163] Analyzing VHDL file "E:/Peripheral_Interface_lab/MIPSfpga_ADT7420/MIPSfpga_axi4.srcs/sources_1/ipshared/xilinx.com/axi_uart16550_v2_0/90d88d05/hdl/src/vhdl/uart16550.vhd" into library axi_uart16550_v2_0
INFO: [VRFC 10-307] analyzing entity uart16550
INFO: [VRFC 10-163] Analyzing VHDL file "E:/Peripheral_Interface_lab/MIPSfpga_ADT7420/MIPSfpga_axi4.srcs/sources_1/ipshared/xilinx.com/axi_uart16550_v2_0/90d88d05/hdl/src/vhdl/ipic_if.vhd" into library axi_uart16550_v2_0
INFO: [VRFC 10-307] analyzing entity ipic_if
INFO: [VRFC 10-163] Analyzing VHDL file "E:/Peripheral_Interface_lab/MIPSfpga_ADT7420/MIPSfpga_axi4.srcs/sources_1/ipshared/xilinx.com/axi_uart16550_v2_0/90d88d05/hdl/src/vhdl/xuart.vhd" into library axi_uart16550_v2_0
INFO: [VRFC 10-307] analyzing entity xuart
INFO: [VRFC 10-163] Analyzing VHDL file "E:/Peripheral_Interface_lab/MIPSfpga_ADT7420/MIPSfpga_axi4.srcs/sources_1/ipshared/xilinx.com/axi_uart16550_v2_0/90d88d05/hdl/src/vhdl/axi_uart16550.vhd" into library axi_uart16550_v2_0
INFO: [VRFC 10-307] analyzing entity axi_uart16550
INFO: [VRFC 10-163] Analyzing VHDL file "E:/Peripheral_Interface_lab/MIPSfpga_ADT7420/MIPSfpga_axi4.srcs/sources_1/bd/MIPSfpga_system/ip/MIPSfpga_system_axi_uart16550_0_0/sim/MIPSfpga_system_axi_uart16550_0_0.vhd" into library xil_defaultlib
INFO: [VRFC 10-307] analyzing entity MIPSfpga_system_axi_uart16550_0_0
INFO: [VRFC 10-163] Analyzing VHDL file "E:/Peripheral_Interface_lab/MIPSfpga_ADT7420/MIPSfpga_axi4.srcs/sources_1/bd/MIPSfpga_system/ip/MIPSfpga_system_axi_bram_ctrl_1_0/sim/MIPSfpga_system_axi_bram_ctrl_1_0.vhd" into library xil_defaultlib
INFO: [VRFC 10-307] analyzing entity MIPSfpga_system_axi_bram_ctrl_1_0
INFO: [VRFC 10-163] Analyzing VHDL file "E:/Peripheral_Interface_lab/MIPSfpga_ADT7420/MIPSfpga_axi4.srcs/sources_1/ipshared/xilinx.com/axi_iic_v2_0/23cdddee/hdl/src/vhdl/soft_reset.vhd" into library axi_iic_v2_0
INFO: [VRFC 10-307] analyzing entity soft_reset
INFO: [VRFC 10-163] Analyzing VHDL file "E:/Peripheral_Interface_lab/MIPSfpga_ADT7420/MIPSfpga_axi4.srcs/sources_1/ipshared/xilinx.com/axi_iic_v2_0/23cdddee/hdl/src/vhdl/srl_fifo.vhd" into library axi_iic_v2_0
INFO: [VRFC 10-307] analyzing entity SRL_FIFO
INFO: [VRFC 10-163] Analyzing VHDL file "E:/Peripheral_Interface_lab/MIPSfpga_ADT7420/MIPSfpga_axi4.srcs/sources_1/ipshared/xilinx.com/axi_iic_v2_0/23cdddee/hdl/src/vhdl/upcnt_n.vhd" into library axi_iic_v2_0
INFO: [VRFC 10-307] analyzing entity upcnt_n
INFO: [VRFC 10-163] Analyzing VHDL file "E:/Peripheral_Interface_lab/MIPSfpga_ADT7420/MIPSfpga_axi4.srcs/sources_1/ipshared/xilinx.com/axi_iic_v2_0/23cdddee/hdl/src/vhdl/shift8.vhd" into library axi_iic_v2_0
INFO: [VRFC 10-307] analyzing entity shift8
INFO: [VRFC 10-163] Analyzing VHDL file "E:/Peripheral_Interface_lab/MIPSfpga_ADT7420/MIPSfpga_axi4.srcs/sources_1/ipshared/xilinx.com/axi_iic_v2_0/23cdddee/hdl/src/vhdl/iic_pkg.vhd" into library axi_iic_v2_0
INFO: [VRFC 10-163] Analyzing VHDL file "E:/Peripheral_Interface_lab/MIPSfpga_ADT7420/MIPSfpga_axi4.srcs/sources_1/ipshared/xilinx.com/axi_iic_v2_0/23cdddee/hdl/src/vhdl/debounce.vhd" into library axi_iic_v2_0
INFO: [VRFC 10-307] analyzing entity debounce
INFO: [VRFC 10-163] Analyzing VHDL file "E:/Peripheral_Interface_lab/MIPSfpga_ADT7420/MIPSfpga_axi4.srcs/sources_1/ipshared/xilinx.com/axi_iic_v2_0/23cdddee/hdl/src/vhdl/reg_interface.vhd" into library axi_iic_v2_0
INFO: [VRFC 10-307] analyzing entity reg_interface
INFO: [VRFC 10-163] Analyzing VHDL file "E:/Peripheral_Interface_lab/MIPSfpga_ADT7420/MIPSfpga_axi4.srcs/sources_1/ipshared/xilinx.com/axi_iic_v2_0/23cdddee/hdl/src/vhdl/iic_control.vhd" into library axi_iic_v2_0
INFO: [VRFC 10-307] analyzing entity iic_control
INFO: [VRFC 10-163] Analyzing VHDL file "E:/Peripheral_Interface_lab/MIPSfpga_ADT7420/MIPSfpga_axi4.srcs/sources_1/ipshared/xilinx.com/axi_iic_v2_0/23cdddee/hdl/src/vhdl/filter.vhd" into library axi_iic_v2_0
INFO: [VRFC 10-307] analyzing entity filter
INFO: [VRFC 10-163] Analyzing VHDL file "E:/Peripheral_Interface_lab/MIPSfpga_ADT7420/MIPSfpga_axi4.srcs/sources_1/ipshared/xilinx.com/axi_iic_v2_0/23cdddee/hdl/src/vhdl/dynamic_master.vhd" into library axi_iic_v2_0
INFO: [VRFC 10-307] analyzing entity dynamic_master
INFO: [VRFC 10-163] Analyzing VHDL file "E:/Peripheral_Interface_lab/MIPSfpga_ADT7420/MIPSfpga_axi4.srcs/sources_1/ipshared/xilinx.com/axi_iic_v2_0/23cdddee/hdl/src/vhdl/axi_ipif_ssp1.vhd" into library axi_iic_v2_0
INFO: [VRFC 10-307] analyzing entity axi_ipif_ssp1
INFO: [VRFC 10-163] Analyzing VHDL file "E:/Peripheral_Interface_lab/MIPSfpga_ADT7420/MIPSfpga_axi4.srcs/sources_1/ipshared/xilinx.com/axi_iic_v2_0/23cdddee/hdl/src/vhdl/iic.vhd" into library axi_iic_v2_0
INFO: [VRFC 10-307] analyzing entity iic
INFO: [VRFC 10-163] Analyzing VHDL file "E:/Peripheral_Interface_lab/MIPSfpga_ADT7420/MIPSfpga_axi4.srcs/sources_1/ipshared/xilinx.com/axi_iic_v2_0/23cdddee/hdl/src/vhdl/axi_iic.vhd" into library axi_iic_v2_0
INFO: [VRFC 10-307] analyzing entity axi_iic
INFO: [VRFC 10-163] Analyzing VHDL file "E:/Peripheral_Interface_lab/MIPSfpga_ADT7420/MIPSfpga_axi4.srcs/sources_1/bd/MIPSfpga_system/ip/MIPSfpga_system_axi_iic_0_0/sim/MIPSfpga_system_axi_iic_0_0.vhd" into library xil_defaultlib
INFO: [VRFC 10-307] analyzing entity MIPSfpga_system_axi_iic_0_0
INFO: [VRFC 10-163] Analyzing VHDL file "E:/Peripheral_Interface_lab/MIPSfpga_ADT7420/MIPSfpga_axi4.srcs/sources_1/ipshared/xilinx.com/v_tc_v6_1/42dd9216/hdl/v_tc_v6_1_vh_rfs.vhd" into library v_tc_v6_1
INFO: [VRFC 10-307] analyzing entity axi4s_control
INFO: [VRFC 10-307] analyzing entity tc_generator
INFO: [VRFC 10-307] analyzing entity tc_detector
INFO: [VRFC 10-307] analyzing entity video_clock_cross
INFO: [VRFC 10-307] analyzing entity hwt
INFO: [VRFC 10-307] analyzing entity TimeoutTest
INFO: [VRFC 10-307] analyzing entity mux_tree
INFO: [VRFC 10-307] analyzing entity video_ctrl
INFO: [VRFC 10-307] analyzing entity debug
INFO: [VRFC 10-307] analyzing entity tc_top
INFO: [VRFC 10-307] analyzing entity v_tc
INFO: [VRFC 10-163] Analyzing VHDL file "E:/Peripheral_Interface_lab/MIPSfpga_ADT7420/MIPSfpga_axi4.srcs/sources_1/bd/MIPSfpga_system/ip/MIPSfpga_system_v_tc_0_0/sim/MIPSfpga_system_v_tc_0_0.vhd" into library xil_defaultlib
INFO: [VRFC 10-307] analyzing entity MIPSfpga_system_v_tc_0_0
INFO: [VRFC 10-163] Analyzing VHDL file "E:/Peripheral_Interface_lab/MIPSfpga_ADT7420/MIPSfpga_axi4.srcs/sources_1/ipshared/xilinx.com/v_tpg_v6_0/89ea72aa/hdl/v_tpg_v6_0_vh_rfs.vhd" into library v_tpg_v6_0
INFO: [VRFC 10-307] analyzing entity DELAY
INFO: [VRFC 10-307] analyzing entity delay_sclr
INFO: [VRFC 10-307] analyzing entity radd_sub_sclr_no
INFO: [VRFC 10-307] analyzing entity get_round_addend
INFO: [VRFC 10-307] analyzing entity mac
INFO: [VRFC 10-307] analyzing entity dpram
INFO: [VRFC 10-307] analyzing entity reciprocal
INFO: [VRFC 10-307] analyzing entity dp_ram
INFO: [VRFC 10-307] analyzing entity synch_fifo
INFO: [VRFC 10-307] analyzing entity synch_fifo_fallthru
INFO: [VRFC 10-307] analyzing entity zplate
INFO: [VRFC 10-307] analyzing entity prng
INFO: [VRFC 10-307] analyzing entity awgn_cos
INFO: [VRFC 10-307] analyzing entity awgn_ln
INFO: [VRFC 10-307] analyzing entity axis_input_buffer
INFO: [VRFC 10-307] analyzing entity axis_output_buffer
INFO: [VRFC 10-307] analyzing entity axi4s_control_local
INFO: [VRFC 10-307] analyzing entity tpg_core
INFO: [VRFC 10-307] analyzing entity tpg_top
INFO: [VRFC 10-307] analyzing entity v_tpg
INFO: [VRFC 10-163] Analyzing VHDL file "E:/Peripheral_Interface_lab/MIPSfpga_ADT7420/MIPSfpga_axi4.srcs/sources_1/bd/MIPSfpga_system/ip/MIPSfpga_system_v_tpg_0_0/sim/MIPSfpga_system_v_tpg_0_0.vhd" into library xil_defaultlib
INFO: [VRFC 10-307] analyzing entity MIPSfpga_system_v_tpg_0_0
